[0.049s] Invoking command in '/home/konyun/hclidar_ros2_driver/build/hclidar_driver_ros2': CMAKE_PREFIX_PATH=${CMAKE_PREFIX_PATH}:/opt/ros/foxy /usr/bin/cmake --build /home/konyun/hclidar_ros2_driver/build/hclidar_driver_ros2 -- -j4 -l4
[0.184s] [ 77%] Built target lidar
[0.214s] [35m[1mScanning dependencies of target hclidar_driver_ros2_node[0m
[0.308s] [ 88%] [32mBuilding CXX object CMakeFiles/hclidar_driver_ros2_node.dir/src/hclidar_driver_ros2_node.cpp.o[0m
[3.175s] In file included from [01m[K/home/konyun/hclidar_ros2_driver/src/hclidar_driver_ros2_node.cpp:34[m[K:
[3.176s] [01m[K/home/konyun/hclidar_ros2_driver/src/base/HcSDK.h:82:2:[m[K [01;35m[Kwarning: [m[Kextra ‘[01m[K;[m[K’ [[01;35m[K-Wpedantic[m[K]
[3.177s]    82 | }[01;35m[K;[m[K
[3.177s]       |  [01;35m[K^[m[K
[3.178s] [01m[K/home/konyun/hclidar_ros2_driver/src/hclidar_driver_ros2_node.cpp:[m[K In function ‘[01m[Kvoid sdkCallBackFunErrorCode(int)[m[K’:
[3.178s] [01m[K/home/konyun/hclidar_ros2_driver/src/hclidar_driver_ros2_node.cpp:46:9:[m[K [01;35m[Kwarning: [m[Kformat not a string literal and no format arguments [[01;35m[K-Wformat-security[m[K]
[3.178s]    46 |  printf([01;35m[Kbuff[m[K);
[3.179s]       |         [01;35m[K^~~~[m[K
[3.180s] [01m[K/home/konyun/hclidar_ros2_driver/src/hclidar_driver_ros2_node.cpp:[m[K In function ‘[01m[Kvoid sdkCallBackFunSecondInfo(tsSDKStatistic)[m[K’:
[3.181s] [01m[K/home/konyun/hclidar_ros2_driver/src/hclidar_driver_ros2_node.cpp:65:9:[m[K [01;35m[Kwarning: [m[Kformat not a string literal and no format arguments [[01;35m[K-Wformat-security[m[K]
[3.181s]    65 |  printf([01;35m[Kbuff[m[K);
[3.182s]       |         [01;35m[K^~~~[m[K
[3.183s] [01m[K/home/konyun/hclidar_ros2_driver/src/hclidar_driver_ros2_node.cpp:[m[K In function ‘[01m[Kvoid sdkCallBackFunPointCloud(LstPointCloud)[m[K’:
[3.184s] [01m[K/home/konyun/hclidar_ros2_driver/src/hclidar_driver_ros2_node.cpp:79:38:[m[K [01;35m[Kwarning: [m[Kformat ‘[01m[K%d[m[K’ expects argument of type ‘[01m[Kint[m[K’, but argument 3 has type ‘[01m[Kstd::vector<tsPointCloud>::size_type[m[K’ {aka ‘[01m[Klong unsigned int[m[K’} [[01;35m[K-Wformat=[m[K]
[3.184s]    79 |  sprintf(buff, "---------------Size=[01;35m[K%d[m[K\n", [32m[KlstG.size()[m[K);
[3.184s]       |                                     [01;35m[K~^[m[K     [32m[K~~~~~~~~~~~[m[K
[3.185s]       |                                      [01;35m[K|[m[K              [32m[K|[m[K
[3.185s]       |                                      [01;35m[Kint[m[K            [32m[Kstd::vector<tsPointCloud>::size_type {aka long unsigned int}[m[K
[3.185s]       |                                     [32m[K%ld[m[K
[3.185s] [01m[K/home/konyun/hclidar_ros2_driver/src/hclidar_driver_ros2_node.cpp:80:9:[m[K [01;35m[Kwarning: [m[Kformat not a string literal and no format arguments [[01;35m[K-Wformat-security[m[K]
[3.185s]    80 |  printf([01;35m[Kbuff[m[K);
[3.185s]       |         [01;35m[K^~~~[m[K
[3.231s] [01m[K/home/konyun/hclidar_ros2_driver/src/hclidar_driver_ros2_node.cpp:[m[K In function ‘[01m[Kint main(int, char**)[m[K’:
[3.232s] [01m[K/home/konyun/hclidar_ros2_driver/src/hclidar_driver_ros2_node.cpp:286:40:[m[K [01;35m[Kwarning: [m[Kcomparison of integer expressions of different signedness: ‘[01m[Kint[m[K’ and ‘[01m[Kstd::vector<tsPointCloud>::size_type[m[K’ {aka ‘[01m[Klong unsigned int[m[K’} [[01;35m[K-Wsign-compare[m[K]
[3.232s]   286 |                         for(int i=0; [01;35m[Ki < lstG.size()[m[K; i++)
[3.232s]       |                                      [01;35m[K~~^~~~~~~~~~~~~[m[K
[3.233s] [01m[K/home/konyun/hclidar_ros2_driver/src/hclidar_driver_ros2_node.cpp:302:51:[m[K [01;35m[Kwarning: [m[Kcomparison of integer expressions of different signedness: ‘[01m[Kint[m[K’ and ‘[01m[Kstd::vector<tsPointCloud>::size_type[m[K’ {aka ‘[01m[Klong unsigned int[m[K’} [[01;35m[K-Wsign-compare[m[K]
[3.233s]   302 |                             if(index >=0 && [01;35m[Kindex < lstG.size()[m[K)
[3.233s]       |                                             [01;35m[K~~~~~~^~~~~~~~~~~~~[m[K
[7.247s] [100%] [32m[1mLinking CXX executable hclidar_driver_ros2_node[0m
[8.093s] [100%] Built target hclidar_driver_ros2_node
[8.152s] Invoked command in '/home/konyun/hclidar_ros2_driver/build/hclidar_driver_ros2' returned '0': CMAKE_PREFIX_PATH=${CMAKE_PREFIX_PATH}:/opt/ros/foxy /usr/bin/cmake --build /home/konyun/hclidar_ros2_driver/build/hclidar_driver_ros2 -- -j4 -l4
[8.252s] Invoking command in '/home/konyun/hclidar_ros2_driver/build/hclidar_driver_ros2': CMAKE_PREFIX_PATH=${CMAKE_PREFIX_PATH}:/opt/ros/foxy /usr/bin/cmake --install /home/konyun/hclidar_ros2_driver/build/hclidar_driver_ros2
[8.266s] -- Install configuration: ""
[8.267s] -- Execute custom install script
[8.268s] -- Up-to-date symlink: /home/konyun/hclidar_ros2_driver/install/hclidar_driver_ros2/lib/hclidar_driver_ros2/hclidar_driver_ros2_node
[8.270s] -- Up-to-date symlink: /home/konyun/hclidar_ros2_driver/install/hclidar_driver_ros2/share/hclidar_driver_ros2/launch/hclidar.py
[8.271s] -- Up-to-date symlink: /home/konyun/hclidar_ros2_driver/install/hclidar_driver_ros2/share/hclidar_driver_ros2/launch/hclidar_launch.py
[8.272s] -- Up-to-date symlink: /home/konyun/hclidar_ros2_driver/install/hclidar_driver_ros2/share/hclidar_driver_ros2/launch/hclidar_launch_rviz.py
[8.273s] -- Up-to-date symlink: /home/konyun/hclidar_ros2_driver/install/hclidar_driver_ros2/share/hclidar_driver_ros2/params/hclidar.yaml
[8.274s] -- Up-to-date symlink: /home/konyun/hclidar_ros2_driver/install/hclidar_driver_ros2/share/ament_index/resource_index/package_run_dependencies/hclidar_driver_ros2
[8.275s] -- Up-to-date symlink: /home/konyun/hclidar_ros2_driver/install/hclidar_driver_ros2/share/ament_index/resource_index/parent_prefix_path/hclidar_driver_ros2
[8.276s] -- Up-to-date symlink: /home/konyun/hclidar_ros2_driver/install/hclidar_driver_ros2/share/hclidar_driver_ros2/environment/ament_prefix_path.sh
[8.277s] -- Up-to-date symlink: /home/konyun/hclidar_ros2_driver/install/hclidar_driver_ros2/share/hclidar_driver_ros2/environment/ament_prefix_path.dsv
[8.278s] -- Up-to-date symlink: /home/konyun/hclidar_ros2_driver/install/hclidar_driver_ros2/share/hclidar_driver_ros2/environment/path.sh
[8.280s] -- Up-to-date symlink: /home/konyun/hclidar_ros2_driver/install/hclidar_driver_ros2/share/hclidar_driver_ros2/environment/path.dsv
[8.280s] -- Up-to-date symlink: /home/konyun/hclidar_ros2_driver/install/hclidar_driver_ros2/share/hclidar_driver_ros2/local_setup.bash
[8.282s] -- Up-to-date symlink: /home/konyun/hclidar_ros2_driver/install/hclidar_driver_ros2/share/hclidar_driver_ros2/local_setup.sh
[8.283s] -- Up-to-date symlink: /home/konyun/hclidar_ros2_driver/install/hclidar_driver_ros2/share/hclidar_driver_ros2/local_setup.zsh
[8.284s] -- Up-to-date symlink: /home/konyun/hclidar_ros2_driver/install/hclidar_driver_ros2/share/hclidar_driver_ros2/local_setup.dsv
[8.284s] -- Symlinking: /home/konyun/hclidar_ros2_driver/install/hclidar_driver_ros2/share/hclidar_driver_ros2/package.dsv
[8.305s] -- Up-to-date symlink: /home/konyun/hclidar_ros2_driver/install/hclidar_driver_ros2/share/ament_index/resource_index/packages/hclidar_driver_ros2
[8.306s] -- Up-to-date symlink: /home/konyun/hclidar_ros2_driver/install/hclidar_driver_ros2/share/hclidar_driver_ros2/cmake/hclidar_driver_ros2Config.cmake
[8.307s] -- Up-to-date symlink: /home/konyun/hclidar_ros2_driver/install/hclidar_driver_ros2/share/hclidar_driver_ros2/cmake/hclidar_driver_ros2Config-version.cmake
[8.308s] -- Up-to-date symlink: /home/konyun/hclidar_ros2_driver/install/hclidar_driver_ros2/share/hclidar_driver_ros2/package.xml
[8.322s] Invoked command in '/home/konyun/hclidar_ros2_driver/build/hclidar_driver_ros2' returned '0': CMAKE_PREFIX_PATH=${CMAKE_PREFIX_PATH}:/opt/ros/foxy /usr/bin/cmake --install /home/konyun/hclidar_ros2_driver/build/hclidar_driver_ros2
