[0.046s] Invoking command in '/home/konyun/hclidar_ros2_driver/build/hclidar_driver_ros2': CMAKE_PREFIX_PATH=${CMAKE_PREFIX_PATH}:/opt/ros/foxy /usr/bin/cmake --build /home/konyun/hclidar_ros2_driver/build/hclidar_driver_ros2 -- -j4 -l4
[0.198s] [ 11%] [32mBuilding CXX object src/base/CMakeFiles/lidar.dir/hclidar.cpp.o[0m
[1.546s] [01m[K/home/konyun/hclidar_ros2_driver/src/base/hclidar.cpp:[m[K In member function ‘[01m[KBOOL HCLidar::initialize(const char*, const char*, int, int, bool, bool, bool)[m[K’:
[1.547s] [01m[K/home/konyun/hclidar_ros2_driver/src/base/hclidar.cpp:689:108:[m[K [01;35m[Kwarning: [m[Kunused parameter ‘[01m[KbDistQ2[m[K’ [[01;35m[K-Wunused-parameter[m[K]
[1.547s]   689 | onst char* chLidarModel,int iBaud, int iReadTimeoutMs,  [01;35m[Kbool bDistQ2[m[K,bool bGetLoopData, bool bPollMode)
[1.548s]       |                                                         [01;35m[K~~~~~^~~~~~~[m[K
[1.548s] 
[1.553s] [01m[K/home/konyun/hclidar_ros2_driver/src/base/hclidar.cpp:[m[K In member function ‘[01m[Kvoid HCLidar::readData()[m[K’:
[1.554s] [01m[K/home/konyun/hclidar_ros2_driver/src/base/hclidar.cpp:885:42:[m[K [01;35m[Kwarning: [m[Kcomparison of integer expressions of different signedness: ‘[01m[KUINT64[m[K’ {aka ‘[01m[Klong long unsigned int[m[K’} and ‘[01m[Kint[m[K’ [[01;35m[K-Wsign-compare[m[K]
[1.554s]   885 |     if ([01;35m[K(endTime - m_u64StartTimeNoData) >= m_sSDKPara.iNoDataMS * 1000[m[K)
[1.555s]       |         [01;35m[K~~~~~~~~~~~~~~~~~~~~~~~~~~~~~~~~~^~~~~~~~~~~~~~~~~~~~~~~~~~~~~~[m[K
[1.559s] [01m[K/home/konyun/hclidar_ros2_driver/src/base/hclidar.cpp:[m[K In member function ‘[01m[Kvoid HCLidar::threadParse()[m[K’:
[1.560s] [01m[K/home/konyun/hclidar_ros2_driver/src/base/hclidar.cpp:976:15:[m[K [01;35m[Kwarning: [m[Kcomparison of integer expressions of different signedness: ‘[01m[KUINT64[m[K’ {aka ‘[01m[Klong long unsigned int[m[K’} and ‘[01m[Kint[m[K’ [[01;35m[K-Wsign-compare[m[K]
[1.561s]   976 |    if ([01;35m[Ku64Int >= m_iWaitIDTimeMs[m[K)
[1.562s]       |        [01;35m[K~~~~~~~^~~~~~~~~~~~~~~~~~[m[K
[1.566s] [01m[K/home/konyun/hclidar_ros2_driver/src/base/hclidar.cpp:[m[K In member function ‘[01m[Kbool HCLidar::processData()[m[K’:
[1.566s] [01m[K/home/konyun/hclidar_ros2_driver/src/base/hclidar.cpp:1156:5:[m[K [01;35m[Kwarning: [m[Kthis ‘[01m[Kif[m[K’ clause does not guard... [[01;35m[K-Wmisleading-indentation[m[K]
[1.567s]  1156 |     [01;35m[Kif[m[K(m_lstBuff.size()<=2)
[1.568s]       |     [01;35m[K^~[m[K
[1.569s] [01m[K/home/konyun/hclidar_ros2_driver/src/base/hclidar.cpp:1159:2:[m[K [01;36m[Knote: [m[K...this statement, but the latter is misleadingly indented as if it were guarded by the ‘[01m[Kif[m[K’
[1.570s]  1159 |  [01;36m[Kif[m[K (checkContinuePacketErr())
[1.572s]       |  [01;36m[K^~[m[K
[1.572s] [01m[K/home/konyun/hclidar_ros2_driver/src/base/hclidar.cpp:1164:18:[m[K [01;35m[Kwarning: [m[Kcomparison of integer expressions of different signedness: ‘[01m[Kint[m[K’ and ‘[01m[Kstd::vector<unsigned char>::size_type[m[K’ {aka ‘[01m[Klong unsigned int[m[K’} [[01;35m[K-Wsign-compare[m[K]
[1.573s]  1164 |     for(int i=0;[01;35m[Ki<m_lstBuff.size()-1[m[K;i++)
[1.574s]       |                 [01;35m[K~^~~~~~~~~~~~~~~~~~~[m[K
[1.574s] [01m[K/home/konyun/hclidar_ros2_driver/src/base/hclidar.cpp:[m[K In member function ‘[01m[Kbool HCLidar::getDevID(std::vector<unsigned char>&)[m[K’:
[1.575s] [01m[K/home/konyun/hclidar_ros2_driver/src/base/hclidar.cpp:1319:22:[m[K [01;35m[Kwarning: [m[Kcomparison of integer expressions of different signedness: ‘[01m[Kstd::vector<unsigned char>::size_type[m[K’ {aka ‘[01m[Klong unsigned int[m[K’} and ‘[01m[Kint[m[K’ [[01;35m[K-Wsign-compare[m[K]
[1.576s]  1319 |   if ([01;35m[KlstBuff.size() < iLen[m[K)
[1.577s]       |       [01;35m[K~~~~~~~~~~~~~~~^~~~~~[m[K
[1.578s] [01m[K/home/konyun/hclidar_ros2_driver/src/base/hclidar.cpp:1360:13:[m[K [01;35m[Kwarning: [m[Kformat not a string literal and no format arguments [[01;35m[K-Wformat-security[m[K]
[1.578s]  1360 |    LOG_INFO([01;35m[KchTemp[m[K);
[1.579s]       |             [01;35m[K^~~~~~[m[K
[1.580s] [01m[K/home/konyun/hclidar_ros2_driver/src/base/hclidar.cpp:1382:27:[m[K [01;35m[Kwarning: [m[Kcomparison of integer expressions of different signedness: ‘[01m[Kstd::vector<unsigned char>::size_type[m[K’ {aka ‘[01m[Klong unsigned int[m[K’} and ‘[01m[Kint[m[K’ [[01;35m[K-Wsign-compare[m[K]
[1.581s]  1382 |         if([01;35m[KlstBuff.size() < iLen[m[K)
[1.582s]       |            [01;35m[K~~~~~~~~~~~~~~~^~~~~~[m[K
[1.583s] [01m[K/home/konyun/hclidar_ros2_driver/src/base/hclidar.cpp:1432:27:[m[K [01;35m[Kwarning: [m[Kcomparison of integer expressions of different signedness: ‘[01m[Kstd::vector<unsigned char>::size_type[m[K’ {aka ‘[01m[Klong unsigned int[m[K’} and ‘[01m[Kint[m[K’ [[01;35m[K-Wsign-compare[m[K]
[1.584s]  1432 |         if([01;35m[KlstBuff.size() < iLen[m[K)
[1.584s]       |            [01;35m[K~~~~~~~~~~~~~~~^~~~~~[m[K
[1.597s] [01m[K/home/konyun/hclidar_ros2_driver/src/base/hclidar.cpp:[m[K In member function ‘[01m[Kbool HCLidar::calStartInfo(char*, int)[m[K’:
[1.600s] [01m[K/home/konyun/hclidar_ros2_driver/src/base/hclidar.cpp:1474:24:[m[K [01;35m[Kwarning: [m[Kcomparison of integer expressions of different signedness: ‘[01m[KUINT[m[K’ {aka ‘[01m[Kunsigned int[m[K’} and ‘[01m[Kint[m[K’ [[01;35m[K-Wsign-compare[m[K]
[1.600s]  1474 |     for (UINT i = 0; [01;35m[Ki < iLen[m[K; i++)
[1.601s]       |                      [01;35m[K~~^~~~~~[m[K
[1.601s] [01m[K/home/konyun/hclidar_ros2_driver/src/base/hclidar.cpp:[m[K In member function ‘[01m[Kbool HCLidar::getNewSNInfo(std::vector<unsigned char>&)[m[K’:
[1.602s] [01m[K/home/konyun/hclidar_ros2_driver/src/base/hclidar.cpp:1511:21:[m[K [01;31m[Kerror: [m[K‘[01m[KINT16[m[K’ was not declared in this scope; did you mean ‘[01m[KUINT16[m[K’?
[1.602s]  1511 |     m_dAngOffset = ([01;31m[KINT16[m[K)sNewInfo.u16Ang * 0.01;
[1.603s]       |                     [01;31m[K^~~~~[m[K
[1.603s]       |                     [32m[KUINT16[m[K
[1.604s] [01m[K/home/konyun/hclidar_ros2_driver/src/base/hclidar.cpp:[m[K In member function ‘[01m[Kbool HCLidar::getStartInfo(std::vector<unsigned char>&)[m[K’:
[1.605s] [01m[K/home/konyun/hclidar_ros2_driver/src/base/hclidar.cpp:1595:18:[m[K [01;35m[Kwarning: [m[Kcomparison of integer expressions of different signedness: ‘[01m[Kint[m[K’ and ‘[01m[Kstd::vector<unsigned char>::size_type[m[K’ {aka ‘[01m[Klong unsigned int[m[K’} [[01;35m[K-Wsign-compare[m[K]
[1.606s]  1595 |  int iMin = [01;35m[KiLen < lstBuff.size()[m[K ? iLen : lstBuff.size();
[1.607s]       |             [01;35m[K~~~~~^~~~~~~~~~~~~~~~[m[K
[1.608s] [01m[K/home/konyun/hclidar_ros2_driver/src/base/hclidar.cpp:[m[K In member function ‘[01m[Kbool HCLidar::calMCUFrame(char*, int)[m[K’:
[1.609s] [01m[K/home/konyun/hclidar_ros2_driver/src/base/hclidar.cpp:1725:24:[m[K [01;35m[Kwarning: [m[Kcomparison of integer expressions of different signedness: ‘[01m[KUINT[m[K’ {aka ‘[01m[Kunsigned int[m[K’} and ‘[01m[Kint[m[K’ [[01;35m[K-Wsign-compare[m[K]
[1.609s]  1725 |     for (UINT i = 0; [01;35m[Ki < iLen-1[m[K; i++)
[1.610s]       |                      [01;35m[K~~^~~~~~~~[m[K
[1.610s] [01m[K/home/konyun/hclidar_ros2_driver/src/base/hclidar.cpp:[m[K In member function ‘[01m[Kbool HCLidar::getMCUCmd(std::vector<unsigned char>&)[m[K’:
[1.610s] [01m[K/home/konyun/hclidar_ros2_driver/src/base/hclidar.cpp:1741:17:[m[K [01;35m[Kwarning: [m[Kcomparison of integer expressions of different signedness: ‘[01m[Kint[m[K’ and ‘[01m[Kstd::vector<unsigned char>::size_type[m[K’ {aka ‘[01m[Klong unsigned int[m[K’} [[01;35m[K-Wsign-compare[m[K]
[1.611s]  1741 |     if([01;35m[KiPackLen <= lstBuff.size()[m[K)//have a good packet
[1.611s]       |        [01;35m[K~~~~~~~~~^~~~~~~~~~~~~~~~~[m[K
[1.612s] [01m[K/home/konyun/hclidar_ros2_driver/src/base/hclidar.cpp:[m[K In member function ‘[01m[Kbool HCLidar::getPointCloud(std::vector<unsigned char>&)[m[K’:
[1.612s] [01m[K/home/konyun/hclidar_ros2_driver/src/base/hclidar.cpp:1783:18:[m[K [01;35m[Kwarning: [m[Kcomparison of integer expressions of different signedness: ‘[01m[Kint[m[K’ and ‘[01m[Kstd::vector<unsigned char>::size_type[m[K’ {aka ‘[01m[Klong unsigned int[m[K’} [[01;35m[K-Wsign-compare[m[K]
[1.613s]  1783 |  int iMin = [01;35m[KiLen < lstBuff.size()[m[K ? iLen : lstBuff.size();
[1.615s]       |             [01;35m[K~~~~~^~~~~~~~~~~~~~~~[m[K
[1.616s] [01m[K/home/konyun/hclidar_ros2_driver/src/base/hclidar.cpp:1784:21:[m[K [01;35m[Kwarning: [m[Kcomparison of integer expressions of different signedness: ‘[01m[Kstd::vector<unsigned char>::size_type[m[K’ {aka ‘[01m[Klong unsigned int[m[K’} and ‘[01m[Kint[m[K’ [[01;35m[K-Wsign-compare[m[K]
[1.616s]  1784 |  if ([01;35m[KlstBuff.size() < iLen[m[K)
[1.617s]       |      [01;35m[K~~~~~~~~~~~~~~~^~~~~~[m[K
[1.617s] [01m[K/home/konyun/hclidar_ros2_driver/src/base/hclidar.cpp:1819:15:[m[K [01;35m[Kwarning: [m[Kcomparison of integer expressions of different signedness: ‘[01m[Kint[m[K’ and ‘[01m[Kstd::vector<unsigned char>::size_type[m[K’ {aka ‘[01m[Klong unsigned int[m[K’} [[01;35m[K-Wsign-compare[m[K]
[1.618s]  1819 |  if ([01;35m[KiPackLen <= lstBuff.size()[m[K)//have a good packet
[1.618s]       |      [01;35m[K~~~~~~~~~^~~~~~~~~~~~~~~~~[m[K
[1.619s] [01m[K/home/konyun/hclidar_ros2_driver/src/base/hclidar.cpp:[m[K In member function ‘[01m[Kbool HCLidar::parserRangeEX(LstPointCloud&, const char*, int, int, int)[m[K’:
[1.621s] [01m[K/home/konyun/hclidar_ros2_driver/src/base/hclidar.cpp:1870:82:[m[K [01;35m[Kwarning: [m[Kunused parameter ‘[01m[KiIndex[m[K’ [[01;35m[K-Wunused-parameter[m[K]
[1.622s]  1870 | RangeEX(LstPointCloud &resultRange, const char * chBuff, [01;35m[Kint iIndex[m[K, int in_numData, int iPointSize)
[1.622s]       |                                                          [01;35m[K~~~~^~~~~~[m[K
[1.623s] 
[1.624s] [01m[K/home/konyun/hclidar_ros2_driver/src/base/hclidar.cpp:[m[K In member function ‘[01m[Kbool HCLidar::checkDataCal(std::vector<unsigned char>&, int)[m[K’:
[1.625s] [01m[K/home/konyun/hclidar_ros2_driver/src/base/hclidar.cpp:2075:20:[m[K [01;35m[Kwarning: [m[Kcomparison of integer expressions of different signedness: ‘[01m[Kint[m[K’ and ‘[01m[Kstd::vector<int>::size_type[m[K’ {aka ‘[01m[Klong unsigned int[m[K’} [[01;35m[K-Wsign-compare[m[K]
[1.626s]  2075 |  for (int i = 0; [01;35m[Ki < temp.size()[m[K; i++)
[1.626s]       |                  [01;35m[K~~^~~~~~~~~~~~~[m[K
[1.627s] [01m[K/home/konyun/hclidar_ros2_driver/src/base/hclidar.cpp:2081:20:[m[K [01;35m[Kwarning: [m[Kcomparison of integer expressions of different signedness: ‘[01m[Kint[m[K’ and ‘[01m[Kstd::vector<int>::size_type[m[K’ {aka ‘[01m[Klong unsigned int[m[K’} [[01;35m[K-Wsign-compare[m[K]
[1.627s]  2081 |  for (int i = 0; [01;35m[Ki < temp.size()[m[K; i++)
[1.628s]       |                  [01;35m[K~~^~~~~~~~~~~~~[m[K
[1.629s] [01m[K/home/konyun/hclidar_ros2_driver/src/base/hclidar.cpp:[m[K In member function ‘[01m[Kvoid HCLidar::checkInvalidLowSpeed(UINT16)[m[K’:
[1.629s] [01m[K/home/konyun/hclidar_ros2_driver/src/base/hclidar.cpp:2225:52:[m[K [01;35m[Kwarning: [m[Kcomparison of integer expressions of different signedness: ‘[01m[KUINT64[m[K’ {aka ‘[01m[Klong long unsigned int[m[K’} and ‘[01m[Kint[m[K’ [[01;35m[K-Wsign-compare[m[K]
[1.630s]  2225 |             if ([01;35m[K(endTime - m_u64StartTimeLowSpeed) >= m_sSDKPara.iSpeedContinueMS*1000[m[K)
[1.630s]       |                 [01;35m[K~~~~~~~~~~~~~~~~~~~~~~~~~~~~~~~~~~~^~~~~~~~~~~~~~~~~~~~~~~~~~~~~~~~~~~[m[K
[1.630s] [01m[K/home/konyun/hclidar_ros2_driver/src/base/hclidar.cpp:[m[K In member function ‘[01m[Kvoid HCLidar::checkInvalidHighSpeed(UINT16)[m[K’:
[1.631s] [01m[K/home/konyun/hclidar_ros2_driver/src/base/hclidar.cpp:2251:53:[m[K [01;35m[Kwarning: [m[Kcomparison of integer expressions of different signedness: ‘[01m[Klong long unsigned int[m[K’ and ‘[01m[Kint[m[K’ [[01;35m[K-Wsign-compare[m[K]
[1.632s]  2251 |             if ([01;35m[K(endTime - m_u64StartTimeHighSpeed) >= m_sSDKPara.iSpeedContinueMS*1000[m[K)
[1.632s]       |                 [01;35m[K~~~~~~~~~~~~~~~~~~~~~~~~~~~~~~~~~~~~^~~~~~~~~~~~~~~~~~~~~~~~~~~~~~~~~~~[m[K
[1.633s] [01m[K/home/konyun/hclidar_ros2_driver/src/base/hclidar.cpp:[m[K In member function ‘[01m[Kvoid HCLidar::checkSharkBlocked()[m[K’:
[1.634s] [01m[K/home/konyun/hclidar_ros2_driver/src/base/hclidar.cpp:2325:20:[m[K [01;35m[Kwarning: [m[Kcomparison of integer expressions of different signedness: ‘[01m[KUINT64[m[K’ {aka ‘[01m[Klong long unsigned int[m[K’} and ‘[01m[Kint[m[K’ [[01;35m[K-Wsign-compare[m[K]
[1.634s]  2325 |         if([01;35m[Ku64Temp >= (m_sSDKPara.iBlockContinueMS+2000)*1000[m[K) //3.5+2S
[1.634s]       |            [01;35m[K~~~~~~~~^~~~~~~~~~~~~~~~~~~~~~~~~~~~~~~~~~~~~~~~~~[m[K
[1.635s] [01m[K/home/konyun/hclidar_ros2_driver/src/base/hclidar.cpp:2330:25:[m[K [01;35m[Kwarning: [m[Kcomparison of integer expressions of different signedness: ‘[01m[KUINT64[m[K’ {aka ‘[01m[Klong long unsigned int[m[K’} and ‘[01m[Kint[m[K’ [[01;35m[K-Wsign-compare[m[K]
[1.635s]  2330 |         else if([01;35m[Ku64Temp >= m_sSDKPara.iBlockContinueMS*1000[m[K && u64Temp < (m_sSDKPara.iBlockContinueMS+2000)*1000)//3.5 - 4.5s
[1.636s]       |                 [01;35m[K~~~~~~~~^~~~~~~~~~~~~~~~~~~~~~~~~~~~~~~~~~~[m[K
[1.636s] [01m[K/home/konyun/hclidar_ros2_driver/src/base/hclidar.cpp:2330:72:[m[K [01;35m[Kwarning: [m[Kcomparison of integer expressions of different signedness: ‘[01m[KUINT64[m[K’ {aka ‘[01m[Klong long unsigned int[m[K’} and ‘[01m[Kint[m[K’ [[01;35m[K-Wsign-compare[m[K]
[1.637s]  2330 | se if(u64Temp >= m_sSDKPara.iBlockContinueMS*1000 && [01;35m[Ku64Temp < (m_sSDKPara.iBlockContinueMS+2000)*1000[m[K)//3.5 - 4.5s
[1.637s]       |                                                      [01;35m[K~~~~~~~~^~~~~~~~~~~~~~~~~~~~~~~~~~~~~~~~~~~~~~~~~[m[K
[1.638s] 
[1.638s] [01m[K/home/konyun/hclidar_ros2_driver/src/base/hclidar.cpp:[m[K In member function ‘[01m[Kvoid HCLidar::checkSharkInvalidPoints(tsPointCloud&)[m[K’:
[1.639s] [01m[K/home/konyun/hclidar_ros2_driver/src/base/hclidar.cpp:2375:57:[m[K [01;35m[Kwarning: [m[Kcomparison of integer expressions of different signedness: ‘[01m[Klong long unsigned int[m[K’ and ‘[01m[Kint[m[K’ [[01;35m[K-Wsign-compare[m[K]
[1.639s]  2375 |             if ([01;35m[K(endTime - m_u64StartTimeInvalidPoints) >= m_sSDKPara.iCoverContinueMS*1000[m[K)
[1.640s]       |                 [01;35m[K~~~~~~~~~~~~~~~~~~~~~~~~~~~~~~~~~~~~~~~~^~~~~~~~~~~~~~~~~~~~~~~~~~~~~~~~~~~[m[K
[1.640s] [01m[K/home/konyun/hclidar_ros2_driver/src/base/hclidar.cpp:[m[K In member function ‘[01m[Kvoid HCLidar::pollModePointCloud()[m[K’:
[1.641s] [01m[K/home/konyun/hclidar_ros2_driver/src/base/hclidar.cpp:2427:24:[m[K [01;35m[Kwarning: [m[Kcomparison of integer expressions of different signedness: ‘[01m[Kstd::vector<std::vector<tsPointCloud> >::size_type[m[K’ {aka ‘[01m[Klong unsigned int[m[K’} and ‘[01m[Kint[m[K’ [[01;35m[K-Wsign-compare[m[K]
[1.641s]  2427 |   if ([01;35m[Km_Circles.size() > m_sSDKPara.iCirclesBuffSize[m[K)
[1.642s]       |       [01;35m[K~~~~~~~~~~~~~~~~~^~~~~~~~~~~~~~~~~~~~~~~~~~~~~[m[K
[1.643s] [01m[K/home/konyun/hclidar_ros2_driver/src/base/hclidar.cpp:2435:28:[m[K [01;35m[Kwarning: [m[Kcomparison of integer expressions of different signedness: ‘[01m[Kstd::vector<tsPointCloud>::size_type[m[K’ {aka ‘[01m[Klong unsigned int[m[K’} and ‘[01m[Kint[m[K’ [[01;35m[K-Wsign-compare[m[K]
[1.644s]  2435 |   if ([01;35m[Km_resultRange.size() > m_sSDKPara.iPollBuffSize[m[K)
[1.644s]       |       [01;35m[K~~~~~~~~~~~~~~~~~~~~~^~~~~~~~~~~~~~~~~~~~~~~~~~[m[K
[1.645s] [01m[K/home/konyun/hclidar_ros2_driver/src/base/hclidar.cpp:[m[K In member function ‘[01m[Kvoid HCLidar::callBackFunPointCloud()[m[K’:
[1.645s] [01m[K/home/konyun/hclidar_ros2_driver/src/base/hclidar.cpp:2463:28:[m[K [01;35m[Kwarning: [m[Kcomparison of integer expressions of different signedness: ‘[01m[Kstd::vector<tsPointCloud>::size_type[m[K’ {aka ‘[01m[Klong unsigned int[m[K’} and ‘[01m[Kint[m[K’ [[01;35m[K-Wsign-compare[m[K]
[1.646s]  2463 |   if ([01;35m[Km_resultRange.size() >= m_sSDKPara.iCallbackBuffSize[m[K)
[1.647s]       |       [01;35m[K~~~~~~~~~~~~~~~~~~~~~^~~~~~~~~~~~~~~~~~~~~~~~~~~~~~~[m[K
[1.647s] [01m[K/home/konyun/hclidar_ros2_driver/src/base/hclidar.cpp:[m[K In member function ‘[01m[Kbool HCLidar::getErrorCode(int, int)[m[K’:
[1.647s] [01m[K/home/konyun/hclidar_ros2_driver/src/base/hclidar.cpp:2539:14:[m[K [01;35m[Kwarning: [m[Kcomparison of integer expressions of different signedness: ‘[01m[KUINT64[m[K’ {aka ‘[01m[Klong long unsigned int[m[K’} and ‘[01m[Kint[m[K’ [[01;35m[K-Wsign-compare[m[K]
[1.648s]  2539 |   if ([01;35m[Ku64Int <= iMs*1000[m[K)
[1.650s]       |       [01;35m[K~~~~~~~^~~~~~~~~~~[m[K
[1.650s] [01m[K/home/konyun/hclidar_ros2_driver/src/base/hclidar.cpp:[m[K In member function ‘[01m[Kbool HCLidar::rockCheckLDSInfo(UINT8*, unLidarInfo&)[m[K’:
[1.650s] [01m[K/home/konyun/hclidar_ros2_driver/src/base/hclidar.cpp:2563:18:[m[K [01;35m[Kwarning: [m[Kcomparison of integer expressions of different signedness: ‘[01m[Kint[m[K’ and ‘[01m[Klong unsigned int[m[K’ [[01;35m[K-Wsign-compare[m[K]
[1.651s]  2563 |  if ([01;35m[Kdecode_size < sizeof(unLidarInfo)[m[K)
[1.651s]       |      [01;35m[K~~~~~~~~~~~~^~~~~~~~~~~~~~~~~~~~~[m[K
[1.652s] [01m[K/home/konyun/hclidar_ros2_driver/src/base/hclidar.cpp:2556:6:[m[K [01;35m[Kwarning: [m[Kunused variable ‘[01m[Ksize[m[K’ [[01;35m[K-Wunused-variable[m[K]
[1.652s]  2556 |  int [01;35m[Ksize[m[K = 0;
[1.652s]       |      [01;35m[K^~~~[m[K
[1.653s] [01m[K/home/konyun/hclidar_ros2_driver/src/base/hclidar.cpp:[m[K In member function ‘[01m[Kvoid HCLidar::rockDecodeLDSInfoPacket(UINT8*, UINT8*, int&)[m[K’:
[1.653s] [01m[K/home/konyun/hclidar_ros2_driver/src/base/hclidar.cpp:2585:20:[m[K [01;35m[Kwarning: [m[Kcomparison of integer expressions of different signedness: ‘[01m[Kint[m[K’ and ‘[01m[Klong unsigned int[m[K’ [[01;35m[K-Wsign-compare[m[K]
[1.654s]  2585 |  for (int i = 0; i < RCV_SIZE; i++)
[1.654s] [01m[K/home/konyun/hclidar_ros2_driver/src/base/hclidar.cpp:2589:10:[m[K [01;35m[Kwarning: [m[Kcomparison of integer expressions of different signedness: ‘[01m[Kint[m[K’ and ‘[01m[Klong unsigned int[m[K’ [[01;35m[K-Wsign-compare[m[K]
[1.655s]  2589 |    if ([01;35m[Ki < RCV_SIZE - 1[m[K)
[1.656s]       |        [01;35m[K~~^~~~~~~~~~~~~~[m[K
[1.657s] [01m[K/home/konyun/hclidar_ros2_driver/src/base/hclidar.cpp:[m[K In member function ‘[01m[Kbool HCLidar::rockCheckCRC(unLidarInfo)[m[K’:
[1.659s] [01m[K/home/konyun/hclidar_ros2_driver/src/base/hclidar.cpp:2605:20:[m[K [01;35m[Kwarning: [m[Kcomparison of integer expressions of different signedness: ‘[01m[Kint[m[K’ and ‘[01m[Klong unsigned int[m[K’ [[01;35m[K-Wsign-compare[m[K]
[1.660s]  2605 |  for (int i = 0; [01;35m[Ki < (sizeof(unLidarInfo) / sizeof(UINT16) - 1)[m[K; i++)
[1.660s]       |                  [01;35m[K~~^~~~~~~~~~~~~~~~~~~~~~~~~~~~~~~~~~~~~~~~~~~~[m[K
[1.661s] [01m[K/home/konyun/hclidar_ros2_driver/src/base/hclidar.cpp:[m[K In member function ‘[01m[Kvoid HCLidar::checkChangeSpeed()[m[K’:
[1.661s] [01m[K/home/konyun/hclidar_ros2_driver/src/base/hclidar.cpp:2639:14:[m[K [01;35m[Kwarning: [m[Kcomparison of integer expressions of different signedness: ‘[01m[KUINT64[m[K’ {aka ‘[01m[Klong long unsigned int[m[K’} and ‘[01m[Kint[m[K’ [[01;35m[K-Wsign-compare[m[K]
[1.661s]  2639 |  if ([01;35m[Ku64Temp >= (m_sSDKPara.iChangeSpeedMS ) * 1000[m[K) //2.5S
[1.661s]       |      [01;35m[K~~~~~~~~^~~~~~~~~~~~~~~~~~~~~~~~~~~~~~~~~~~~~~[m[K
[2.242s] make[2]: *** [src/base/CMakeFiles/lidar.dir/build.make:76: src/base/CMakeFiles/lidar.dir/hclidar.cpp.o] Error 1
[2.243s] make[1]: *** [CMakeFiles/Makefile2:179: src/base/CMakeFiles/lidar.dir/all] Error 2
[2.244s] make: *** [Makefile:141: all] Error 2
[2.247s] Invoked command in '/home/konyun/hclidar_ros2_driver/build/hclidar_driver_ros2' returned '2': CMAKE_PREFIX_PATH=${CMAKE_PREFIX_PATH}:/opt/ros/foxy /usr/bin/cmake --build /home/konyun/hclidar_ros2_driver/build/hclidar_driver_ros2 -- -j4 -l4
