[0.054s] Invoking command in '/home/konyun/hclidar_ros2_driver/build/hclidar_driver_ros2': CMAKE_PREFIX_PATH=${CMAKE_PREFIX_PATH}:/opt/ros/foxy /usr/bin/cmake /home/konyun/hclidar_ros2_driver -DAMENT_CMAKE_SYMLINK_INSTALL=1 -DCMAKE_INSTALL_PREFIX=/home/konyun/hclidar_ros2_driver/install/hclidar_driver_ros2
[0.219s] -- The C compiler identification is GNU 9.4.0
[0.375s] -- The CXX compiler identification is GNU 9.4.0
[0.388s] -- Check for working C compiler: /usr/bin/cc
[0.565s] -- Check for working C compiler: /usr/bin/cc -- works
[0.567s] -- Detecting C compiler ABI info
[0.783s] -- Detecting C compiler ABI info - done
[0.803s] -- Detecting C compile features
[0.805s] -- Detecting C compile features - done
[0.812s] -- Check for working CXX compiler: /usr/bin/c++
[1.035s] -- Check for working CXX compiler: /usr/bin/c++ -- works
[1.039s] -- Detecting CXX compiler ABI info
[1.265s] -- Detecting CXX compiler ABI info - done
[1.292s] -- Detecting CXX compile features
[1.294s] -- Detecting CXX compile features - done
[1.299s] -- Found ament_cmake: 0.9.9 (/opt/ros/foxy/share/ament_cmake/cmake)
[1.366s] -- Found PythonInterp: /usr/bin/python3 (found suitable version "3.8.10", minimum required is "3") 
[1.367s] -- Using PYTHON_EXECUTABLE: /usr/bin/python3
[1.891s] -- Override CMake install command with custom implementation using symlinks instead of copying resources
[1.939s] -- Found rclcpp: 2.4.1 (/opt/ros/foxy/share/rclcpp/cmake)
[2.031s] -- Using all available rosidl_typesupport_c: rosidl_typesupport_fastrtps_c;rosidl_typesupport_introspection_c
[2.041s] -- Found rosidl_adapter: 1.2.1 (/opt/ros/foxy/share/rosidl_adapter/cmake)
[2.252s] -- Found OpenSSL: /usr/lib/x86_64-linux-gnu/libcrypto.so (found version "1.1.1f")  
[2.325s] -- Found FastRTPS: /opt/ros/foxy/include  
[2.551s] -- Using all available rosidl_typesupport_cpp: rosidl_typesupport_fastrtps_cpp;rosidl_typesupport_introspection_cpp
[2.710s] -- Found rmw_implementation_cmake: 1.0.3 (/opt/ros/foxy/share/rmw_implementation_cmake/cmake)
[2.715s] -- Using RMW implementation 'rmw_fastrtps_cpp' as default
[2.718s] -- Looking for pthread.h
[2.947s] -- Looking for pthread.h - found
[2.948s] -- Performing Test CMAKE_HAVE_LIBC_PTHREAD
[3.197s] -- Performing Test CMAKE_HAVE_LIBC_PTHREAD - Failed
[3.198s] -- Looking for pthread_create in pthreads
[3.358s] -- Looking for pthread_create in pthreads - not found
[3.359s] -- Looking for pthread_create in pthread
[3.563s] -- Looking for pthread_create in pthread - found
[3.567s] -- Found Threads: TRUE  
[3.981s] -- Found sensor_msgs: 2.0.5 (/opt/ros/foxy/share/sensor_msgs/cmake)
[4.315s] -- Found visualization_msgs: 2.0.5 (/opt/ros/foxy/share/visualization_msgs/cmake)
[4.503s] -- Found std_srvs: 2.0.5 (/opt/ros/foxy/share/std_srvs/cmake)
[4.546s] -- Found ament_lint_auto: 0.9.6 (/opt/ros/foxy/share/ament_lint_auto/cmake)
[4.742s] -- Added test 'copyright' to check source files copyright and LICENSE
[4.798s] -- Added test 'cppcheck' to perform static code analysis on C / C++ code
[4.799s] -- Configured cppcheck include dirs: /home/konyun/hclidar_ros2_driver/src
[4.799s] -- Configured cppcheck exclude dirs and/or files: 
[4.854s] -- Added test 'cpplint' to check C / C++ code against the Google style
[4.855s] -- Configured cpplint exclude dirs and/or files: 
[4.863s] -- Added test 'flake8' to check Python code syntax and style conventions
[4.875s] -- Added test 'lint_cmake' to check CMake code style
[4.883s] -- Added test 'pep257' to check Python code against some of the style conventions in PEP 257
[4.949s] -- Added test 'uncrustify' to check C / C++ code style
[4.949s] -- Configured uncrustify additional arguments: 
[4.956s] -- Added test 'xmllint' to check XML markup files
[4.966s] -- Configuring done
[4.999s] -- Generating done
[5.003s] -- Build files have been written to: /home/konyun/hclidar_ros2_driver/build/hclidar_driver_ros2
[5.026s] Invoked command in '/home/konyun/hclidar_ros2_driver/build/hclidar_driver_ros2' returned '0': CMAKE_PREFIX_PATH=${CMAKE_PREFIX_PATH}:/opt/ros/foxy /usr/bin/cmake /home/konyun/hclidar_ros2_driver -DAMENT_CMAKE_SYMLINK_INSTALL=1 -DCMAKE_INSTALL_PREFIX=/home/konyun/hclidar_ros2_driver/install/hclidar_driver_ros2
[5.039s] Invoking command in '/home/konyun/hclidar_ros2_driver/build/hclidar_driver_ros2': CMAKE_PREFIX_PATH=${CMAKE_PREFIX_PATH}:/opt/ros/foxy /usr/bin/cmake --build /home/konyun/hclidar_ros2_driver/build/hclidar_driver_ros2 -- -j4 -l4
[5.167s] [35m[1mScanning dependencies of target lidar[0m
[5.233s] [ 22%] [32mBuilding CXX object src/base/CMakeFiles/lidar.dir/hclidar.cpp.o[0m
[5.236s] [ 22%] [32mBuilding CXX object src/base/CMakeFiles/lidar.dir/lidar.cpp.o[0m
[5.238s] [ 33%] [32mBuilding CXX object src/base/CMakeFiles/lidar.dir/ReadParsePackage.cpp.o[0m
[5.240s] [ 44%] [32mBuilding CXX object src/base/CMakeFiles/lidar.dir/hchead.cpp.o[0m
[7.257s] [01m[K/home/konyun/hclidar_ros2_driver/src/base/hchead.cpp:[m[K In static member function ‘[01m[Kstatic void HCHead::eraseBuff(std::vector<unsigned char>&, int)[m[K’:
[7.257s] [01m[K/home/konyun/hclidar_ros2_driver/src/base/hchead.cpp:43:18:[m[K [01;35m[Kwarning: [m[Kcomparison of integer expressions of different signedness: ‘[01m[Kstd::vector<unsigned char>::size_type[m[K’ {aka ‘[01m[Klong unsigned int[m[K’} and ‘[01m[Kint[m[K’ [[01;35m[K-Wsign-compare[m[K]
[7.258s]    43 |  if ([01;35m[KlstG.size() >= iLen[m[K)
[7.258s]       |      [01;35m[K~~~~~~~~~~~~^~~~~~~[m[K
[7.268s] [01m[K/home/konyun/hclidar_ros2_driver/src/base/hchead.cpp:[m[K In static member function ‘[01m[Kstatic void HCHead::eraseRangeData(LstPointCloud&, int)[m[K’:
[7.269s] [01m[K/home/konyun/hclidar_ros2_driver/src/base/hchead.cpp:57:18:[m[K [01;35m[Kwarning: [m[Kcomparison of integer expressions of different signedness: ‘[01m[Kstd::vector<tsPointCloud>::size_type[m[K’ {aka ‘[01m[Klong unsigned int[m[K’} and ‘[01m[Kint[m[K’ [[01;35m[K-Wsign-compare[m[K]
[7.270s]    57 |  if ([01;35m[KlstG.size() >= iLen[m[K)
[7.273s]       |      [01;35m[K~~~~~~~~~~~~^~~~~~~[m[K
[7.433s] [01m[K/home/konyun/hclidar_ros2_driver/src/base/ReadParsePackage.cpp:[m[K In member function ‘[01m[Kint ReadParsePackage::ReadDataSerial(unsigned int)[m[K’:
[7.434s] [01m[K/home/konyun/hclidar_ros2_driver/src/base/ReadParsePackage.cpp:52:9:[m[K [01;35m[Kwarning: [m[Kvariable ‘[01m[KnumDataByte[m[K’ set but not used [[01;35m[K-Wunused-but-set-variable[m[K]
[7.434s]    52 |     int [01;35m[KnumDataByte[m[K;
[7.434s]       |         [01;35m[K^~~~~~~~~~~[m[K
[7.514s] In file included from [01m[K/home/konyun/hclidar_ros2_driver/src/base/hchead.cpp:1[m[K:
[7.515s] [01m[K/home/konyun/hclidar_ros2_driver/src/base/hchead.h:[m[K At global scope:
[7.515s] [01m[K/home/konyun/hclidar_ros2_driver/src/base/hchead.h:395:15:[m[K [01;35m[Kwarning: [m[K‘[01m[Kchar* print_curr_time()[m[K’ defined but not used [[01;35m[K-Wunused-function[m[K]
[7.515s]   395 | static char*  [01;35m[Kprint_curr_time[m[K()
[7.515s]       |               [01;35m[K^~~~~~~~~~~~~~~[m[K
[7.538s] [01m[K/home/konyun/hclidar_ros2_driver/src/base/hclidar.cpp:[m[K In member function ‘[01m[Kvoid HCLidar::readData()[m[K’:
[7.538s] [01m[K/home/konyun/hclidar_ros2_driver/src/base/hclidar.cpp:742:42:[m[K [01;35m[Kwarning: [m[Kcomparison of integer expressions of different signedness: ‘[01m[KUINT64[m[K’ {aka ‘[01m[Klong long unsigned int[m[K’} and ‘[01m[Kint[m[K’ [[01;35m[K-Wsign-compare[m[K]
[7.538s]   742 |     if ([01;35m[K(endTime - m_u64StartTimeNoData) >= m_sSDKPara.iNoDataMS * 1000[m[K)
[7.538s]       |         [01;35m[K~~~~~~~~~~~~~~~~~~~~~~~~~~~~~~~~~^~~~~~~~~~~~~~~~~~~~~~~~~~~~~~[m[K
[7.544s] [01m[K/home/konyun/hclidar_ros2_driver/src/base/hclidar.cpp:[m[K In member function ‘[01m[Kvoid HCLidar::threadParse()[m[K’:
[7.544s] [01m[K/home/konyun/hclidar_ros2_driver/src/base/hclidar.cpp:833:15:[m[K [01;35m[Kwarning: [m[Kcomparison of integer expressions of different signedness: ‘[01m[KUINT64[m[K’ {aka ‘[01m[Klong long unsigned int[m[K’} and ‘[01m[Kint[m[K’ [[01;35m[K-Wsign-compare[m[K]
[7.545s]   833 |    if ([01;35m[Ku64Int >= m_iWaitIDTimeMs[m[K)
[7.545s]       |        [01;35m[K~~~~~~~^~~~~~~~~~~~~~~~~~[m[K
[7.549s] [01m[K/home/konyun/hclidar_ros2_driver/src/base/hclidar.cpp:[m[K In member function ‘[01m[Kbool HCLidar::processData()[m[K’:
[7.550s] [01m[K/home/konyun/hclidar_ros2_driver/src/base/hclidar.cpp:998:5:[m[K [01;35m[Kwarning: [m[Kthis ‘[01m[Kif[m[K’ clause does not guard... [[01;35m[K-Wmisleading-indentation[m[K]
[7.551s]   998 |     [01;35m[Kif[m[K(m_lstBuff.size()<=2)
[7.552s]       |     [01;35m[K^~[m[K
[7.552s] [01m[K/home/konyun/hclidar_ros2_driver/src/base/hclidar.cpp:1001:2:[m[K [01;36m[Knote: [m[K...this statement, but the latter is misleadingly indented as if it were guarded by the ‘[01m[Kif[m[K’
[7.552s]  1001 |  [01;36m[Kif[m[K (m_sStatistic.iErrorCountContinue >= NUMBER_CONTINUE_ERROR_PACKET)
[7.552s]       |  [01;36m[K^~[m[K
[7.553s] [01m[K/home/konyun/hclidar_ros2_driver/src/base/hclidar.cpp:1014:18:[m[K [01;35m[Kwarning: [m[Kcomparison of integer expressions of different signedness: ‘[01m[Kint[m[K’ and ‘[01m[Kstd::vector<unsigned char>::size_type[m[K’ {aka ‘[01m[Klong unsigned int[m[K’} [[01;35m[K-Wsign-compare[m[K]
[7.553s]  1014 |     for(int i=0;[01;35m[Ki<m_lstBuff.size()-1[m[K;i++)
[7.553s]       |                 [01;35m[K~^~~~~~~~~~~~~~~~~~~[m[K
[7.557s] [01m[K/home/konyun/hclidar_ros2_driver/src/base/hclidar.cpp:[m[K In member function ‘[01m[Kbool HCLidar::getDevID(std::vector<unsigned char>&)[m[K’:
[7.557s] [01m[K/home/konyun/hclidar_ros2_driver/src/base/hclidar.cpp:1169:22:[m[K [01;35m[Kwarning: [m[Kcomparison of integer expressions of different signedness: ‘[01m[Kstd::vector<unsigned char>::size_type[m[K’ {aka ‘[01m[Klong unsigned int[m[K’} and ‘[01m[Kint[m[K’ [[01;35m[K-Wsign-compare[m[K]
[7.558s]  1169 |   if ([01;35m[KlstBuff.size() < iLen[m[K)
[7.558s]       |       [01;35m[K~~~~~~~~~~~~~~~^~~~~~[m[K
[7.559s] [01m[K/home/konyun/hclidar_ros2_driver/src/base/hclidar.cpp:1210:13:[m[K [01;35m[Kwarning: [m[Kformat not a string literal and no format arguments [[01;35m[K-Wformat-security[m[K]
[7.560s]  1210 |    LOG_INFO([01;35m[KchTemp[m[K);
[7.560s]       |             [01;35m[K^~~~~~[m[K
[7.561s] [01m[K/home/konyun/hclidar_ros2_driver/src/base/hclidar.cpp:1232:27:[m[K [01;35m[Kwarning: [m[Kcomparison of integer expressions of different signedness: ‘[01m[Kstd::vector<unsigned char>::size_type[m[K’ {aka ‘[01m[Klong unsigned int[m[K’} and ‘[01m[Kint[m[K’ [[01;35m[K-Wsign-compare[m[K]
[7.561s]  1232 |         if([01;35m[KlstBuff.size() < iLen[m[K)
[7.562s]       |            [01;35m[K~~~~~~~~~~~~~~~^~~~~~[m[K
[7.563s] [01m[K/home/konyun/hclidar_ros2_driver/src/base/hclidar.cpp:1282:27:[m[K [01;35m[Kwarning: [m[Kcomparison of integer expressions of different signedness: ‘[01m[Kstd::vector<unsigned char>::size_type[m[K’ {aka ‘[01m[Klong unsigned int[m[K’} and ‘[01m[Kint[m[K’ [[01;35m[K-Wsign-compare[m[K]
[7.563s]  1282 |         if([01;35m[KlstBuff.size() < iLen[m[K)
[7.564s]       |            [01;35m[K~~~~~~~~~~~~~~~^~~~~~[m[K
[7.565s] [01m[K/home/konyun/hclidar_ros2_driver/src/base/hclidar.cpp:[m[K In member function ‘[01m[Kbool HCLidar::calStartInfo(char*, int)[m[K’:
[7.566s] [01m[K/home/konyun/hclidar_ros2_driver/src/base/hclidar.cpp:1324:24:[m[K [01;35m[Kwarning: [m[Kcomparison of integer expressions of different signedness: ‘[01m[KUINT[m[K’ {aka ‘[01m[Kunsigned int[m[K’} and ‘[01m[Kint[m[K’ [[01;35m[K-Wsign-compare[m[K]
[7.567s]  1324 |     for (UINT i = 0; [01;35m[Ki < iLen[m[K; i++)
[7.567s]       |                      [01;35m[K~~^~~~~~[m[K
[7.571s] [01m[K/home/konyun/hclidar_ros2_driver/src/base/hclidar.cpp:[m[K In member function ‘[01m[Kbool HCLidar::getStartInfo(std::vector<unsigned char>&)[m[K’:
[7.574s] [01m[K/home/konyun/hclidar_ros2_driver/src/base/hclidar.cpp:1429:18:[m[K [01;35m[Kwarning: [m[Kcomparison of integer expressions of different signedness: ‘[01m[Kint[m[K’ and ‘[01m[Kstd::vector<unsigned char>::size_type[m[K’ {aka ‘[01m[Klong unsigned int[m[K’} [[01;35m[K-Wsign-compare[m[K]
[7.576s]  1429 |  int iMin = [01;35m[KiLen < lstBuff.size()[m[K ? iLen : lstBuff.size();
[7.577s]       |             [01;35m[K~~~~~^~~~~~~~~~~~~~~~[m[K
[7.587s] [01m[K/home/konyun/hclidar_ros2_driver/src/base/hclidar.cpp:[m[K In member function ‘[01m[Kbool HCLidar::calMCUFrame(char*, int)[m[K’:
[7.587s] [01m[K/home/konyun/hclidar_ros2_driver/src/base/hclidar.cpp:1559:24:[m[K [01;35m[Kwarning: [m[Kcomparison of integer expressions of different signedness: ‘[01m[KUINT[m[K’ {aka ‘[01m[Kunsigned int[m[K’} and ‘[01m[Kint[m[K’ [[01;35m[K-Wsign-compare[m[K]
[7.589s]  1559 |     for (UINT i = 0; [01;35m[Ki < iLen-1[m[K; i++)
[7.591s]       |                      [01;35m[K~~^~~~~~~~[m[K
[7.592s] [01m[K/home/konyun/hclidar_ros2_driver/src/base/hclidar.cpp:[m[K In member function ‘[01m[Kbool HCLidar::getMCUCmd(std::vector<unsigned char>&)[m[K’:
[7.593s] [01m[K/home/konyun/hclidar_ros2_driver/src/base/hclidar.cpp:1575:17:[m[K [01;35m[Kwarning: [m[Kcomparison of integer expressions of different signedness: ‘[01m[Kint[m[K’ and ‘[01m[Kstd::vector<unsigned char>::size_type[m[K’ {aka ‘[01m[Klong unsigned int[m[K’} [[01;35m[K-Wsign-compare[m[K]
[7.593s]  1575 |     if([01;35m[KiPackLen <= lstBuff.size()[m[K)//have a good packet
[7.593s]       |        [01;35m[K~~~~~~~~~^~~~~~~~~~~~~~~~~[m[K
[7.594s] [01m[K/home/konyun/hclidar_ros2_driver/src/base/hclidar.cpp:[m[K In member function ‘[01m[Kbool HCLidar::getPointCloud(std::vector<unsigned char>&)[m[K’:
[7.594s] [01m[K/home/konyun/hclidar_ros2_driver/src/base/hclidar.cpp:1617:18:[m[K [01;35m[Kwarning: [m[Kcomparison of integer expressions of different signedness: ‘[01m[Kint[m[K’ and ‘[01m[Kstd::vector<unsigned char>::size_type[m[K’ {aka ‘[01m[Klong unsigned int[m[K’} [[01;35m[K-Wsign-compare[m[K]
[7.595s]  1617 |  int iMin = [01;35m[KiLen < lstBuff.size()[m[K ? iLen : lstBuff.size();
[7.595s]       |             [01;35m[K~~~~~^~~~~~~~~~~~~~~~[m[K
[7.596s] [01m[K/home/konyun/hclidar_ros2_driver/src/base/hclidar.cpp:1618:21:[m[K [01;35m[Kwarning: [m[Kcomparison of integer expressions of different signedness: ‘[01m[Kstd::vector<unsigned char>::size_type[m[K’ {aka ‘[01m[Klong unsigned int[m[K’} and ‘[01m[Kint[m[K’ [[01;35m[K-Wsign-compare[m[K]
[7.596s]  1618 |  if ([01;35m[KlstBuff.size() < iLen[m[K)
[7.597s]       |      [01;35m[K~~~~~~~~~~~~~~~^~~~~~[m[K
[7.598s] [01m[K/home/konyun/hclidar_ros2_driver/src/base/hclidar.cpp:1653:15:[m[K [01;35m[Kwarning: [m[Kcomparison of integer expressions of different signedness: ‘[01m[Kint[m[K’ and ‘[01m[Kstd::vector<unsigned char>::size_type[m[K’ {aka ‘[01m[Klong unsigned int[m[K’} [[01;35m[K-Wsign-compare[m[K]
[7.598s]  1653 |  if ([01;35m[KiPackLen <= lstBuff.size()[m[K)//have a good packet
[7.598s]       |      [01;35m[K~~~~~~~~~^~~~~~~~~~~~~~~~~[m[K
[7.599s] [01m[K/home/konyun/hclidar_ros2_driver/src/base/hclidar.cpp:[m[K In member function ‘[01m[Kbool HCLidar::parserRangeEX(LstPointCloud&, const char*, int, int, int)[m[K’:
[7.599s] [01m[K/home/konyun/hclidar_ros2_driver/src/base/hclidar.cpp:1730:10:[m[K [01;35m[Kwarning: [m[Kunused variable ‘[01m[KBeforecompensation[m[K’ [[01;35m[K-Wunused-variable[m[K]
[7.599s]  1730 |   double [01;35m[KBeforecompensation[m[K = FA + dAngle * i;
[7.599s]       |          [01;35m[K^~~~~~~~~~~~~~~~~~[m[K
[7.599s] [01m[K/home/konyun/hclidar_ros2_driver/src/base/hclidar.cpp:1732:10:[m[K [01;35m[Kwarning: [m[Kunused variable ‘[01m[KAftercompensation[m[K’ [[01;35m[K-Wunused-variable[m[K]
[7.600s]  1732 |   double [01;35m[KAftercompensation[m[K = angle_cur;
[7.600s]       |          [01;35m[K^~~~~~~~~~~~~~~~~[m[K
[7.601s] [01m[K/home/konyun/hclidar_ros2_driver/src/base/hclidar.cpp:1704:82:[m[K [01;35m[Kwarning: [m[Kunused parameter ‘[01m[KiIndex[m[K’ [[01;35m[K-Wunused-parameter[m[K]
[7.601s]  1704 | bool HCLidar::parserRangeEX(LstPointCloud &resultRange, const char * chBuff, [01;35m[Kint iIndex[m[K, int in_numData, int iPointSize)
[7.602s]       |                                                                              [01;35m[K~~~~^~~~~~[m[K
[7.608s] [01m[K/home/konyun/hclidar_ros2_driver/src/base/hclidar.cpp:[m[K In member function ‘[01m[Kbool HCLidar::checkDataCal(std::vector<unsigned char>&, int)[m[K’:
[7.608s] [01m[K/home/konyun/hclidar_ros2_driver/src/base/hclidar.cpp:1870:20:[m[K [01;35m[Kwarning: [m[Kcomparison of integer expressions of different signedness: ‘[01m[Kint[m[K’ and ‘[01m[Kstd::vector<int>::size_type[m[K’ {aka ‘[01m[Klong unsigned int[m[K’} [[01;35m[K-Wsign-compare[m[K]
[7.609s]  1870 |  for (int i = 0; [01;35m[Ki < temp.size()[m[K; i++)
[7.609s]       |                  [01;35m[K~~^~~~~~~~~~~~~[m[K
[7.609s] [01m[K/home/konyun/hclidar_ros2_driver/src/base/hclidar.cpp:1876:20:[m[K [01;35m[Kwarning: [m[Kcomparison of integer expressions of different signedness: ‘[01m[Kint[m[K’ and ‘[01m[Kstd::vector<int>::size_type[m[K’ {aka ‘[01m[Klong unsigned int[m[K’} [[01;35m[K-Wsign-compare[m[K]
[7.610s]  1876 |  for (int i = 0; [01;35m[Ki < temp.size()[m[K; i++)
[7.610s]       |                  [01;35m[K~~^~~~~~~~~~~~~[m[K
[7.616s] [01m[K/home/konyun/hclidar_ros2_driver/src/base/hclidar.cpp:[m[K In member function ‘[01m[Kvoid HCLidar::checkInvalidLowSpeed(UINT16)[m[K’:
[7.616s] [01m[K/home/konyun/hclidar_ros2_driver/src/base/hclidar.cpp:2021:52:[m[K [01;35m[Kwarning: [m[Kcomparison of integer expressions of different signedness: ‘[01m[KUINT64[m[K’ {aka ‘[01m[Klong long unsigned int[m[K’} and ‘[01m[Kint[m[K’ [[01;35m[K-Wsign-compare[m[K]
[7.616s]  2021 |             if ([01;35m[K(endTime - m_u64StartTimeLowSpeed) >= m_sSDKPara.iSpeedContinueMS*1000[m[K)
[7.616s]       |                 [01;35m[K~~~~~~~~~~~~~~~~~~~~~~~~~~~~~~~~~~~^~~~~~~~~~~~~~~~~~~~~~~~~~~~~~~~~~~[m[K
[7.617s] [01m[K/home/konyun/hclidar_ros2_driver/src/base/hclidar.cpp:[m[K In member function ‘[01m[Kvoid HCLidar::checkInvalidHighSpeed(UINT16)[m[K’:
[7.617s] [01m[K/home/konyun/hclidar_ros2_driver/src/base/hclidar.cpp:2047:53:[m[K [01;35m[Kwarning: [m[Kcomparison of integer expressions of different signedness: ‘[01m[Klong long unsigned int[m[K’ and ‘[01m[Kint[m[K’ [[01;35m[K-Wsign-compare[m[K]
[7.617s]  2047 |             if ([01;35m[K(endTime - m_u64StartTimeHighSpeed) >= m_sSDKPara.iSpeedContinueMS*1000[m[K)
[7.619s]       |                 [01;35m[K~~~~~~~~~~~~~~~~~~~~~~~~~~~~~~~~~~~~^~~~~~~~~~~~~~~~~~~~~~~~~~~~~~~~~~~[m[K
[7.620s] [01m[K/home/konyun/hclidar_ros2_driver/src/base/hclidar.cpp:[m[K In member function ‘[01m[Kvoid HCLidar::checkSharkBlocked()[m[K’:
[7.621s] [01m[K/home/konyun/hclidar_ros2_driver/src/base/hclidar.cpp:2121:20:[m[K [01;35m[Kwarning: [m[Kcomparison of integer expressions of different signedness: ‘[01m[KUINT64[m[K’ {aka ‘[01m[Klong long unsigned int[m[K’} and ‘[01m[Kint[m[K’ [[01;35m[K-Wsign-compare[m[K]
[7.621s]  2121 |         if([01;35m[Ku64Temp >= (m_sSDKPara.iBlockContinueMS+2000)*1000[m[K) //3.5+2S
[7.622s]       |            [01;35m[K~~~~~~~~^~~~~~~~~~~~~~~~~~~~~~~~~~~~~~~~~~~~~~~~~~[m[K
[7.623s] [01m[K/home/konyun/hclidar_ros2_driver/src/base/hclidar.cpp:2126:25:[m[K [01;35m[Kwarning: [m[Kcomparison of integer expressions of different signedness: ‘[01m[KUINT64[m[K’ {aka ‘[01m[Klong long unsigned int[m[K’} and ‘[01m[Kint[m[K’ [[01;35m[K-Wsign-compare[m[K]
[7.623s]  2126 |         else if([01;35m[Ku64Temp >= m_sSDKPara.iBlockContinueMS*1000[m[K && u64Temp < (m_sSDKPara.iBlockContinueMS+2000)*1000)//3.5 - 4.5s
[7.624s]       |                 [01;35m[K~~~~~~~~^~~~~~~~~~~~~~~~~~~~~~~~~~~~~~~~~~~[m[K
[7.624s] [01m[K/home/konyun/hclidar_ros2_driver/src/base/hclidar.cpp:2126:72:[m[K [01;35m[Kwarning: [m[Kcomparison of integer expressions of different signedness: ‘[01m[KUINT64[m[K’ {aka ‘[01m[Klong long unsigned int[m[K’} and ‘[01m[Kint[m[K’ [[01;35m[K-Wsign-compare[m[K]
[7.624s]  2126 |         else if(u64Temp >= m_sSDKPara.iBlockContinueMS*1000 && [01;35m[Ku64Temp < (m_sSDKPara.iBlockContinueMS+2000)*1000[m[K)//3.5 - 4.5s
[7.625s]       |                                                                [01;35m[K~~~~~~~~^~~~~~~~~~~~~~~~~~~~~~~~~~~~~~~~~~~~~~~~~[m[K
[7.625s] [01m[K/home/konyun/hclidar_ros2_driver/src/base/hclidar.cpp:[m[K In member function ‘[01m[Kvoid HCLidar::checkSharkInvalidPoints(tsPointCloud&)[m[K’:
[7.625s] [01m[K/home/konyun/hclidar_ros2_driver/src/base/hclidar.cpp:2171:57:[m[K [01;35m[Kwarning: [m[Kcomparison of integer expressions of different signedness: ‘[01m[Klong long unsigned int[m[K’ and ‘[01m[Kint[m[K’ [[01;35m[K-Wsign-compare[m[K]
[7.625s]  2171 |             if ([01;35m[K(endTime - m_u64StartTimeInvalidPoints) >= m_sSDKPara.iCoverContinueMS*1000[m[K)
[7.626s]       |                 [01;35m[K~~~~~~~~~~~~~~~~~~~~~~~~~~~~~~~~~~~~~~~~^~~~~~~~~~~~~~~~~~~~~~~~~~~~~~~~~~~[m[K
[7.626s] [01m[K/home/konyun/hclidar_ros2_driver/src/base/hclidar.cpp:[m[K In member function ‘[01m[Kvoid HCLidar::grabScanDataWithLoop(std::__cxx11::list<tsNodeInfo>&, tsNodeInfo*, size_t)[m[K’:
[7.626s] [01m[K/home/konyun/hclidar_ros2_driver/src/base/hclidar.cpp:2255:100:[m[K [01;35m[Kwarning: [m[Kunused parameter ‘[01m[KbuffLen[m[K’ [[01;35m[K-Wunused-parameter[m[K]
[7.627s]  2255 | void HCLidar::grabScanDataWithLoop(std::list<tsNodeInfo>& nodeList, tsNodeInfo* nodebuffer, [01;35m[Ksize_t buffLen[m[K)
[7.627s]       |                                                                                             [01;35m[K~~~~~~~^~~~~~~[m[K
[7.627s] [01m[K/home/konyun/hclidar_ros2_driver/src/base/hclidar.cpp:[m[K In member function ‘[01m[Kvoid HCLidar::grabScanData(std::__cxx11::list<tsNodeInfo>&)[m[K’:
[7.627s] [01m[K/home/konyun/hclidar_ros2_driver/src/base/hclidar.cpp:2406:23:[m[K [01;35m[Kwarning: [m[Kcomparison of integer expressions of different signedness: ‘[01m[Kint[m[K’ and ‘[01m[Ksize_t[m[K’ {aka ‘[01m[Klong unsigned int[m[K’} [[01;35m[K-Wsign-compare[m[K]
[7.627s]  2406 |     for (int i = 0; [01;35m[Ki < count[m[K; ++i)
[7.627s]       |                     [01;35m[K~~^~~~~~~[m[K
[7.628s] [01m[K/home/konyun/hclidar_ros2_driver/src/base/hclidar.cpp:[m[K In member function ‘[01m[Kvoid HCLidar::convertDistQ2(LstPointCloud&)[m[K’:
[7.628s] [01m[K/home/konyun/hclidar_ros2_driver/src/base/hclidar.cpp:2422:22:[m[K [01;35m[Kwarning: [m[Kunused variable ‘[01m[Kdist[m[K’ [[01;35m[K-Wunused-variable[m[K]
[7.628s]  2422 |         unsigned int [01;35m[Kdist[m[K = sInfo.u16Dist;
[7.629s]       |                      [01;35m[K^~~~[m[K
[7.629s] [01m[K/home/konyun/hclidar_ros2_driver/src/base/hclidar.cpp:[m[K In member function ‘[01m[Kvoid HCLidar::pushDataWithNoLoopMode(tsNodeInfo&)[m[K’:
[7.630s] [01m[K/home/konyun/hclidar_ros2_driver/src/base/hclidar.cpp:2493:28:[m[K [01;35m[Kwarning: [m[Kcomparison of integer expressions of different signedness: ‘[01m[Kstd::__cxx11::list<tsNodeInfo>::size_type[m[K’ {aka ‘[01m[Klong unsigned int[m[K’} and ‘[01m[Kint[m[K’ [[01;35m[K-Wsign-compare[m[K]
[7.630s]  2493 |     if ([01;35m[Km_sNodeList.size() >= m_sSDKPara.iPollBuffSize[m[K)
[7.630s]       |         [01;35m[K~~~~~~~~~~~~~~~~~~~^~~~~~~~~~~~~~~~~~~~~~~~~~~[m[K
[7.630s] [01m[K/home/konyun/hclidar_ros2_driver/src/base/hclidar.cpp:[m[K In member function ‘[01m[Kvoid HCLidar::pollModePointCloud()[m[K’:
[7.635s] [01m[K/home/konyun/hclidar_ros2_driver/src/base/hclidar.cpp:2568:25:[m[K [01;35m[Kwarning: [m[Kcomparison of integer expressions of different signedness: ‘[01m[Kstd::vector<std::vector<tsPointCloud> >::size_type[m[K’ {aka ‘[01m[Klong unsigned int[m[K’} and ‘[01m[Kint[m[K’ [[01;35m[K-Wsign-compare[m[K]
[7.638s]  2568 |    if ([01;35m[Km_Circles.size() > m_sSDKPara.iCirclesBuffSize[m[K)
[7.640s]       |        [01;35m[K~~~~~~~~~~~~~~~~~^~~~~~~~~~~~~~~~~~~~~~~~~~~~~[m[K
[7.640s] [01m[K/home/konyun/hclidar_ros2_driver/src/base/hclidar.cpp:2576:29:[m[K [01;35m[Kwarning: [m[Kcomparison of integer expressions of different signedness: ‘[01m[Kstd::vector<tsPointCloud>::size_type[m[K’ {aka ‘[01m[Klong unsigned int[m[K’} and ‘[01m[Kint[m[K’ [[01;35m[K-Wsign-compare[m[K]
[7.641s]  2576 |    if ([01;35m[Km_resultRange.size() > m_sSDKPara.iPollBuffSize[m[K)
[7.641s]       |        [01;35m[K~~~~~~~~~~~~~~~~~~~~~^~~~~~~~~~~~~~~~~~~~~~~~~~[m[K
[7.642s] [01m[K/home/konyun/hclidar_ros2_driver/src/base/hclidar.cpp:[m[K In member function ‘[01m[Kvoid HCLidar::callBackFunPointCloud()[m[K’:
[7.642s] [01m[K/home/konyun/hclidar_ros2_driver/src/base/hclidar.cpp:2594:26:[m[K [01;35m[Kwarning: [m[Kcomparison of integer expressions of different signedness: ‘[01m[Kstd::__cxx11::list<tsNodeInfo>::size_type[m[K’ {aka ‘[01m[Klong unsigned int[m[K’} and ‘[01m[Kint[m[K’ [[01;35m[K-Wsign-compare[m[K]
[7.643s]  2594 |   if ([01;35m[Km_sNodeList.size() >= m_sSDKPara.iCallbackBuffSize[m[K)
[7.643s]       |       [01;35m[K~~~~~~~~~~~~~~~~~~~^~~~~~~~~~~~~~~~~~~~~~~~~~~~~~~[m[K
[7.644s] [01m[K/home/konyun/hclidar_ros2_driver/src/base/hclidar.cpp:2627:29:[m[K [01;35m[Kwarning: [m[Kcomparison of integer expressions of different signedness: ‘[01m[Kstd::vector<tsPointCloud>::size_type[m[K’ {aka ‘[01m[Klong unsigned int[m[K’} and ‘[01m[Kint[m[K’ [[01;35m[K-Wsign-compare[m[K]
[7.644s]  2627 |    if ([01;35m[Km_resultRange.size() >= m_sSDKPara.iCallbackBuffSize[m[K)
[7.644s]       |        [01;35m[K~~~~~~~~~~~~~~~~~~~~~^~~~~~~~~~~~~~~~~~~~~~~~~~~~~~~[m[K
[7.644s] [01m[K/home/konyun/hclidar_ros2_driver/src/base/hclidar.cpp:[m[K In member function ‘[01m[Kbool HCLidar::getErrorCode(int, int)[m[K’:
[7.645s] [01m[K/home/konyun/hclidar_ros2_driver/src/base/hclidar.cpp:2704:14:[m[K [01;35m[Kwarning: [m[Kcomparison of integer expressions of different signedness: ‘[01m[KUINT64[m[K’ {aka ‘[01m[Klong long unsigned int[m[K’} and ‘[01m[Kint[m[K’ [[01;35m[K-Wsign-compare[m[K]
[7.645s]  2704 |   if ([01;35m[Ku64Int <= iMs*1000[m[K)
[7.645s]       |       [01;35m[K~~~~~~~^~~~~~~~~~~[m[K
[7.645s] [01m[K/home/konyun/hclidar_ros2_driver/src/base/hclidar.cpp:[m[K In member function ‘[01m[Kbool HCLidar::rockCheckLDSInfo(UINT8*, unLidarInfo&)[m[K’:
[7.645s] [01m[K/home/konyun/hclidar_ros2_driver/src/base/hclidar.cpp:2728:18:[m[K [01;35m[Kwarning: [m[Kcomparison of integer expressions of different signedness: ‘[01m[Kint[m[K’ and ‘[01m[Klong unsigned int[m[K’ [[01;35m[K-Wsign-compare[m[K]
[7.646s]  2728 |  if ([01;35m[Kdecode_size < sizeof(unLidarInfo)[m[K)
[7.646s]       |      [01;35m[K~~~~~~~~~~~~^~~~~~~~~~~~~~~~~~~~~[m[K
[7.646s] [01m[K/home/konyun/hclidar_ros2_driver/src/base/hclidar.cpp:2721:6:[m[K [01;35m[Kwarning: [m[Kunused variable ‘[01m[Ksize[m[K’ [[01;35m[K-Wunused-variable[m[K]
[7.647s]  2721 |  int [01;35m[Ksize[m[K = 0;
[7.647s]       |      [01;35m[K^~~~[m[K
[7.648s] [01m[K/home/konyun/hclidar_ros2_driver/src/base/hclidar.cpp:[m[K In member function ‘[01m[Kvoid HCLidar::rockDecodeLDSInfoPacket(UINT8*, UINT8*, int&)[m[K’:
[7.648s] [01m[K/home/konyun/hclidar_ros2_driver/src/base/hclidar.cpp:2750:20:[m[K [01;35m[Kwarning: [m[Kcomparison of integer expressions of different signedness: ‘[01m[Kint[m[K’ and ‘[01m[Klong unsigned int[m[K’ [[01;35m[K-Wsign-compare[m[K]
[7.649s]  2750 |  for (int i = 0; i < RCV_SIZE; i++)
[7.649s] [01m[K/home/konyun/hclidar_ros2_driver/src/base/hclidar.cpp:2754:10:[m[K [01;35m[Kwarning: [m[Kcomparison of integer expressions of different signedness: ‘[01m[Kint[m[K’ and ‘[01m[Klong unsigned int[m[K’ [[01;35m[K-Wsign-compare[m[K]
[7.649s]  2754 |    if ([01;35m[Ki < RCV_SIZE - 1[m[K)
[7.649s]       |        [01;35m[K~~^~~~~~~~~~~~~~[m[K
[7.650s] [01m[K/home/konyun/hclidar_ros2_driver/src/base/hclidar.cpp:[m[K In member function ‘[01m[Kbool HCLidar::rockCheckCRC(unLidarInfo)[m[K’:
[7.650s] [01m[K/home/konyun/hclidar_ros2_driver/src/base/hclidar.cpp:2770:20:[m[K [01;35m[Kwarning: [m[Kcomparison of integer expressions of different signedness: ‘[01m[Kint[m[K’ and ‘[01m[Klong unsigned int[m[K’ [[01;35m[K-Wsign-compare[m[K]
[7.651s]  2770 |  for (int i = 0; [01;35m[Ki < (sizeof(unLidarInfo) / sizeof(UINT16) - 1)[m[K; i++)
[7.651s]       |                  [01;35m[K~~^~~~~~~~~~~~~~~~~~~~~~~~~~~~~~~~~~~~~~~~~~~~[m[K
[7.652s] [01m[K/home/konyun/hclidar_ros2_driver/src/base/hclidar.cpp:[m[K In member function ‘[01m[Kvoid HCLidar::checkChangeSpeed()[m[K’:
[7.652s] [01m[K/home/konyun/hclidar_ros2_driver/src/base/hclidar.cpp:2804:14:[m[K [01;35m[Kwarning: [m[Kcomparison of integer expressions of different signedness: ‘[01m[KUINT64[m[K’ {aka ‘[01m[Klong long unsigned int[m[K’} and ‘[01m[Kint[m[K’ [[01;35m[K-Wsign-compare[m[K]
[7.652s]  2804 |  if ([01;35m[Ku64Temp >= (m_sSDKPara.iChangeSpeedMS ) * 1000[m[K) //2.5S
[7.653s]       |      [01;35m[K~~~~~~~~^~~~~~~~~~~~~~~~~~~~~~~~~~~~~~~~~~~~~~[m[K
[7.667s] [01m[K/home/konyun/hclidar_ros2_driver/src/base/lidar.cpp:[m[K In member function ‘[01m[Kvoid Dev::CacheScanData()[m[K’:
[7.668s] [01m[K/home/konyun/hclidar_ros2_driver/src/base/lidar.cpp:101:6:[m[K [01;35m[Kwarning: [m[Kunused variable ‘[01m[KsameAngleCount[m[K’ [[01;35m[K-Wunused-variable[m[K]
[7.668s]   101 |  int [01;35m[KsameAngleCount[m[K;
[7.669s]       |      [01;35m[K^~~~~~~~~~~~~~[m[K
[7.671s] [01m[K/home/konyun/hclidar_ros2_driver/src/base/lidar.cpp:[m[K In member function ‘[01m[Kvoid Dev::GrabScanDataWithLoop(std::__cxx11::list<node_info>&, node_info*, size_t)[m[K’:
[7.672s] [01m[K/home/konyun/hclidar_ros2_driver/src/base/lidar.cpp:194:94:[m[K [01;35m[Kwarning: [m[Kunused parameter ‘[01m[KbuffLen[m[K’ [[01;35m[K-Wunused-parameter[m[K]
[7.673s]   194 | void Dev::GrabScanDataWithLoop(std::list<node_info>& nodeList, node_info* nodebuffer, [01;35m[Ksize_t buffLen[m[K)
[7.674s]       |                                                                                       [01;35m[K~~~~~~~^~~~~~~[m[K
[7.677s] [01m[K/home/konyun/hclidar_ros2_driver/src/base/lidar.cpp:[m[K In member function ‘[01m[Kvoid Dev::GrabScanData(std::__cxx11::list<node_info>&)[m[K’:
[7.690s] [01m[K/home/konyun/hclidar_ros2_driver/src/base/lidar.cpp:338:23:[m[K [01;35m[Kwarning: [m[Kcomparison of integer expressions of different signedness: ‘[01m[Kint[m[K’ and ‘[01m[Ksize_t[m[K’ {aka ‘[01m[Klong unsigned int[m[K’} [[01;35m[K-Wsign-compare[m[K]
[7.691s]   338 |     for (int i = 0; [01;35m[Ki < count[m[K; ++i)
[7.692s]       |                     [01;35m[K~~^~~~~~~[m[K
[7.708s] [01m[K/home/konyun/hclidar_ros2_driver/src/base/lidar.cpp:[m[K In member function ‘[01m[Kvoid Dev::GetScanData(node_info*, size_t, size_t&, bool)[m[K’:
[7.711s] [01m[K/home/konyun/hclidar_ros2_driver/src/base/lidar.cpp:357:23:[m[K [01;35m[Kwarning: [m[Kcomparison of integer expressions of different signedness: ‘[01m[Kint[m[K’ and ‘[01m[Ksize_t[m[K’ {aka ‘[01m[Klong unsigned int[m[K’} [[01;35m[K-Wsign-compare[m[K]
[7.720s]   357 |     for (int i = 0; [01;35m[Ki < count[m[K; ++i)
[7.720s]       |                     [01;35m[K~~^~~~~~~[m[K
[7.721s] [ 55%] [32mBuilding CXX object src/base/CMakeFiles/lidar.dir/HC_serial.cpp.o[0m
[8.007s] [ 66%] [32mBuilding CXX object src/base/CMakeFiles/lidar.dir/HcSDK.cpp.o[0m
[9.191s] [01m[K/home/konyun/hclidar_ros2_driver/src/base/HC_serial.cpp:[m[K In function ‘[01m[Kvoid signal_handler_IO(int)[m[K’:
[9.192s] [01m[K/home/konyun/hclidar_ros2_driver/src/base/HC_serial.cpp:39:28:[m[K [01;35m[Kwarning: [m[Kunused parameter ‘[01m[Kstatus[m[K’ [[01;35m[K-Wunused-parameter[m[K]
[9.193s]    39 | void signal_handler_IO([01;35m[Kint status[m[K)
[9.194s]       |                        [01;35m[K~~~~^~~~~~[m[K
[9.408s] In file included from [01m[K/home/konyun/hclidar_ros2_driver/src/base/HcSDK.cpp:2[m[K:
[9.408s] [01m[K/home/konyun/hclidar_ros2_driver/src/base/HcSDK.h:77:2:[m[K [01;35m[Kwarning: [m[Kextra ‘[01m[K;[m[K’ [[01;35m[K-Wpedantic[m[K]
[9.409s]    77 | }[01;35m[K;[m[K
[9.409s]       |  [01;35m[K^[m[K
[9.856s] [01m[K/home/konyun/hclidar_ros2_driver/src/base/HcSDK.cpp:154:2:[m[K [01;35m[Kwarning: [m[Kextra ‘[01m[K;[m[K’ [[01;35m[K-Wpedantic[m[K]
[9.856s]   154 | }[01;35m[K;[m[K
[9.857s]       |  [01;35m[K^[m[K
[10.055s] In file included from [01m[K/home/konyun/hclidar_ros2_driver/src/base/hclidar.h:5[m[K,
[10.056s]                  from [01m[K/home/konyun/hclidar_ros2_driver/src/base/HcSDK.cpp:5[m[K:
[10.056s] [01m[K/home/konyun/hclidar_ros2_driver/src/base/hchead.h:395:15:[m[K [01;35m[Kwarning: [m[K‘[01m[Kchar* print_curr_time()[m[K’ defined but not used [[01;35m[K-Wunused-function[m[K]
[10.056s]   395 | static char*  [01;35m[Kprint_curr_time[m[K()
[10.057s]       |               [01;35m[K^~~~~~~~~~~~~~~[m[K
[10.732s] [ 77%] [32m[1mLinking CXX static library liblidar.a[0m
[10.886s] [ 77%] Built target lidar
[10.920s] [35m[1mScanning dependencies of target hclidar_driver_ros2_node[0m
[11.031s] [ 88%] [32mBuilding CXX object CMakeFiles/hclidar_driver_ros2_node.dir/src/hclidar_driver_ros2_node.cpp.o[0m
[15.138s] In file included from [01m[K/home/konyun/hclidar_ros2_driver/src/hclidar_driver_ros2_node.cpp:34[m[K:
[15.139s] [01m[K/home/konyun/hclidar_ros2_driver/src/base/HcSDK.h:77:2:[m[K [01;35m[Kwarning: [m[Kextra ‘[01m[K;[m[K’ [[01;35m[K-Wpedantic[m[K]
[15.140s]    77 | }[01;35m[K;[m[K
[15.140s]       |  [01;35m[K^[m[K
[15.141s] [01m[K/home/konyun/hclidar_ros2_driver/src/hclidar_driver_ros2_node.cpp:[m[K In function ‘[01m[Kvoid sdkCallBackFunErrorCode(int)[m[K’:
[15.141s] [01m[K/home/konyun/hclidar_ros2_driver/src/hclidar_driver_ros2_node.cpp:46:9:[m[K [01;35m[Kwarning: [m[Kformat not a string literal and no format arguments [[01;35m[K-Wformat-security[m[K]
[15.142s]    46 |  printf([01;35m[Kbuff[m[K);
[15.142s]       |         [01;35m[K^~~~[m[K
[15.142s] [01m[K/home/konyun/hclidar_ros2_driver/src/hclidar_driver_ros2_node.cpp:[m[K In function ‘[01m[Kvoid sdkCallBackFunSecondInfo(tsSDKStatistic)[m[K’:
[15.142s] [01m[K/home/konyun/hclidar_ros2_driver/src/hclidar_driver_ros2_node.cpp:65:9:[m[K [01;35m[Kwarning: [m[Kformat not a string literal and no format arguments [[01;35m[K-Wformat-security[m[K]
[15.142s]    65 |  printf([01;35m[Kbuff[m[K);
[15.142s]       |         [01;35m[K^~~~[m[K
[15.147s] [01m[K/home/konyun/hclidar_ros2_driver/src/hclidar_driver_ros2_node.cpp:[m[K In function ‘[01m[Kvoid sdkCallBackFunPointCloud(LstPointCloud)[m[K’:
[15.147s] [01m[K/home/konyun/hclidar_ros2_driver/src/hclidar_driver_ros2_node.cpp:79:38:[m[K [01;35m[Kwarning: [m[Kformat ‘[01m[K%d[m[K’ expects argument of type ‘[01m[Kint[m[K’, but argument 3 has type ‘[01m[Kstd::vector<tsPointCloud>::size_type[m[K’ {aka ‘[01m[Klong unsigned int[m[K’} [[01;35m[K-Wformat=[m[K]
[15.147s]    79 |  sprintf(buff, "---------------Size=[01;35m[K%d[m[K\n", [32m[KlstG.size()[m[K);
[15.148s]       |                                     [01;35m[K~^[m[K     [32m[K~~~~~~~~~~~[m[K
[15.148s]       |                                      [01;35m[K|[m[K              [32m[K|[m[K
[15.148s]       |                                      [01;35m[Kint[m[K            [32m[Kstd::vector<tsPointCloud>::size_type {aka long unsigned int}[m[K
[15.149s]       |                                     [32m[K%ld[m[K
[15.149s] [01m[K/home/konyun/hclidar_ros2_driver/src/hclidar_driver_ros2_node.cpp:80:9:[m[K [01;35m[Kwarning: [m[Kformat not a string literal and no format arguments [[01;35m[K-Wformat-security[m[K]
[15.149s]    80 |  printf([01;35m[Kbuff[m[K);
[15.149s]       |         [01;35m[K^~~~[m[K
[15.158s] [01m[K/home/konyun/hclidar_ros2_driver/src/hclidar_driver_ros2_node.cpp:[m[K In function ‘[01m[Kvoid sdkCallBackFunDistQ2(LstNodeDistQ2)[m[K’:
[15.159s] [01m[K/home/konyun/hclidar_ros2_driver/src/hclidar_driver_ros2_node.cpp:106:14:[m[K [01;35m[Kwarning: [m[Kvariable ‘[01m[KsInfo[m[K’ set but not used [[01;35m[K-Wunused-but-set-variable[m[K]
[15.159s]   106 |     for(auto [01;35m[KsInfo[m[K : lstG)
[15.159s]       |              [01;35m[K^~~~~[m[K
[15.259s] [01m[K/home/konyun/hclidar_ros2_driver/src/hclidar_driver_ros2_node.cpp:[m[K In function ‘[01m[Kint main(int, char**)[m[K’:
[15.260s] [01m[K/home/konyun/hclidar_ros2_driver/src/hclidar_driver_ros2_node.cpp:282:40:[m[K [01;35m[Kwarning: [m[Kcomparison of integer expressions of different signedness: ‘[01m[Kint[m[K’ and ‘[01m[Kstd::vector<tsPointCloud>::size_type[m[K’ {aka ‘[01m[Klong unsigned int[m[K’} [[01;35m[K-Wsign-compare[m[K]
[15.260s]   282 |                         for(int i=0; [01;35m[Ki < lstG.size()[m[K; i++)
[15.260s]       |                                      [01;35m[K~~^~~~~~~~~~~~~[m[K
[15.260s] [01m[K/home/konyun/hclidar_ros2_driver/src/hclidar_driver_ros2_node.cpp:298:51:[m[K [01;35m[Kwarning: [m[Kcomparison of integer expressions of different signedness: ‘[01m[Kint[m[K’ and ‘[01m[Kstd::vector<tsPointCloud>::size_type[m[K’ {aka ‘[01m[Klong unsigned int[m[K’} [[01;35m[K-Wsign-compare[m[K]
[15.261s]   298 |                             if(index >=0 && [01;35m[Kindex < lstG.size()[m[K)
[15.261s]       |                                             [01;35m[K~~~~~~^~~~~~~~~~~~~[m[K
[21.203s] [100%] [32m[1mLinking CXX executable hclidar_driver_ros2_node[0m
[21.838s] [100%] Built target hclidar_driver_ros2_node
[21.884s] Invoked command in '/home/konyun/hclidar_ros2_driver/build/hclidar_driver_ros2' returned '0': CMAKE_PREFIX_PATH=${CMAKE_PREFIX_PATH}:/opt/ros/foxy /usr/bin/cmake --build /home/konyun/hclidar_ros2_driver/build/hclidar_driver_ros2 -- -j4 -l4
[22.026s] Invoking command in '/home/konyun/hclidar_ros2_driver/build/hclidar_driver_ros2': CMAKE_PREFIX_PATH=${CMAKE_PREFIX_PATH}:/opt/ros/foxy /usr/bin/cmake --install /home/konyun/hclidar_ros2_driver/build/hclidar_driver_ros2
[22.048s] -- Install configuration: ""
[22.049s] -- Execute custom install script
[22.050s] -- Symlinking: /home/konyun/hclidar_ros2_driver/install/hclidar_driver_ros2/lib/hclidar_driver_ros2/hclidar_driver_ros2_node
[22.083s] -- Symlinking: /home/konyun/hclidar_ros2_driver/install/hclidar_driver_ros2/share/hclidar_driver_ros2/launch/hclidar.py
[22.109s] -- Symlinking: /home/konyun/hclidar_ros2_driver/install/hclidar_driver_ros2/share/hclidar_driver_ros2/launch/hclidar_launch.py
[22.142s] -- Symlinking: /home/konyun/hclidar_ros2_driver/install/hclidar_driver_ros2/share/hclidar_driver_ros2/launch/hclidar_launch_rviz.py
[22.178s] -- Symlinking: /home/konyun/hclidar_ros2_driver/install/hclidar_driver_ros2/share/hclidar_driver_ros2/params/hclidar.yaml
[22.201s] -- Symlinking: /home/konyun/hclidar_ros2_driver/install/hclidar_driver_ros2/share/ament_index/resource_index/package_run_dependencies/hclidar_driver_ros2
[22.229s] -- Symlinking: /home/konyun/hclidar_ros2_driver/install/hclidar_driver_ros2/share/ament_index/resource_index/parent_prefix_path/hclidar_driver_ros2
[22.260s] -- Symlinking: /home/konyun/hclidar_ros2_driver/install/hclidar_driver_ros2/share/hclidar_driver_ros2/environment/ament_prefix_path.sh
[22.296s] -- Symlinking: /home/konyun/hclidar_ros2_driver/install/hclidar_driver_ros2/share/hclidar_driver_ros2/environment/ament_prefix_path.dsv
[22.324s] -- Symlinking: /home/konyun/hclidar_ros2_driver/install/hclidar_driver_ros2/share/hclidar_driver_ros2/environment/path.sh
[22.350s] -- Symlinking: /home/konyun/hclidar_ros2_driver/install/hclidar_driver_ros2/share/hclidar_driver_ros2/environment/path.dsv
[22.382s] -- Symlinking: /home/konyun/hclidar_ros2_driver/install/hclidar_driver_ros2/share/hclidar_driver_ros2/local_setup.bash
[22.419s] -- Symlinking: /home/konyun/hclidar_ros2_driver/install/hclidar_driver_ros2/share/hclidar_driver_ros2/local_setup.sh
[22.443s] -- Symlinking: /home/konyun/hclidar_ros2_driver/install/hclidar_driver_ros2/share/hclidar_driver_ros2/local_setup.zsh
[22.481s] -- Symlinking: /home/konyun/hclidar_ros2_driver/install/hclidar_driver_ros2/share/hclidar_driver_ros2/local_setup.dsv
[22.516s] -- Symlinking: /home/konyun/hclidar_ros2_driver/install/hclidar_driver_ros2/share/hclidar_driver_ros2/package.dsv
[22.546s] -- Symlinking: /home/konyun/hclidar_ros2_driver/install/hclidar_driver_ros2/share/ament_index/resource_index/packages/hclidar_driver_ros2
[22.584s] -- Symlinking: /home/konyun/hclidar_ros2_driver/install/hclidar_driver_ros2/share/hclidar_driver_ros2/cmake/hclidar_driver_ros2Config.cmake
[22.611s] -- Symlinking: /home/konyun/hclidar_ros2_driver/install/hclidar_driver_ros2/share/hclidar_driver_ros2/cmake/hclidar_driver_ros2Config-version.cmake
[22.642s] -- Symlinking: /home/konyun/hclidar_ros2_driver/install/hclidar_driver_ros2/share/hclidar_driver_ros2/package.xml
[22.681s] Invoked command in '/home/konyun/hclidar_ros2_driver/build/hclidar_driver_ros2' returned '0': CMAKE_PREFIX_PATH=${CMAKE_PREFIX_PATH}:/opt/ros/foxy /usr/bin/cmake --install /home/konyun/hclidar_ros2_driver/build/hclidar_driver_ros2
