[0.075s] Invoking command in '/home/konyun/hclidar_ros2_driver/build/hclidar_ros2_driver': CMAKE_PREFIX_PATH=${CMAKE_PREFIX_PATH}:/opt/ros/foxy /usr/bin/cmake --build /home/konyun/hclidar_ros2_driver/build/hclidar_ros2_driver -- -j4 -l4
[0.332s] [ 63%] Built target lidar
[0.346s] [ 81%] Built target hclidar_ros2_driver_client
[0.418s] [100%] Built target hclidar_ros2_driver_node
[0.456s] Invoked command in '/home/konyun/hclidar_ros2_driver/build/hclidar_ros2_driver' returned '0': CMAKE_PREFIX_PATH=${CMAKE_PREFIX_PATH}:/opt/ros/foxy /usr/bin/cmake --build /home/konyun/hclidar_ros2_driver/build/hclidar_ros2_driver -- -j4 -l4
[0.563s] Invoking command in '/home/konyun/hclidar_ros2_driver/build/hclidar_ros2_driver': CMAKE_PREFIX_PATH=${CMAKE_PREFIX_PATH}:/opt/ros/foxy /usr/bin/cmake --install /home/konyun/hclidar_ros2_driver/build/hclidar_ros2_driver
[0.583s] -- Install configuration: ""
[0.584s] -- Execute custom install script
[0.585s] -- Up-to-date symlink: /home/konyun/hclidar_ros2_driver/install/hclidar_ros2_driver/lib/hclidar_ros2_driver/hclidar_ros2_driver_node
[0.586s] -- Up-to-date symlink: /home/konyun/hclidar_ros2_driver/install/hclidar_ros2_driver/lib/hclidar_ros2_driver/hclidar_ros2_driver_client
[0.587s] -- Up-to-date symlink: /home/konyun/hclidar_ros2_driver/install/hclidar_ros2_driver/share/hclidar_ros2_driver/launch/hclidar.py
[0.588s] -- Up-to-date symlink: /home/konyun/hclidar_ros2_driver/install/hclidar_ros2_driver/share/hclidar_ros2_driver/launch/hclidar_launch.py
[0.588s] -- Up-to-date symlink: /home/konyun/hclidar_ros2_driver/install/hclidar_ros2_driver/share/hclidar_ros2_driver/launch/hclidar_launch_view.py
[0.589s] -- Up-to-date symlink: /home/konyun/hclidar_ros2_driver/install/hclidar_ros2_driver/share/hclidar_ros2_driver/params/hclidar.yaml
[0.590s] -- Up-to-date symlink: /home/konyun/hclidar_ros2_driver/install/hclidar_ros2_driver/share/ament_index/resource_index/package_run_dependencies/hclidar_ros2_driver
[0.591s] -- Up-to-date symlink: /home/konyun/hclidar_ros2_driver/install/hclidar_ros2_driver/share/ament_index/resource_index/parent_prefix_path/hclidar_ros2_driver
[0.591s] -- Up-to-date symlink: /home/konyun/hclidar_ros2_driver/install/hclidar_ros2_driver/share/hclidar_ros2_driver/environment/ament_prefix_path.sh
[0.592s] -- Up-to-date symlink: /home/konyun/hclidar_ros2_driver/install/hclidar_ros2_driver/share/hclidar_ros2_driver/environment/ament_prefix_path.dsv
[0.593s] -- Up-to-date symlink: /home/konyun/hclidar_ros2_driver/install/hclidar_ros2_driver/share/hclidar_ros2_driver/environment/path.sh
[0.594s] -- Up-to-date symlink: /home/konyun/hclidar_ros2_driver/install/hclidar_ros2_driver/share/hclidar_ros2_driver/environment/path.dsv
[0.594s] -- Up-to-date symlink: /home/konyun/hclidar_ros2_driver/install/hclidar_ros2_driver/share/hclidar_ros2_driver/local_setup.bash
[0.595s] -- Up-to-date symlink: /home/konyun/hclidar_ros2_driver/install/hclidar_ros2_driver/share/hclidar_ros2_driver/local_setup.sh
[0.596s] -- Up-to-date symlink: /home/konyun/hclidar_ros2_driver/install/hclidar_ros2_driver/share/hclidar_ros2_driver/local_setup.zsh
[0.596s] -- Up-to-date symlink: /home/konyun/hclidar_ros2_driver/install/hclidar_ros2_driver/share/hclidar_ros2_driver/local_setup.dsv
[0.597s] -- Symlinking: /home/konyun/hclidar_ros2_driver/install/hclidar_ros2_driver/share/hclidar_ros2_driver/package.dsv
[0.622s] -- Up-to-date symlink: /home/konyun/hclidar_ros2_driver/install/hclidar_ros2_driver/share/ament_index/resource_index/packages/hclidar_ros2_driver
[0.623s] -- Up-to-date symlink: /home/konyun/hclidar_ros2_driver/install/hclidar_ros2_driver/share/hclidar_ros2_driver/cmake/hclidar_ros2_driverConfig.cmake
[0.624s] -- Up-to-date symlink: /home/konyun/hclidar_ros2_driver/install/hclidar_ros2_driver/share/hclidar_ros2_driver/cmake/hclidar_ros2_driverConfig-version.cmake
[0.625s] -- Up-to-date symlink: /home/konyun/hclidar_ros2_driver/install/hclidar_ros2_driver/share/hclidar_ros2_driver/package.xml
[0.634s] Invoked command in '/home/konyun/hclidar_ros2_driver/build/hclidar_ros2_driver' returned '0': CMAKE_PREFIX_PATH=${CMAKE_PREFIX_PATH}:/opt/ros/foxy /usr/bin/cmake --install /home/konyun/hclidar_ros2_driver/build/hclidar_ros2_driver
