[2.249s] DEBUG:colcon:Command line arguments: ['/usr/bin/colcon', 'build', '--symlink-install']
[2.250s] DEBUG:colcon:Parsed command line arguments: Namespace(allow_overriding=[], ament_cmake_args=None, base_paths=['.'], build_base='build', catkin_cmake_args=None, catkin_skip_building_tests=False, cmake_args=None, cmake_clean_cache=False, cmake_clean_first=False, cmake_force_configure=False, cmake_target=None, cmake_target_skip_unavailable=False, continue_on_error=False, event_handlers=None, executor='parallel', ignore_user_meta=False, install_base='install', log_base=None, log_level=None, main=<bound method BuildVerb.main of <colcon_core.verb.build.BuildVerb object at 0x7f7080ea4550>>, merge_install=False, metas=['./colcon.meta'], packages_above=None, packages_above_and_dependencies=None, packages_above_depth=None, packages_end=None, packages_ignore=None, packages_ignore_regex=None, packages_select=None, packages_select_build_failed=False, packages_select_by_dep=None, packages_select_regex=None, packages_select_test_failures=False, packages_skip=None, packages_skip_build_finished=False, packages_skip_by_dep=None, packages_skip_regex=None, packages_skip_test_passed=False, packages_skip_up_to=None, packages_start=None, packages_up_to=None, packages_up_to_regex=None, parallel_workers=4, paths=None, symlink_install=True, test_result_base=None, verb_extension=<colcon_core.verb.build.BuildVerb object at 0x7f7080ea4550>, verb_name='build', verb_parser=<colcon_defaults.argument_parser.defaults.DefaultArgumentsDecorator object at 0x7f7080ea4a90>)
[2.863s] Level 1:colcon.colcon_core.package_discovery:discover_packages(colcon_meta) check parameters
[2.863s] Level 1:colcon.colcon_core.package_discovery:discover_packages(recursive) check parameters
[2.863s] Level 1:colcon.colcon_core.package_discovery:discover_packages(ignore) check parameters
[2.863s] Level 1:colcon.colcon_core.package_discovery:discover_packages(path) check parameters
[2.863s] Level 1:colcon.colcon_core.package_discovery:discover_packages(colcon_meta) discover
[2.863s] Level 1:colcon.colcon_core.package_discovery:discover_packages(recursive) discover
[2.863s] INFO:colcon.colcon_core.package_discovery:Crawling recursively for packages in '/home/konyun/hclidar_ros2_driver'
[2.863s] Level 1:colcon.colcon_core.package_identification:_identify(.) by extensions ['ignore', 'ignore_ament_install']
[2.864s] Level 1:colcon.colcon_core.package_identification:_identify(.) by extension 'ignore'
[2.864s] Level 1:colcon.colcon_core.package_identification:_identify(.) by extension 'ignore_ament_install'
[2.864s] Level 1:colcon.colcon_core.package_identification:_identify(.) by extensions ['colcon_pkg']
[2.864s] Level 1:colcon.colcon_core.package_identification:_identify(.) by extension 'colcon_pkg'
[2.864s] Level 1:colcon.colcon_core.package_identification:_identify(.) by extensions ['colcon_meta']
[2.864s] Level 1:colcon.colcon_core.package_identification:_identify(.) by extension 'colcon_meta'
[2.864s] Level 1:colcon.colcon_core.package_identification:_identify(.) by extensions ['ros']
[2.864s] Level 1:colcon.colcon_core.package_identification:_identify(.) by extension 'ros'
[2.951s] DEBUG:colcon.colcon_core.package_identification:Package '.' with type 'ros.ament_cmake' and name 'hclidar_driver_ros2'
[2.952s] Level 1:colcon.colcon_core.package_discovery:discover_packages(recursive) using defaults
[2.953s] Level 1:colcon.colcon_core.package_discovery:discover_packages(ignore) discover
[2.954s] Level 1:colcon.colcon_core.package_discovery:discover_packages(ignore) using defaults
[2.954s] Level 1:colcon.colcon_core.package_discovery:discover_packages(path) discover
[2.954s] Level 1:colcon.colcon_core.package_discovery:discover_packages(path) using defaults
[3.158s] Level 1:colcon.colcon_core.package_discovery:discover_packages(prefix_path) check parameters
[3.158s] Level 1:colcon.colcon_core.package_discovery:discover_packages(prefix_path) discover
[3.168s] DEBUG:colcon.colcon_installed_package_information.package_discovery:Found 1 installed packages in /home/konyun/hclidar_ros2_driver/install
[3.172s] DEBUG:colcon.colcon_installed_package_information.package_discovery:Found 256 installed packages in /opt/ros/foxy
[3.176s] Level 1:colcon.colcon_core.package_discovery:discover_packages(prefix_path) using defaults
[4.114s] Level 5:colcon.colcon_core.verb:set package 'hclidar_driver_ros2' build argument 'cmake_args' from command line to 'None'
[4.114s] Level 5:colcon.colcon_core.verb:set package 'hclidar_driver_ros2' build argument 'cmake_target' from command line to 'None'
[4.114s] Level 5:colcon.colcon_core.verb:set package 'hclidar_driver_ros2' build argument 'cmake_target_skip_unavailable' from command line to 'False'
[4.114s] Level 5:colcon.colcon_core.verb:set package 'hclidar_driver_ros2' build argument 'cmake_clean_cache' from command line to 'False'
[4.114s] Level 5:colcon.colcon_core.verb:set package 'hclidar_driver_ros2' build argument 'cmake_clean_first' from command line to 'False'
[4.114s] Level 5:colcon.colcon_core.verb:set package 'hclidar_driver_ros2' build argument 'cmake_force_configure' from command line to 'False'
[4.114s] Level 5:colcon.colcon_core.verb:set package 'hclidar_driver_ros2' build argument 'ament_cmake_args' from command line to 'None'
[4.115s] Level 5:colcon.colcon_core.verb:set package 'hclidar_driver_ros2' build argument 'catkin_cmake_args' from command line to 'None'
[4.115s] Level 5:colcon.colcon_core.verb:set package 'hclidar_driver_ros2' build argument 'catkin_skip_building_tests' from command line to 'False'
[4.115s] DEBUG:colcon.colcon_core.verb:Building package 'hclidar_driver_ros2' with the following arguments: {'ament_cmake_args': None, 'build_base': '/home/konyun/hclidar_ros2_driver/build/hclidar_driver_ros2', 'catkin_cmake_args': None, 'catkin_skip_building_tests': False, 'cmake_args': None, 'cmake_clean_cache': False, 'cmake_clean_first': False, 'cmake_force_configure': False, 'cmake_target': None, 'cmake_target_skip_unavailable': False, 'install_base': '/home/konyun/hclidar_ros2_driver/install/hclidar_driver_ros2', 'merge_install': False, 'path': '/home/konyun/hclidar_ros2_driver', 'symlink_install': True, 'test_result_base': None}
[4.116s] INFO:colcon.colcon_core.executor:Executing jobs using 'parallel' executor
[4.125s] DEBUG:colcon.colcon_parallel_executor.executor.parallel:run_until_complete
[4.126s] INFO:colcon.colcon_ros.task.ament_cmake.build:Building ROS package in '/home/konyun/hclidar_ros2_driver' with build type 'ament_cmake'
[4.126s] INFO:colcon.colcon_cmake.task.cmake.build:Building CMake package in '/home/konyun/hclidar_ros2_driver'
[4.172s] INFO:colcon.colcon_core.plugin_system:Skipping extension 'colcon_core.shell.bat': Not used on non-Windows systems
[4.172s] INFO:colcon.colcon_core.shell:Skip shell extension 'powershell' for command environment: Not usable outside of PowerShell
[4.172s] DEBUG:colcon.colcon_core.shell:Skip shell extension 'dsv' for command environment
[4.267s] DEBUG:colcon.colcon_core.event_handler.log_command:Invoking command in '/home/konyun/hclidar_ros2_driver/build/hclidar_driver_ros2': CMAKE_PREFIX_PATH=${CMAKE_PREFIX_PATH}:/opt/ros/foxy /usr/bin/cmake --build /home/konyun/hclidar_ros2_driver/build/hclidar_driver_ros2 -- -j4 -l4
[17.766s] DEBUG:colcon.colcon_core.event_handler.log_command:Invoked command in '/home/konyun/hclidar_ros2_driver/build/hclidar_driver_ros2' returned '0': CMAKE_PREFIX_PATH=${CMAKE_PREFIX_PATH}:/opt/ros/foxy /usr/bin/cmake --build /home/konyun/hclidar_ros2_driver/build/hclidar_driver_ros2 -- -j4 -l4
[17.887s] DEBUG:colcon.colcon_core.event_handler.log_command:Invoking command in '/home/konyun/hclidar_ros2_driver/build/hclidar_driver_ros2': CMAKE_PREFIX_PATH=${CMAKE_PREFIX_PATH}:/opt/ros/foxy /usr/bin/cmake --install /home/konyun/hclidar_ros2_driver/build/hclidar_driver_ros2
[18.047s] Level 1:colcon.colcon_core.environment:create_environment_scripts_only(hclidar_driver_ros2)
[18.048s] DEBUG:colcon.colcon_core.event_handler.log_command:Invoked command in '/home/konyun/hclidar_ros2_driver/build/hclidar_driver_ros2' returned '0': CMAKE_PREFIX_PATH=${CMAKE_PREFIX_PATH}:/opt/ros/foxy /usr/bin/cmake --install /home/konyun/hclidar_ros2_driver/build/hclidar_driver_ros2
[18.189s] Level 1:colcon.colcon_core.environment:checking '/home/konyun/hclidar_ros2_driver/install/hclidar_driver_ros2' for CMake module files
[18.191s] Level 1:colcon.colcon_core.environment:checking '/home/konyun/hclidar_ros2_driver/install/hclidar_driver_ros2' for CMake config files
[18.193s] Level 1:colcon.colcon_core.shell:create_environment_hook('hclidar_driver_ros2', 'cmake_prefix_path')
[18.198s] INFO:colcon.colcon_core.shell:Creating environment hook '/home/konyun/hclidar_ros2_driver/install/hclidar_driver_ros2/share/hclidar_driver_ros2/hook/cmake_prefix_path.ps1'
[18.214s] INFO:colcon.colcon_core.shell:Creating environment descriptor '/home/konyun/hclidar_ros2_driver/install/hclidar_driver_ros2/share/hclidar_driver_ros2/hook/cmake_prefix_path.dsv'
[18.229s] INFO:colcon.colcon_core.shell:Creating environment hook '/home/konyun/hclidar_ros2_driver/install/hclidar_driver_ros2/share/hclidar_driver_ros2/hook/cmake_prefix_path.sh'
[18.233s] Level 1:colcon.colcon_core.environment:checking '/home/konyun/hclidar_ros2_driver/install/hclidar_driver_ros2/lib'
[18.234s] Level 1:colcon.colcon_core.environment:checking '/home/konyun/hclidar_ros2_driver/install/hclidar_driver_ros2/bin'
[18.235s] Level 1:colcon.colcon_core.environment:checking '/home/konyun/hclidar_ros2_driver/install/hclidar_driver_ros2/lib/pkgconfig/hclidar_driver_ros2.pc'
[18.235s] Level 1:colcon.colcon_core.environment:checking '/home/konyun/hclidar_ros2_driver/install/hclidar_driver_ros2/lib/python3.8/site-packages'
[18.236s] Level 1:colcon.colcon_core.environment:checking '/home/konyun/hclidar_ros2_driver/install/hclidar_driver_ros2/bin'
[18.240s] INFO:colcon.colcon_core.shell:Creating package script '/home/konyun/hclidar_ros2_driver/install/hclidar_driver_ros2/share/hclidar_driver_ros2/package.ps1'
[18.244s] INFO:colcon.colcon_core.shell:Creating package descriptor '/home/konyun/hclidar_ros2_driver/install/hclidar_driver_ros2/share/hclidar_driver_ros2/package.dsv'
[18.247s] INFO:colcon.colcon_core.shell:Creating package script '/home/konyun/hclidar_ros2_driver/install/hclidar_driver_ros2/share/hclidar_driver_ros2/package.sh'
[18.250s] INFO:colcon.colcon_core.shell:Creating package script '/home/konyun/hclidar_ros2_driver/install/hclidar_driver_ros2/share/hclidar_driver_ros2/package.bash'
[18.289s] INFO:colcon.colcon_core.shell:Creating package script '/home/konyun/hclidar_ros2_driver/install/hclidar_driver_ros2/share/hclidar_driver_ros2/package.zsh'
[18.293s] Level 1:colcon.colcon_core.environment:create_file_with_runtime_dependencies(/home/konyun/hclidar_ros2_driver/install/hclidar_driver_ros2/share/colcon-core/packages/hclidar_driver_ros2)
[18.385s] Level 1:colcon.colcon_core.environment:create_environment_scripts_only(hclidar_driver_ros2)
[18.388s] Level 1:colcon.colcon_core.environment:checking '/home/konyun/hclidar_ros2_driver/install/hclidar_driver_ros2' for CMake module files
[18.389s] Level 1:colcon.colcon_core.environment:checking '/home/konyun/hclidar_ros2_driver/install/hclidar_driver_ros2' for CMake config files
[18.390s] Level 1:colcon.colcon_core.shell:create_environment_hook('hclidar_driver_ros2', 'cmake_prefix_path')
[18.393s] INFO:colcon.colcon_core.shell:Creating environment hook '/home/konyun/hclidar_ros2_driver/install/hclidar_driver_ros2/share/hclidar_driver_ros2/hook/cmake_prefix_path.ps1'
[18.394s] INFO:colcon.colcon_core.shell:Creating environment descriptor '/home/konyun/hclidar_ros2_driver/install/hclidar_driver_ros2/share/hclidar_driver_ros2/hook/cmake_prefix_path.dsv'
[18.395s] INFO:colcon.colcon_core.shell:Creating environment hook '/home/konyun/hclidar_ros2_driver/install/hclidar_driver_ros2/share/hclidar_driver_ros2/hook/cmake_prefix_path.sh'
[18.397s] Level 1:colcon.colcon_core.environment:checking '/home/konyun/hclidar_ros2_driver/install/hclidar_driver_ros2/lib'
[18.398s] Level 1:colcon.colcon_core.environment:checking '/home/konyun/hclidar_ros2_driver/install/hclidar_driver_ros2/bin'
[18.398s] Level 1:colcon.colcon_core.environment:checking '/home/konyun/hclidar_ros2_driver/install/hclidar_driver_ros2/lib/pkgconfig/hclidar_driver_ros2.pc'
[18.398s] Level 1:colcon.colcon_core.environment:checking '/home/konyun/hclidar_ros2_driver/install/hclidar_driver_ros2/lib/python3.8/site-packages'
[18.399s] Level 1:colcon.colcon_core.environment:checking '/home/konyun/hclidar_ros2_driver/install/hclidar_driver_ros2/bin'
[18.401s] INFO:colcon.colcon_core.shell:Creating package script '/home/konyun/hclidar_ros2_driver/install/hclidar_driver_ros2/share/hclidar_driver_ros2/package.ps1'
[18.405s] INFO:colcon.colcon_core.shell:Creating package descriptor '/home/konyun/hclidar_ros2_driver/install/hclidar_driver_ros2/share/hclidar_driver_ros2/package.dsv'
[18.406s] INFO:colcon.colcon_core.shell:Creating package script '/home/konyun/hclidar_ros2_driver/install/hclidar_driver_ros2/share/hclidar_driver_ros2/package.sh'
[18.408s] INFO:colcon.colcon_core.shell:Creating package script '/home/konyun/hclidar_ros2_driver/install/hclidar_driver_ros2/share/hclidar_driver_ros2/package.bash'
[18.409s] INFO:colcon.colcon_core.shell:Creating package script '/home/konyun/hclidar_ros2_driver/install/hclidar_driver_ros2/share/hclidar_driver_ros2/package.zsh'
[18.411s] Level 1:colcon.colcon_core.environment:create_file_with_runtime_dependencies(/home/konyun/hclidar_ros2_driver/install/hclidar_driver_ros2/share/colcon-core/packages/hclidar_driver_ros2)
[18.412s] DEBUG:colcon.colcon_parallel_executor.executor.parallel:closing loop
[18.412s] DEBUG:colcon.colcon_parallel_executor.executor.parallel:loop closed
[18.412s] DEBUG:colcon.colcon_parallel_executor.executor.parallel:run_until_complete finished with '0'
[18.413s] DEBUG:colcon.colcon_core.event_reactor:joining thread
[18.499s] INFO:colcon.colcon_core.plugin_system:Skipping extension 'colcon_notification.desktop_notification.terminal_notifier': Not used on non-Darwin systems
[18.499s] INFO:colcon.colcon_core.plugin_system:Skipping extension 'colcon_notification.desktop_notification.win32': Not used on non-Windows systems
[18.500s] INFO:colcon.colcon_notification.desktop_notification:Sending desktop notification using 'notify2'
[19.411s] DEBUG:colcon.colcon_core.event_reactor:joined thread
[19.414s] INFO:colcon.colcon_core.shell:Creating prefix script '/home/konyun/hclidar_ros2_driver/install/local_setup.ps1'
[19.417s] INFO:colcon.colcon_core.shell:Creating prefix util module '/home/konyun/hclidar_ros2_driver/install/_local_setup_util_ps1.py'
[19.421s] INFO:colcon.colcon_core.shell:Creating prefix chain script '/home/konyun/hclidar_ros2_driver/install/setup.ps1'
[19.451s] INFO:colcon.colcon_core.shell:Creating prefix script '/home/konyun/hclidar_ros2_driver/install/local_setup.sh'
[19.470s] INFO:colcon.colcon_core.shell:Creating prefix util module '/home/konyun/hclidar_ros2_driver/install/_local_setup_util_sh.py'
[19.472s] INFO:colcon.colcon_core.shell:Creating prefix chain script '/home/konyun/hclidar_ros2_driver/install/setup.sh'
[19.477s] INFO:colcon.colcon_core.shell:Creating prefix script '/home/konyun/hclidar_ros2_driver/install/local_setup.bash'
[19.479s] INFO:colcon.colcon_core.shell:Creating prefix chain script '/home/konyun/hclidar_ros2_driver/install/setup.bash'
[19.484s] INFO:colcon.colcon_core.shell:Creating prefix script '/home/konyun/hclidar_ros2_driver/install/local_setup.zsh'
[19.488s] INFO:colcon.colcon_core.shell:Creating prefix chain script '/home/konyun/hclidar_ros2_driver/install/setup.zsh'
