[2.875s] DEBUG:colcon:Command line arguments: ['/usr/bin/colcon', 'build']
[2.876s] DEBUG:colcon:Parsed command line arguments: Namespace(allow_overriding=[], ament_cmake_args=None, base_paths=['.'], build_base='build', catkin_cmake_args=None, catkin_skip_building_tests=False, cmake_args=None, cmake_clean_cache=False, cmake_clean_first=False, cmake_force_configure=False, cmake_target=None, cmake_target_skip_unavailable=False, continue_on_error=False, event_handlers=None, executor='parallel', ignore_user_meta=False, install_base='install', log_base=None, log_level=None, main=<bound method BuildVerb.main of <colcon_core.verb.build.BuildVerb object at 0x7f070d6b1580>>, merge_install=False, metas=['./colcon.meta'], packages_above=None, packages_above_and_dependencies=None, packages_above_depth=None, packages_end=None, packages_ignore=None, packages_ignore_regex=None, packages_select=None, packages_select_build_failed=False, packages_select_by_dep=None, packages_select_regex=None, packages_select_test_failures=False, packages_skip=None, packages_skip_build_finished=False, packages_skip_by_dep=None, packages_skip_regex=None, packages_skip_test_passed=False, packages_skip_up_to=None, packages_start=None, packages_up_to=None, packages_up_to_regex=None, parallel_workers=4, paths=None, symlink_install=False, test_result_base=None, verb_extension=<colcon_core.verb.build.BuildVerb object at 0x7f070d6b1580>, verb_name='build', verb_parser=<colcon_defaults.argument_parser.defaults.DefaultArgumentsDecorator object at 0x7f070d6b1ac0>)
[3.733s] Level 1:colcon.colcon_core.package_discovery:discover_packages(colcon_meta) check parameters
[3.734s] Level 1:colcon.colcon_core.package_discovery:discover_packages(recursive) check parameters
[3.734s] Level 1:colcon.colcon_core.package_discovery:discover_packages(ignore) check parameters
[3.734s] Level 1:colcon.colcon_core.package_discovery:discover_packages(path) check parameters
[3.734s] Level 1:colcon.colcon_core.package_discovery:discover_packages(colcon_meta) discover
[3.735s] Level 1:colcon.colcon_core.package_discovery:discover_packages(recursive) discover
[3.735s] INFO:colcon.colcon_core.package_discovery:Crawling recursively for packages in '/home/konyun/hclidar_ros2_driver'
[3.736s] Level 1:colcon.colcon_core.package_identification:_identify(.) by extensions ['ignore', 'ignore_ament_install']
[3.736s] Level 1:colcon.colcon_core.package_identification:_identify(.) by extension 'ignore'
[3.736s] Level 1:colcon.colcon_core.package_identification:_identify(.) by extension 'ignore_ament_install'
[3.737s] Level 1:colcon.colcon_core.package_identification:_identify(.) by extensions ['colcon_pkg']
[3.737s] Level 1:colcon.colcon_core.package_identification:_identify(.) by extension 'colcon_pkg'
[3.738s] Level 1:colcon.colcon_core.package_identification:_identify(.) by extensions ['colcon_meta']
[3.738s] Level 1:colcon.colcon_core.package_identification:_identify(.) by extension 'colcon_meta'
[3.738s] Level 1:colcon.colcon_core.package_identification:_identify(.) by extensions ['ros']
[3.738s] Level 1:colcon.colcon_core.package_identification:_identify(.) by extension 'ros'
[4.024s] DEBUG:colcon.colcon_core.package_identification:Package '.' with type 'ros.ament_cmake' and name 'hclidar_ros2_driver'
[4.024s] Level 1:colcon.colcon_core.package_discovery:discover_packages(recursive) using defaults
[4.024s] Level 1:colcon.colcon_core.package_discovery:discover_packages(ignore) discover
[4.024s] Level 1:colcon.colcon_core.package_discovery:discover_packages(ignore) using defaults
[4.024s] Level 1:colcon.colcon_core.package_discovery:discover_packages(path) discover
[4.025s] Level 1:colcon.colcon_core.package_discovery:discover_packages(path) using defaults
[4.615s] Level 1:colcon.colcon_core.package_discovery:discover_packages(prefix_path) check parameters
[4.615s] Level 1:colcon.colcon_core.package_discovery:discover_packages(prefix_path) discover
[4.700s] DEBUG:colcon.colcon_installed_package_information.package_discovery:Found 256 installed packages in /opt/ros/foxy
[4.704s] Level 1:colcon.colcon_core.package_discovery:discover_packages(prefix_path) using defaults
[6.456s] Level 5:colcon.colcon_core.verb:set package 'hclidar_ros2_driver' build argument 'cmake_args' from command line to 'None'
[6.456s] Level 5:colcon.colcon_core.verb:set package 'hclidar_ros2_driver' build argument 'cmake_target' from command line to 'None'
[6.456s] Level 5:colcon.colcon_core.verb:set package 'hclidar_ros2_driver' build argument 'cmake_target_skip_unavailable' from command line to 'False'
[6.456s] Level 5:colcon.colcon_core.verb:set package 'hclidar_ros2_driver' build argument 'cmake_clean_cache' from command line to 'False'
[6.456s] Level 5:colcon.colcon_core.verb:set package 'hclidar_ros2_driver' build argument 'cmake_clean_first' from command line to 'False'
[6.457s] Level 5:colcon.colcon_core.verb:set package 'hclidar_ros2_driver' build argument 'cmake_force_configure' from command line to 'False'
[6.457s] Level 5:colcon.colcon_core.verb:set package 'hclidar_ros2_driver' build argument 'ament_cmake_args' from command line to 'None'
[6.457s] Level 5:colcon.colcon_core.verb:set package 'hclidar_ros2_driver' build argument 'catkin_cmake_args' from command line to 'None'
[6.458s] Level 5:colcon.colcon_core.verb:set package 'hclidar_ros2_driver' build argument 'catkin_skip_building_tests' from command line to 'False'
[6.458s] DEBUG:colcon.colcon_core.verb:Building package 'hclidar_ros2_driver' with the following arguments: {'ament_cmake_args': None, 'build_base': '/home/konyun/hclidar_ros2_driver/build/hclidar_ros2_driver', 'catkin_cmake_args': None, 'catkin_skip_building_tests': False, 'cmake_args': None, 'cmake_clean_cache': False, 'cmake_clean_first': False, 'cmake_force_configure': False, 'cmake_target': None, 'cmake_target_skip_unavailable': False, 'install_base': '/home/konyun/hclidar_ros2_driver/install/hclidar_ros2_driver', 'merge_install': False, 'path': '/home/konyun/hclidar_ros2_driver', 'symlink_install': False, 'test_result_base': None}
[6.459s] INFO:colcon.colcon_core.executor:Executing jobs using 'parallel' executor
[6.468s] DEBUG:colcon.colcon_parallel_executor.executor.parallel:run_until_complete
[6.468s] INFO:colcon.colcon_ros.task.ament_cmake.build:Building ROS package in '/home/konyun/hclidar_ros2_driver' with build type 'ament_cmake'
[6.469s] INFO:colcon.colcon_cmake.task.cmake.build:Building CMake package in '/home/konyun/hclidar_ros2_driver'
[6.668s] INFO:colcon.colcon_core.plugin_system:Skipping extension 'colcon_core.shell.bat': Not used on non-Windows systems
[6.668s] INFO:colcon.colcon_core.shell:Skip shell extension 'powershell' for command environment: Not usable outside of PowerShell
[6.668s] DEBUG:colcon.colcon_core.shell:Skip shell extension 'dsv' for command environment
[6.775s] DEBUG:colcon.colcon_core.event_handler.log_command:Invoking command in '/home/konyun/hclidar_ros2_driver/build/hclidar_ros2_driver': CMAKE_PREFIX_PATH=/opt/ros/foxy /usr/bin/cmake /home/konyun/hclidar_ros2_driver -DCMAKE_INSTALL_PREFIX=/home/konyun/hclidar_ros2_driver/install/hclidar_ros2_driver
[14.111s] DEBUG:colcon.colcon_core.event_handler.log_command:Invoked command in '/home/konyun/hclidar_ros2_driver/build/hclidar_ros2_driver' returned '0': CMAKE_PREFIX_PATH=/opt/ros/foxy /usr/bin/cmake /home/konyun/hclidar_ros2_driver -DCMAKE_INSTALL_PREFIX=/home/konyun/hclidar_ros2_driver/install/hclidar_ros2_driver
[14.121s] DEBUG:colcon.colcon_core.event_handler.log_command:Invoking command in '/home/konyun/hclidar_ros2_driver/build/hclidar_ros2_driver': CMAKE_PREFIX_PATH=/opt/ros/foxy /usr/bin/cmake --build /home/konyun/hclidar_ros2_driver/build/hclidar_ros2_driver -- -j4 -l4
[14.489s] DEBUG:colcon.colcon_core.event_handler.log_command:Invoked command in '/home/konyun/hclidar_ros2_driver/build/hclidar_ros2_driver' returned '0': CMAKE_PREFIX_PATH=/opt/ros/foxy /usr/bin/cmake --build /home/konyun/hclidar_ros2_driver/build/hclidar_ros2_driver -- -j4 -l4
[14.609s] DEBUG:colcon.colcon_core.event_handler.log_command:Invoking command in '/home/konyun/hclidar_ros2_driver/build/hclidar_ros2_driver': CMAKE_PREFIX_PATH=/opt/ros/foxy /usr/bin/cmake --install /home/konyun/hclidar_ros2_driver/build/hclidar_ros2_driver
[14.686s] Level 1:colcon.colcon_core.environment:create_environment_scripts_only(hclidar_ros2_driver)
[14.688s] DEBUG:colcon.colcon_core.event_handler.log_command:Invoked command in '/home/konyun/hclidar_ros2_driver/build/hclidar_ros2_driver' returned '0': CMAKE_PREFIX_PATH=/opt/ros/foxy /usr/bin/cmake --install /home/konyun/hclidar_ros2_driver/build/hclidar_ros2_driver
[14.850s] Level 1:colcon.colcon_core.environment:checking '/home/konyun/hclidar_ros2_driver/install/hclidar_ros2_driver' for CMake module files
[14.851s] Level 1:colcon.colcon_core.environment:checking '/home/konyun/hclidar_ros2_driver/install/hclidar_ros2_driver' for CMake config files
[14.852s] Level 1:colcon.colcon_core.shell:create_environment_hook('hclidar_ros2_driver', 'cmake_prefix_path')
[14.857s] INFO:colcon.colcon_core.shell:Creating environment hook '/home/konyun/hclidar_ros2_driver/install/hclidar_ros2_driver/share/hclidar_ros2_driver/hook/cmake_prefix_path.ps1'
[14.870s] INFO:colcon.colcon_core.shell:Creating environment descriptor '/home/konyun/hclidar_ros2_driver/install/hclidar_ros2_driver/share/hclidar_ros2_driver/hook/cmake_prefix_path.dsv'
[14.879s] INFO:colcon.colcon_core.shell:Creating environment hook '/home/konyun/hclidar_ros2_driver/install/hclidar_ros2_driver/share/hclidar_ros2_driver/hook/cmake_prefix_path.sh'
[14.884s] Level 1:colcon.colcon_core.environment:checking '/home/konyun/hclidar_ros2_driver/install/hclidar_ros2_driver/lib'
[14.886s] Level 1:colcon.colcon_core.environment:checking '/home/konyun/hclidar_ros2_driver/install/hclidar_ros2_driver/bin'
[14.886s] Level 1:colcon.colcon_core.environment:checking '/home/konyun/hclidar_ros2_driver/install/hclidar_ros2_driver/lib/pkgconfig/hclidar_ros2_driver.pc'
[14.887s] Level 1:colcon.colcon_core.environment:checking '/home/konyun/hclidar_ros2_driver/install/hclidar_ros2_driver/lib/python3.8/site-packages'
[14.888s] Level 1:colcon.colcon_core.environment:checking '/home/konyun/hclidar_ros2_driver/install/hclidar_ros2_driver/bin'
[14.893s] INFO:colcon.colcon_core.shell:Creating package script '/home/konyun/hclidar_ros2_driver/install/hclidar_ros2_driver/share/hclidar_ros2_driver/package.ps1'
[14.895s] INFO:colcon.colcon_core.shell:Creating package descriptor '/home/konyun/hclidar_ros2_driver/install/hclidar_ros2_driver/share/hclidar_ros2_driver/package.dsv'
[14.911s] INFO:colcon.colcon_core.shell:Creating package script '/home/konyun/hclidar_ros2_driver/install/hclidar_ros2_driver/share/hclidar_ros2_driver/package.sh'
[14.914s] INFO:colcon.colcon_core.shell:Creating package script '/home/konyun/hclidar_ros2_driver/install/hclidar_ros2_driver/share/hclidar_ros2_driver/package.bash'
[14.944s] INFO:colcon.colcon_core.shell:Creating package script '/home/konyun/hclidar_ros2_driver/install/hclidar_ros2_driver/share/hclidar_ros2_driver/package.zsh'
[14.948s] Level 1:colcon.colcon_core.environment:create_file_with_runtime_dependencies(/home/konyun/hclidar_ros2_driver/install/hclidar_ros2_driver/share/colcon-core/packages/hclidar_ros2_driver)
[15.023s] Level 1:colcon.colcon_core.environment:create_environment_scripts_only(hclidar_ros2_driver)
[15.028s] Level 1:colcon.colcon_core.environment:checking '/home/konyun/hclidar_ros2_driver/install/hclidar_ros2_driver' for CMake module files
[15.029s] Level 1:colcon.colcon_core.environment:checking '/home/konyun/hclidar_ros2_driver/install/hclidar_ros2_driver' for CMake config files
[15.030s] Level 1:colcon.colcon_core.shell:create_environment_hook('hclidar_ros2_driver', 'cmake_prefix_path')
[15.033s] INFO:colcon.colcon_core.shell:Creating environment hook '/home/konyun/hclidar_ros2_driver/install/hclidar_ros2_driver/share/hclidar_ros2_driver/hook/cmake_prefix_path.ps1'
[15.035s] INFO:colcon.colcon_core.shell:Creating environment descriptor '/home/konyun/hclidar_ros2_driver/install/hclidar_ros2_driver/share/hclidar_ros2_driver/hook/cmake_prefix_path.dsv'
[15.036s] INFO:colcon.colcon_core.shell:Creating environment hook '/home/konyun/hclidar_ros2_driver/install/hclidar_ros2_driver/share/hclidar_ros2_driver/hook/cmake_prefix_path.sh'
[15.038s] Level 1:colcon.colcon_core.environment:checking '/home/konyun/hclidar_ros2_driver/install/hclidar_ros2_driver/lib'
[15.038s] Level 1:colcon.colcon_core.environment:checking '/home/konyun/hclidar_ros2_driver/install/hclidar_ros2_driver/bin'
[15.039s] Level 1:colcon.colcon_core.environment:checking '/home/konyun/hclidar_ros2_driver/install/hclidar_ros2_driver/lib/pkgconfig/hclidar_ros2_driver.pc'
[15.039s] Level 1:colcon.colcon_core.environment:checking '/home/konyun/hclidar_ros2_driver/install/hclidar_ros2_driver/lib/python3.8/site-packages'
[15.040s] Level 1:colcon.colcon_core.environment:checking '/home/konyun/hclidar_ros2_driver/install/hclidar_ros2_driver/bin'
[15.044s] INFO:colcon.colcon_core.shell:Creating package script '/home/konyun/hclidar_ros2_driver/install/hclidar_ros2_driver/share/hclidar_ros2_driver/package.ps1'
[15.046s] INFO:colcon.colcon_core.shell:Creating package descriptor '/home/konyun/hclidar_ros2_driver/install/hclidar_ros2_driver/share/hclidar_ros2_driver/package.dsv'
[15.049s] INFO:colcon.colcon_core.shell:Creating package script '/home/konyun/hclidar_ros2_driver/install/hclidar_ros2_driver/share/hclidar_ros2_driver/package.sh'
[15.050s] INFO:colcon.colcon_core.shell:Creating package script '/home/konyun/hclidar_ros2_driver/install/hclidar_ros2_driver/share/hclidar_ros2_driver/package.bash'
[15.052s] INFO:colcon.colcon_core.shell:Creating package script '/home/konyun/hclidar_ros2_driver/install/hclidar_ros2_driver/share/hclidar_ros2_driver/package.zsh'
[15.054s] Level 1:colcon.colcon_core.environment:create_file_with_runtime_dependencies(/home/konyun/hclidar_ros2_driver/install/hclidar_ros2_driver/share/colcon-core/packages/hclidar_ros2_driver)
[15.055s] DEBUG:colcon.colcon_parallel_executor.executor.parallel:closing loop
[15.056s] DEBUG:colcon.colcon_parallel_executor.executor.parallel:loop closed
[15.057s] DEBUG:colcon.colcon_parallel_executor.executor.parallel:run_until_complete finished with '0'
[15.057s] DEBUG:colcon.colcon_core.event_reactor:joining thread
[15.140s] INFO:colcon.colcon_core.plugin_system:Skipping extension 'colcon_notification.desktop_notification.terminal_notifier': Not used on non-Darwin systems
[15.141s] INFO:colcon.colcon_core.plugin_system:Skipping extension 'colcon_notification.desktop_notification.win32': Not used on non-Windows systems
[15.141s] INFO:colcon.colcon_notification.desktop_notification:Sending desktop notification using 'notify2'
[15.632s] DEBUG:colcon.colcon_core.event_reactor:joined thread
[15.636s] INFO:colcon.colcon_core.shell:Creating prefix script '/home/konyun/hclidar_ros2_driver/install/local_setup.ps1'
[15.651s] INFO:colcon.colcon_core.shell:Creating prefix util module '/home/konyun/hclidar_ros2_driver/install/_local_setup_util_ps1.py'
[15.654s] INFO:colcon.colcon_core.shell:Creating prefix chain script '/home/konyun/hclidar_ros2_driver/install/setup.ps1'
[15.658s] INFO:colcon.colcon_core.shell:Creating prefix script '/home/konyun/hclidar_ros2_driver/install/local_setup.sh'
[15.661s] INFO:colcon.colcon_core.shell:Creating prefix util module '/home/konyun/hclidar_ros2_driver/install/_local_setup_util_sh.py'
[15.662s] INFO:colcon.colcon_core.shell:Creating prefix chain script '/home/konyun/hclidar_ros2_driver/install/setup.sh'
[15.672s] INFO:colcon.colcon_core.shell:Creating prefix script '/home/konyun/hclidar_ros2_driver/install/local_setup.bash'
[15.675s] INFO:colcon.colcon_core.shell:Creating prefix chain script '/home/konyun/hclidar_ros2_driver/install/setup.bash'
[15.682s] INFO:colcon.colcon_core.shell:Creating prefix script '/home/konyun/hclidar_ros2_driver/install/local_setup.zsh'
[15.700s] INFO:colcon.colcon_core.shell:Creating prefix chain script '/home/konyun/hclidar_ros2_driver/install/setup.zsh'
