[0.036s] Invoking command in '/home/konyun/hclidar_ros2_driver/build/hclidar_ros2_driver': CMAKE_PREFIX_PATH=${CMAKE_PREFIX_PATH}:/opt/ros/foxy /usr/bin/cmake --build /home/konyun/hclidar_ros2_driver/build/hclidar_ros2_driver -- -j4 -l4
[0.232s] [ 18%] Built target hclidar_ros2_driver_client
[0.248s] [ 81%] Built target lidar
[0.354s] [100%] Built target hclidar_ros2_driver_node
[0.403s] Invoked command in '/home/konyun/hclidar_ros2_driver/build/hclidar_ros2_driver' returned '0': CMAKE_PREFIX_PATH=${CMAKE_PREFIX_PATH}:/opt/ros/foxy /usr/bin/cmake --build /home/konyun/hclidar_ros2_driver/build/hclidar_ros2_driver -- -j4 -l4
[0.616s] Invoking command in '/home/konyun/hclidar_ros2_driver/build/hclidar_ros2_driver': CMAKE_PREFIX_PATH=${CMAKE_PREFIX_PATH}:/opt/ros/foxy /usr/bin/cmake --install /home/konyun/hclidar_ros2_driver/build/hclidar_ros2_driver
[0.627s] -- Install configuration: ""
[0.627s] -- Execute custom install script
[0.628s] -- Up-to-date symlink: /home/konyun/hclidar_ros2_driver/install/hclidar_ros2_driver/lib/hclidar_ros2_driver/hclidar_ros2_driver_node
[0.629s] -- Up-to-date symlink: /home/konyun/hclidar_ros2_driver/install/hclidar_ros2_driver/lib/hclidar_ros2_driver/hclidar_ros2_driver_client
[0.630s] -- Up-to-date symlink: /home/konyun/hclidar_ros2_driver/install/hclidar_ros2_driver/share/hclidar_ros2_driver/launch/hclidar.py
[0.631s] -- Up-to-date symlink: /home/konyun/hclidar_ros2_driver/install/hclidar_ros2_driver/share/hclidar_ros2_driver/launch/hclidar_launch.py
[0.631s] -- Up-to-date symlink: /home/konyun/hclidar_ros2_driver/install/hclidar_ros2_driver/share/hclidar_ros2_driver/launch/hclidar_launch_view.py
[0.632s] -- Up-to-date symlink: /home/konyun/hclidar_ros2_driver/install/hclidar_ros2_driver/share/hclidar_ros2_driver/params/hclidar.yaml
[0.633s] -- Up-to-date symlink: /home/konyun/hclidar_ros2_driver/install/hclidar_ros2_driver/share/ament_index/resource_index/package_run_dependencies/hclidar_ros2_driver
[0.633s] -- Up-to-date symlink: /home/konyun/hclidar_ros2_driver/install/hclidar_ros2_driver/share/ament_index/resource_index/parent_prefix_path/hclidar_ros2_driver
[0.634s] -- Up-to-date symlink: /home/konyun/hclidar_ros2_driver/install/hclidar_ros2_driver/share/hclidar_ros2_driver/environment/ament_prefix_path.sh
[0.635s] -- Up-to-date symlink: /home/konyun/hclidar_ros2_driver/install/hclidar_ros2_driver/share/hclidar_ros2_driver/environment/ament_prefix_path.dsv
[0.635s] -- Up-to-date symlink: /home/konyun/hclidar_ros2_driver/install/hclidar_ros2_driver/share/hclidar_ros2_driver/environment/path.sh
[0.637s] -- Up-to-date symlink: /home/konyun/hclidar_ros2_driver/install/hclidar_ros2_driver/share/hclidar_ros2_driver/environment/path.dsv
[0.637s] -- Up-to-date symlink: /home/konyun/hclidar_ros2_driver/install/hclidar_ros2_driver/share/hclidar_ros2_driver/local_setup.bash
[0.638s] -- Up-to-date symlink: /home/konyun/hclidar_ros2_driver/install/hclidar_ros2_driver/share/hclidar_ros2_driver/local_setup.sh
[0.639s] -- Up-to-date symlink: /home/konyun/hclidar_ros2_driver/install/hclidar_ros2_driver/share/hclidar_ros2_driver/local_setup.zsh
[0.640s] -- Up-to-date symlink: /home/konyun/hclidar_ros2_driver/install/hclidar_ros2_driver/share/hclidar_ros2_driver/local_setup.dsv
[0.641s] -- Symlinking: /home/konyun/hclidar_ros2_driver/install/hclidar_ros2_driver/share/hclidar_ros2_driver/package.dsv
[0.662s] -- Up-to-date symlink: /home/konyun/hclidar_ros2_driver/install/hclidar_ros2_driver/share/ament_index/resource_index/packages/hclidar_ros2_driver
[0.662s] -- Up-to-date symlink: /home/konyun/hclidar_ros2_driver/install/hclidar_ros2_driver/share/hclidar_ros2_driver/cmake/hclidar_ros2_driverConfig.cmake
[0.663s] -- Up-to-date symlink: /home/konyun/hclidar_ros2_driver/install/hclidar_ros2_driver/share/hclidar_ros2_driver/cmake/hclidar_ros2_driverConfig-version.cmake
[0.664s] -- Up-to-date symlink: /home/konyun/hclidar_ros2_driver/install/hclidar_ros2_driver/share/hclidar_ros2_driver/package.xml
[0.669s] Invoked command in '/home/konyun/hclidar_ros2_driver/build/hclidar_ros2_driver' returned '0': CMAKE_PREFIX_PATH=${CMAKE_PREFIX_PATH}:/opt/ros/foxy /usr/bin/cmake --install /home/konyun/hclidar_ros2_driver/build/hclidar_ros2_driver
