[ 77%] Built target lidar
[35m[1mScanning dependencies of target hclidar_driver_ros2_node[0m
[ 88%] [32mBuilding CXX object CMakeFiles/hclidar_driver_ros2_node.dir/src/hclidar_driver_ros2_node.cpp.o[0m
In file included from [01m[K/home/konyun/hclidar_ros2_driver/src/hclidar_driver_ros2_node.cpp:34[m[K:
[01m[K/home/konyun/hclidar_ros2_driver/src/base/HcSDK.h:82:2:[m[K [01;35m[Kwarning: [m[Kextra ‘[01m[K;[m[K’ [[01;35m[K-Wpedantic[m[K]
   82 | }[01;35m[K;[m[K
      |  [01;35m[K^[m[K
[01m[K/home/konyun/hclidar_ros2_driver/src/hclidar_driver_ros2_node.cpp:[m[K In function ‘[01m[Kvoid sdkCallBackFunErrorCode(int)[m[K’:
[01m[K/home/konyun/hclidar_ros2_driver/src/hclidar_driver_ros2_node.cpp:46:9:[m[K [01;35m[Kwarning: [m[Kformat not a string literal and no format arguments [[01;35m[K-Wformat-security[m[K]
   46 |  printf([01;35m[Kbuff[m[K);
      |         [01;35m[K^~~~[m[K
[01m[K/home/konyun/hclidar_ros2_driver/src/hclidar_driver_ros2_node.cpp:[m[K In function ‘[01m[Kvoid sdkCallBackFunSecondInfo(tsSDKStatistic)[m[K’:
[01m[K/home/konyun/hclidar_ros2_driver/src/hclidar_driver_ros2_node.cpp:65:9:[m[K [01;35m[Kwarning: [m[Kformat not a string literal and no format arguments [[01;35m[K-Wformat-security[m[K]
   65 |  printf([01;35m[Kbuff[m[K);
      |         [01;35m[K^~~~[m[K
[01m[K/home/konyun/hclidar_ros2_driver/src/hclidar_driver_ros2_node.cpp:[m[K In function ‘[01m[Kvoid sdkCallBackFunPointCloud(LstPointCloud)[m[K’:
[01m[K/home/konyun/hclidar_ros2_driver/src/hclidar_driver_ros2_node.cpp:79:38:[m[K [01;35m[Kwarning: [m[Kformat ‘[01m[K%d[m[K’ expects argument of type ‘[01m[Kint[m[K’, but argument 3 has type ‘[01m[Kstd::vector<tsPointCloud>::size_type[m[K’ {aka ‘[01m[Klong unsigned int[m[K’} [[01;35m[K-Wformat=[m[K]
   79 |  sprintf(buff, "---------------Size=[01;35m[K%d[m[K\n", [32m[KlstG.size()[m[K);
      |                                     [01;35m[K~^[m[K     [32m[K~~~~~~~~~~~[m[K
      |                                      [01;35m[K|[m[K              [32m[K|[m[K
      |                                      [01;35m[Kint[m[K            [32m[Kstd::vector<tsPointCloud>::size_type {aka long unsigned int}[m[K
      |                                     [32m[K%ld[m[K
[01m[K/home/konyun/hclidar_ros2_driver/src/hclidar_driver_ros2_node.cpp:80:9:[m[K [01;35m[Kwarning: [m[Kformat not a string literal and no format arguments [[01;35m[K-Wformat-security[m[K]
   80 |  printf([01;35m[Kbuff[m[K);
      |         [01;35m[K^~~~[m[K
[01m[K/home/konyun/hclidar_ros2_driver/src/hclidar_driver_ros2_node.cpp:[m[K In function ‘[01m[Kint main(int, char**)[m[K’:
[01m[K/home/konyun/hclidar_ros2_driver/src/hclidar_driver_ros2_node.cpp:165:20:[m[K [01;35m[Kwarning: [m[Kformat ‘[01m[K%s[m[K’ expects argument of type ‘[01m[Kchar*[m[K’, but argument 2 has type ‘[01m[Kstd::string[m[K’ {aka ‘[01m[Kstd::__cxx11::basic_string<char>[m[K’} [[01;35m[K-Wformat=[m[K]
  165 |     printf( "Port=[01;35m[K%s[m[K\n" , strPort);
      |                   [01;35m[K~^[m[K
      |                    [01;35m[K|[m[K
      |                    [01;35m[Kchar*[m[K
[01m[K/home/konyun/hclidar_ros2_driver/src/hclidar_driver_ros2_node.cpp:176:29:[m[K [01;35m[Kwarning: [m[Kformat ‘[01m[K%s[m[K’ expects argument of type ‘[01m[Kchar*[m[K’, but argument 2 has type ‘[01m[Kstd::string[m[K’ {aka ‘[01m[Kstd::__cxx11::basic_string<char>[m[K’} [[01;35m[K-Wformat=[m[K]
  176 |     printf( "strLidarModel=[01;35m[K%s[m[K\n" , strLidarModel);
      |                            [01;35m[K~^[m[K
      |                             [01;35m[K|[m[K
      |                             [01;35m[Kchar*[m[K
[01m[K/home/konyun/hclidar_ros2_driver/src/hclidar_driver_ros2_node.cpp:281:40:[m[K [01;35m[Kwarning: [m[Kcomparison of integer expressions of different signedness: ‘[01m[Kint[m[K’ and ‘[01m[Kstd::vector<tsPointCloud>::size_type[m[K’ {aka ‘[01m[Klong unsigned int[m[K’} [[01;35m[K-Wsign-compare[m[K]
  281 |                         for(int i=0; [01;35m[Ki < lstG.size()[m[K; i++)
      |                                      [01;35m[K~~^~~~~~~~~~~~~[m[K
[01m[K/home/konyun/hclidar_ros2_driver/src/hclidar_driver_ros2_node.cpp:297:51:[m[K [01;35m[Kwarning: [m[Kcomparison of integer expressions of different signedness: ‘[01m[Kint[m[K’ and ‘[01m[Kstd::vector<tsPointCloud>::size_type[m[K’ {aka ‘[01m[Klong unsigned int[m[K’} [[01;35m[K-Wsign-compare[m[K]
  297 |                             if(index >=0 && [01;35m[Kindex < lstG.size()[m[K)
      |                                             [01;35m[K~~~~~~^~~~~~~~~~~~~[m[K
[100%] [32m[1mLinking CXX executable hclidar_driver_ros2_node[0m
[100%] Built target hclidar_driver_ros2_node
-- Install configuration: ""
-- Execute custom install script
-- Up-to-date symlink: /home/konyun/hclidar_ros2_driver/install/hclidar_driver_ros2/lib/hclidar_driver_ros2/hclidar_driver_ros2_node
-- Up-to-date symlink: /home/konyun/hclidar_ros2_driver/install/hclidar_driver_ros2/share/hclidar_driver_ros2/launch/hclidar.py
-- Up-to-date symlink: /home/konyun/hclidar_ros2_driver/install/hclidar_driver_ros2/share/hclidar_driver_ros2/launch/hclidar_launch.py
-- Up-to-date symlink: /home/konyun/hclidar_ros2_driver/install/hclidar_driver_ros2/share/hclidar_driver_ros2/launch/hclidar_launch_rviz.py
-- Up-to-date symlink: /home/konyun/hclidar_ros2_driver/install/hclidar_driver_ros2/share/hclidar_driver_ros2/params/hclidar.yaml
-- Up-to-date symlink: /home/konyun/hclidar_ros2_driver/install/hclidar_driver_ros2/share/ament_index/resource_index/package_run_dependencies/hclidar_driver_ros2
-- Up-to-date symlink: /home/konyun/hclidar_ros2_driver/install/hclidar_driver_ros2/share/ament_index/resource_index/parent_prefix_path/hclidar_driver_ros2
-- Up-to-date symlink: /home/konyun/hclidar_ros2_driver/install/hclidar_driver_ros2/share/hclidar_driver_ros2/environment/ament_prefix_path.sh
-- Up-to-date symlink: /home/konyun/hclidar_ros2_driver/install/hclidar_driver_ros2/share/hclidar_driver_ros2/environment/ament_prefix_path.dsv
-- Up-to-date symlink: /home/konyun/hclidar_ros2_driver/install/hclidar_driver_ros2/share/hclidar_driver_ros2/environment/path.sh
-- Up-to-date symlink: /home/konyun/hclidar_ros2_driver/install/hclidar_driver_ros2/share/hclidar_driver_ros2/environment/path.dsv
-- Up-to-date symlink: /home/konyun/hclidar_ros2_driver/install/hclidar_driver_ros2/share/hclidar_driver_ros2/local_setup.bash
-- Up-to-date symlink: /home/konyun/hclidar_ros2_driver/install/hclidar_driver_ros2/share/hclidar_driver_ros2/local_setup.sh
-- Up-to-date symlink: /home/konyun/hclidar_ros2_driver/install/hclidar_driver_ros2/share/hclidar_driver_ros2/local_setup.zsh
-- Up-to-date symlink: /home/konyun/hclidar_ros2_driver/install/hclidar_driver_ros2/share/hclidar_driver_ros2/local_setup.dsv
-- Symlinking: /home/konyun/hclidar_ros2_driver/install/hclidar_driver_ros2/share/hclidar_driver_ros2/package.dsv
-- Up-to-date symlink: /home/konyun/hclidar_ros2_driver/install/hclidar_driver_ros2/share/ament_index/resource_index/packages/hclidar_driver_ros2
-- Up-to-date symlink: /home/konyun/hclidar_ros2_driver/install/hclidar_driver_ros2/share/hclidar_driver_ros2/cmake/hclidar_driver_ros2Config.cmake
-- Up-to-date symlink: /home/konyun/hclidar_ros2_driver/install/hclidar_driver_ros2/share/hclidar_driver_ros2/cmake/hclidar_driver_ros2Config-version.cmake
-- Up-to-date symlink: /home/konyun/hclidar_ros2_driver/install/hclidar_driver_ros2/share/hclidar_driver_ros2/package.xml
