[0.160s] Invoking command in '/home/konyun/hclidar_ros2_driver/build/hclidar_driver_ros2': CMAKE_PREFIX_PATH=/opt/ros/foxy /usr/bin/cmake /home/konyun/hclidar_ros2_driver -DCMAKE_INSTALL_PREFIX=/home/konyun/hclidar_ros2_driver/install/hclidar_driver_ros2
[4.007s] -- The C compiler identification is GNU 9.4.0
[6.072s] -- The CXX compiler identification is GNU 9.4.0
[6.176s] -- Check for working C compiler: /usr/bin/cc
[6.634s] -- Check for working C compiler: /usr/bin/cc -- works
[6.640s] -- Detecting C compiler ABI info
[6.966s] -- Detecting C compiler ABI info - done
[7.009s] -- Detecting C compile features
[7.032s] -- Detecting C compile features - done
[7.056s] -- Check for working CXX compiler: /usr/bin/c++
[7.578s] -- Check for working CXX compiler: /usr/bin/c++ -- works
[7.583s] -- Detecting CXX compiler ABI info
[7.995s] -- Detecting CXX compiler ABI info - done
[8.056s] -- Detecting CXX compile features
[8.057s] -- Detecting CXX compile features - done
[8.149s] -- Found ament_cmake: 0.9.9 (/opt/ros/foxy/share/ament_cmake/cmake)
[8.284s] -- Found PythonInterp: /usr/bin/python3 (found suitable version "3.8.10", minimum required is "3") 
[8.285s] -- Using PYTHON_EXECUTABLE: /usr/bin/python3
[9.640s] -- Found rclcpp: 2.4.1 (/opt/ros/foxy/share/rclcpp/cmake)
[9.970s] -- Using all available rosidl_typesupport_c: rosidl_typesupport_fastrtps_c;rosidl_typesupport_introspection_c
[10.052s] -- Found rosidl_adapter: 1.2.1 (/opt/ros/foxy/share/rosidl_adapter/cmake)
[11.168s] -- Found OpenSSL: /usr/lib/x86_64-linux-gnu/libcrypto.so (found version "1.1.1f")  
[11.282s] -- Found FastRTPS: /opt/ros/foxy/include  
[11.594s] -- Using all available rosidl_typesupport_cpp: rosidl_typesupport_fastrtps_cpp;rosidl_typesupport_introspection_cpp
[11.839s] -- Found rmw_implementation_cmake: 1.0.3 (/opt/ros/foxy/share/rmw_implementation_cmake/cmake)
[11.846s] -- Using RMW implementation 'rmw_fastrtps_cpp' as default
[11.849s] -- Looking for pthread.h
[12.116s] -- Looking for pthread.h - found
[12.118s] -- Performing Test CMAKE_HAVE_LIBC_PTHREAD
[12.447s] -- Performing Test CMAKE_HAVE_LIBC_PTHREAD - Failed
[12.448s] -- Looking for pthread_create in pthreads
[12.684s] -- Looking for pthread_create in pthreads - not found
[12.684s] -- Looking for pthread_create in pthread
[12.974s] -- Looking for pthread_create in pthread - found
[12.981s] -- Found Threads: TRUE  
[13.674s] -- Found sensor_msgs: 2.0.5 (/opt/ros/foxy/share/sensor_msgs/cmake)
[14.226s] -- Found visualization_msgs: 2.0.5 (/opt/ros/foxy/share/visualization_msgs/cmake)
[14.594s] -- Found std_srvs: 2.0.5 (/opt/ros/foxy/share/std_srvs/cmake)
[14.652s] -- Found ament_lint_auto: 0.9.6 (/opt/ros/foxy/share/ament_lint_auto/cmake)
[15.027s] -- Added test 'copyright' to check source files copyright and LICENSE
[15.096s] -- Added test 'cppcheck' to perform static code analysis on C / C++ code
[15.098s] -- Configured cppcheck include dirs: /home/konyun/hclidar_ros2_driver/src
[15.098s] -- Configured cppcheck exclude dirs and/or files: 
[15.173s] -- Added test 'cpplint' to check C / C++ code against the Google style
[15.173s] -- Configured cpplint exclude dirs and/or files: 
[15.217s] -- Added test 'flake8' to check Python code syntax and style conventions
[15.312s] -- Added test 'lint_cmake' to check CMake code style
[15.339s] -- Added test 'pep257' to check Python code against some of the style conventions in PEP 257
[15.474s] -- Added test 'uncrustify' to check C / C++ code style
[15.475s] -- Configured uncrustify additional arguments: 
[15.489s] -- Added test 'xmllint' to check XML markup files
[15.502s] -- Configuring done
[15.556s] -- Generating done
[15.564s] -- Build files have been written to: /home/konyun/hclidar_ros2_driver/build/hclidar_driver_ros2
[15.598s] Invoked command in '/home/konyun/hclidar_ros2_driver/build/hclidar_driver_ros2' returned '0': CMAKE_PREFIX_PATH=/opt/ros/foxy /usr/bin/cmake /home/konyun/hclidar_ros2_driver -DCMAKE_INSTALL_PREFIX=/home/konyun/hclidar_ros2_driver/install/hclidar_driver_ros2
[15.608s] Invoking command in '/home/konyun/hclidar_ros2_driver/build/hclidar_driver_ros2': CMAKE_PREFIX_PATH=/opt/ros/foxy /usr/bin/cmake --build /home/konyun/hclidar_ros2_driver/build/hclidar_driver_ros2 -- -j4 -l4
[15.786s] [35m[1mScanning dependencies of target lidar[0m
[15.912s] [ 11%] [32mBuilding CXX object src/base/CMakeFiles/lidar.dir/ReadParsePackage.cpp.o[0m
[15.918s] [ 22%] [32mBuilding CXX object src/base/CMakeFiles/lidar.dir/lidar.cpp.o[0m
[15.934s] [ 44%] [32mBuilding CXX object src/base/CMakeFiles/lidar.dir/hclidar.cpp.o[0m
[15.937s] [ 44%] [32mBuilding CXX object src/base/CMakeFiles/lidar.dir/hchead.cpp.o[0m
[18.402s] [01m[K/home/konyun/hclidar_ros2_driver/src/base/ReadParsePackage.cpp:[m[K In member function ‘[01m[Kint ReadParsePackage::ReadDataSerial(unsigned int)[m[K’:
[18.403s] [01m[K/home/konyun/hclidar_ros2_driver/src/base/ReadParsePackage.cpp:52:9:[m[K [01;35m[Kwarning: [m[Kvariable ‘[01m[KnumDataByte[m[K’ set but not used [[01;35m[K-Wunused-but-set-variable[m[K]
[18.404s]    52 |     int [01;35m[KnumDataByte[m[K;
[18.405s]       |         [01;35m[K^~~~~~~~~~~[m[K
[18.453s] [01m[K/home/konyun/hclidar_ros2_driver/src/base/hchead.cpp:[m[K In static member function ‘[01m[Kstatic void HCHead::eraseBuff(std::vector<unsigned char>&, int)[m[K’:
[18.455s] [01m[K/home/konyun/hclidar_ros2_driver/src/base/hchead.cpp:43:18:[m[K [01;35m[Kwarning: [m[Kcomparison of integer expressions of different signedness: ‘[01m[Kstd::vector<unsigned char>::size_type[m[K’ {aka ‘[01m[Klong unsigned int[m[K’} and ‘[01m[Kint[m[K’ [[01;35m[K-Wsign-compare[m[K]
[18.456s]    43 |  if ([01;35m[KlstG.size() >= iLen[m[K)
[18.457s]       |      [01;35m[K~~~~~~~~~~~~^~~~~~~[m[K
[18.463s] [01m[K/home/konyun/hclidar_ros2_driver/src/base/hchead.cpp:[m[K In static member function ‘[01m[Kstatic void HCHead::eraseRangeData(LstPointCloud&, int)[m[K’:
[18.464s] [01m[K/home/konyun/hclidar_ros2_driver/src/base/hchead.cpp:57:18:[m[K [01;35m[Kwarning: [m[Kcomparison of integer expressions of different signedness: ‘[01m[Kstd::vector<tsPointCloud>::size_type[m[K’ {aka ‘[01m[Klong unsigned int[m[K’} and ‘[01m[Kint[m[K’ [[01;35m[K-Wsign-compare[m[K]
[18.466s]    57 |  if ([01;35m[KlstG.size() >= iLen[m[K)
[18.466s]       |      [01;35m[K~~~~~~~~~~~~^~~~~~~[m[K
[18.723s] In file included from [01m[K/home/konyun/hclidar_ros2_driver/src/base/hchead.cpp:1[m[K:
[18.724s] [01m[K/home/konyun/hclidar_ros2_driver/src/base/hchead.h:[m[K At global scope:
[18.724s] [01m[K/home/konyun/hclidar_ros2_driver/src/base/hchead.h:395:15:[m[K [01;35m[Kwarning: [m[K‘[01m[Kchar* print_curr_time()[m[K’ defined but not used [[01;35m[K-Wunused-function[m[K]
[18.724s]   395 | static char*  [01;35m[Kprint_curr_time[m[K()
[18.724s]       |               [01;35m[K^~~~~~~~~~~~~~~[m[K
[18.954s] [ 55%] [32mBuilding CXX object src/base/CMakeFiles/lidar.dir/HC_serial.cpp.o[0m
[18.982s] [01m[K/home/konyun/hclidar_ros2_driver/src/base/lidar.cpp:[m[K In member function ‘[01m[Kvoid Dev::CacheScanData()[m[K’:
[18.983s] [01m[K/home/konyun/hclidar_ros2_driver/src/base/lidar.cpp:101:6:[m[K [01;35m[Kwarning: [m[Kunused variable ‘[01m[KsameAngleCount[m[K’ [[01;35m[K-Wunused-variable[m[K]
[18.984s]   101 |  int [01;35m[KsameAngleCount[m[K;
[18.984s]       |      [01;35m[K^~~~~~~~~~~~~~[m[K
[18.989s] [01m[K/home/konyun/hclidar_ros2_driver/src/base/lidar.cpp:[m[K In member function ‘[01m[Kvoid Dev::GrabScanDataWithLoop(std::__cxx11::list<node_info>&, node_info*, size_t)[m[K’:
[18.989s] [01m[K/home/konyun/hclidar_ros2_driver/src/base/lidar.cpp:194:94:[m[K [01;35m[Kwarning: [m[Kunused parameter ‘[01m[KbuffLen[m[K’ [[01;35m[K-Wunused-parameter[m[K]
[18.990s]   194 | void Dev::GrabScanDataWithLoop(std::list<node_info>& nodeList, node_info* nodebuffer, [01;35m[Ksize_t buffLen[m[K)
[18.990s]       |                                                                                       [01;35m[K~~~~~~~^~~~~~~[m[K
[18.999s] [01m[K/home/konyun/hclidar_ros2_driver/src/base/lidar.cpp:[m[K In member function ‘[01m[Kvoid Dev::GrabScanData(std::__cxx11::list<node_info>&)[m[K’:
[19.001s] [01m[K/home/konyun/hclidar_ros2_driver/src/base/lidar.cpp:338:23:[m[K [01;35m[Kwarning: [m[Kcomparison of integer expressions of different signedness: ‘[01m[Kint[m[K’ and ‘[01m[Ksize_t[m[K’ {aka ‘[01m[Klong unsigned int[m[K’} [[01;35m[K-Wsign-compare[m[K]
[19.012s]   338 |     for (int i = 0; [01;35m[Ki < count[m[K; ++i)
[19.012s]       |                     [01;35m[K~~^~~~~~~[m[K
[19.020s] [01m[K/home/konyun/hclidar_ros2_driver/src/base/lidar.cpp:[m[K In member function ‘[01m[Kvoid Dev::GetScanData(node_info*, size_t, size_t&, bool)[m[K’:
[19.020s] [01m[K/home/konyun/hclidar_ros2_driver/src/base/lidar.cpp:357:23:[m[K [01;35m[Kwarning: [m[Kcomparison of integer expressions of different signedness: ‘[01m[Kint[m[K’ and ‘[01m[Ksize_t[m[K’ {aka ‘[01m[Klong unsigned int[m[K’} [[01;35m[K-Wsign-compare[m[K]
[19.021s]   357 |     for (int i = 0; [01;35m[Ki < count[m[K; ++i)
[19.022s]       |                     [01;35m[K~~^~~~~~~[m[K
[19.248s] [ 66%] [32mBuilding CXX object src/base/CMakeFiles/lidar.dir/HcSDK.cpp.o[0m
[19.308s] [01m[K/home/konyun/hclidar_ros2_driver/src/base/hclidar.cpp:[m[K In member function ‘[01m[Kvoid HCLidar::readData()[m[K’:
[19.309s] [01m[K/home/konyun/hclidar_ros2_driver/src/base/hclidar.cpp:742:42:[m[K [01;35m[Kwarning: [m[Kcomparison of integer expressions of different signedness: ‘[01m[KUINT64[m[K’ {aka ‘[01m[Klong long unsigned int[m[K’} and ‘[01m[Kint[m[K’ [[01;35m[K-Wsign-compare[m[K]
[19.309s]   742 |     if ([01;35m[K(endTime - m_u64StartTimeNoData) >= m_sSDKPara.iNoDataMS * 1000[m[K)
[19.309s]       |         [01;35m[K~~~~~~~~~~~~~~~~~~~~~~~~~~~~~~~~~^~~~~~~~~~~~~~~~~~~~~~~~~~~~~~[m[K
[19.316s] [01m[K/home/konyun/hclidar_ros2_driver/src/base/hclidar.cpp:[m[K In member function ‘[01m[Kvoid HCLidar::threadParse()[m[K’:
[19.316s] [01m[K/home/konyun/hclidar_ros2_driver/src/base/hclidar.cpp:833:15:[m[K [01;35m[Kwarning: [m[Kcomparison of integer expressions of different signedness: ‘[01m[KUINT64[m[K’ {aka ‘[01m[Klong long unsigned int[m[K’} and ‘[01m[Kint[m[K’ [[01;35m[K-Wsign-compare[m[K]
[19.317s]   833 |    if ([01;35m[Ku64Int >= m_iWaitIDTimeMs[m[K)
[19.317s]       |        [01;35m[K~~~~~~~^~~~~~~~~~~~~~~~~~[m[K
[19.322s] [01m[K/home/konyun/hclidar_ros2_driver/src/base/hclidar.cpp:[m[K In member function ‘[01m[Kbool HCLidar::processData()[m[K’:
[19.323s] [01m[K/home/konyun/hclidar_ros2_driver/src/base/hclidar.cpp:998:5:[m[K [01;35m[Kwarning: [m[Kthis ‘[01m[Kif[m[K’ clause does not guard... [[01;35m[K-Wmisleading-indentation[m[K]
[19.324s]   998 |     [01;35m[Kif[m[K(m_lstBuff.size()<=2)
[19.324s]       |     [01;35m[K^~[m[K
[19.325s] [01m[K/home/konyun/hclidar_ros2_driver/src/base/hclidar.cpp:1001:2:[m[K [01;36m[Knote: [m[K...this statement, but the latter is misleadingly indented as if it were guarded by the ‘[01m[Kif[m[K’
[19.326s]  1001 |  [01;36m[Kif[m[K (m_sStatistic.iErrorCountContinue >= NUMBER_CONTINUE_ERROR_PACKET)
[19.326s]       |  [01;36m[K^~[m[K
[19.327s] [01m[K/home/konyun/hclidar_ros2_driver/src/base/hclidar.cpp:1014:18:[m[K [01;35m[Kwarning: [m[Kcomparison of integer expressions of different signedness: ‘[01m[Kint[m[K’ and ‘[01m[Kstd::vector<unsigned char>::size_type[m[K’ {aka ‘[01m[Klong unsigned int[m[K’} [[01;35m[K-Wsign-compare[m[K]
[19.328s]  1014 |     for(int i=0;[01;35m[Ki<m_lstBuff.size()-1[m[K;i++)
[19.328s]       |                 [01;35m[K~^~~~~~~~~~~~~~~~~~~[m[K
[19.333s] [01m[K/home/konyun/hclidar_ros2_driver/src/base/hclidar.cpp:[m[K In member function ‘[01m[Kbool HCLidar::getDevID(std::vector<unsigned char>&)[m[K’:
[19.333s] [01m[K/home/konyun/hclidar_ros2_driver/src/base/hclidar.cpp:1169:22:[m[K [01;35m[Kwarning: [m[Kcomparison of integer expressions of different signedness: ‘[01m[Kstd::vector<unsigned char>::size_type[m[K’ {aka ‘[01m[Klong unsigned int[m[K’} and ‘[01m[Kint[m[K’ [[01;35m[K-Wsign-compare[m[K]
[19.334s]  1169 |   if ([01;35m[KlstBuff.size() < iLen[m[K)
[19.334s]       |       [01;35m[K~~~~~~~~~~~~~~~^~~~~~[m[K
[19.337s] [01m[K/home/konyun/hclidar_ros2_driver/src/base/hclidar.cpp:1210:13:[m[K [01;35m[Kwarning: [m[Kformat not a string literal and no format arguments [[01;35m[K-Wformat-security[m[K]
[19.337s]  1210 |    LOG_INFO([01;35m[KchTemp[m[K);
[19.338s]       |             [01;35m[K^~~~~~[m[K
[19.340s] [01m[K/home/konyun/hclidar_ros2_driver/src/base/hclidar.cpp:1232:27:[m[K [01;35m[Kwarning: [m[Kcomparison of integer expressions of different signedness: ‘[01m[Kstd::vector<unsigned char>::size_type[m[K’ {aka ‘[01m[Klong unsigned int[m[K’} and ‘[01m[Kint[m[K’ [[01;35m[K-Wsign-compare[m[K]
[19.341s]  1232 |         if([01;35m[KlstBuff.size() < iLen[m[K)
[19.347s]       |            [01;35m[K~~~~~~~~~~~~~~~^~~~~~[m[K
[19.348s] [01m[K/home/konyun/hclidar_ros2_driver/src/base/hclidar.cpp:1282:27:[m[K [01;35m[Kwarning: [m[Kcomparison of integer expressions of different signedness: ‘[01m[Kstd::vector<unsigned char>::size_type[m[K’ {aka ‘[01m[Klong unsigned int[m[K’} and ‘[01m[Kint[m[K’ [[01;35m[K-Wsign-compare[m[K]
[19.348s]  1282 |         if([01;35m[KlstBuff.size() < iLen[m[K)
[19.349s]       |            [01;35m[K~~~~~~~~~~~~~~~^~~~~~[m[K
[19.349s] [01m[K/home/konyun/hclidar_ros2_driver/src/base/hclidar.cpp:[m[K In member function ‘[01m[Kbool HCLidar::calStartInfo(char*, int)[m[K’:
[19.350s] [01m[K/home/konyun/hclidar_ros2_driver/src/base/hclidar.cpp:1324:24:[m[K [01;35m[Kwarning: [m[Kcomparison of integer expressions of different signedness: ‘[01m[KUINT[m[K’ {aka ‘[01m[Kunsigned int[m[K’} and ‘[01m[Kint[m[K’ [[01;35m[K-Wsign-compare[m[K]
[19.350s]  1324 |     for (UINT i = 0; [01;35m[Ki < iLen[m[K; i++)
[19.350s]       |                      [01;35m[K~~^~~~~~[m[K
[19.356s] [01m[K/home/konyun/hclidar_ros2_driver/src/base/hclidar.cpp:[m[K In member function ‘[01m[Kbool HCLidar::getStartInfo(std::vector<unsigned char>&)[m[K’:
[19.356s] [01m[K/home/konyun/hclidar_ros2_driver/src/base/hclidar.cpp:1429:18:[m[K [01;35m[Kwarning: [m[Kcomparison of integer expressions of different signedness: ‘[01m[Kint[m[K’ and ‘[01m[Kstd::vector<unsigned char>::size_type[m[K’ {aka ‘[01m[Klong unsigned int[m[K’} [[01;35m[K-Wsign-compare[m[K]
[19.357s]  1429 |  int iMin = [01;35m[KiLen < lstBuff.size()[m[K ? iLen : lstBuff.size();
[19.357s]       |             [01;35m[K~~~~~^~~~~~~~~~~~~~~~[m[K
[19.362s] [01m[K/home/konyun/hclidar_ros2_driver/src/base/hclidar.cpp:[m[K In member function ‘[01m[Kbool HCLidar::calMCUFrame(char*, int)[m[K’:
[19.363s] [01m[K/home/konyun/hclidar_ros2_driver/src/base/hclidar.cpp:1559:24:[m[K [01;35m[Kwarning: [m[Kcomparison of integer expressions of different signedness: ‘[01m[KUINT[m[K’ {aka ‘[01m[Kunsigned int[m[K’} and ‘[01m[Kint[m[K’ [[01;35m[K-Wsign-compare[m[K]
[19.363s]  1559 |     for (UINT i = 0; [01;35m[Ki < iLen-1[m[K; i++)
[19.363s]       |                      [01;35m[K~~^~~~~~~~[m[K
[19.364s] [01m[K/home/konyun/hclidar_ros2_driver/src/base/hclidar.cpp:[m[K In member function ‘[01m[Kbool HCLidar::getMCUCmd(std::vector<unsigned char>&)[m[K’:
[19.364s] [01m[K/home/konyun/hclidar_ros2_driver/src/base/hclidar.cpp:1575:17:[m[K [01;35m[Kwarning: [m[Kcomparison of integer expressions of different signedness: ‘[01m[Kint[m[K’ and ‘[01m[Kstd::vector<unsigned char>::size_type[m[K’ {aka ‘[01m[Klong unsigned int[m[K’} [[01;35m[K-Wsign-compare[m[K]
[19.367s]  1575 |     if([01;35m[KiPackLen <= lstBuff.size()[m[K)//have a good packet
[19.368s]       |        [01;35m[K~~~~~~~~~^~~~~~~~~~~~~~~~~[m[K
[19.368s] [01m[K/home/konyun/hclidar_ros2_driver/src/base/hclidar.cpp:[m[K In member function ‘[01m[Kbool HCLidar::getPointCloud(std::vector<unsigned char>&)[m[K’:
[19.369s] [01m[K/home/konyun/hclidar_ros2_driver/src/base/hclidar.cpp:1617:18:[m[K [01;35m[Kwarning: [m[Kcomparison of integer expressions of different signedness: ‘[01m[Kint[m[K’ and ‘[01m[Kstd::vector<unsigned char>::size_type[m[K’ {aka ‘[01m[Klong unsigned int[m[K’} [[01;35m[K-Wsign-compare[m[K]
[19.369s]  1617 |  int iMin = [01;35m[KiLen < lstBuff.size()[m[K ? iLen : lstBuff.size();
[19.370s]       |             [01;35m[K~~~~~^~~~~~~~~~~~~~~~[m[K
[19.370s] [01m[K/home/konyun/hclidar_ros2_driver/src/base/hclidar.cpp:1618:21:[m[K [01;35m[Kwarning: [m[Kcomparison of integer expressions of different signedness: ‘[01m[Kstd::vector<unsigned char>::size_type[m[K’ {aka ‘[01m[Klong unsigned int[m[K’} and ‘[01m[Kint[m[K’ [[01;35m[K-Wsign-compare[m[K]
[19.371s]  1618 |  if ([01;35m[KlstBuff.size() < iLen[m[K)
[19.371s]       |      [01;35m[K~~~~~~~~~~~~~~~^~~~~~[m[K
[19.372s] [01m[K/home/konyun/hclidar_ros2_driver/src/base/hclidar.cpp:1653:15:[m[K [01;35m[Kwarning: [m[Kcomparison of integer expressions of different signedness: ‘[01m[Kint[m[K’ and ‘[01m[Kstd::vector<unsigned char>::size_type[m[K’ {aka ‘[01m[Klong unsigned int[m[K’} [[01;35m[K-Wsign-compare[m[K]
[19.378s]  1653 |  if ([01;35m[KiPackLen <= lstBuff.size()[m[K)//have a good packet
[19.379s]       |      [01;35m[K~~~~~~~~~^~~~~~~~~~~~~~~~~[m[K
[19.379s] [01m[K/home/konyun/hclidar_ros2_driver/src/base/hclidar.cpp:[m[K In member function ‘[01m[Kbool HCLidar::parserRangeEX(LstPointCloud&, const char*, int, int, int)[m[K’:
[19.380s] [01m[K/home/konyun/hclidar_ros2_driver/src/base/hclidar.cpp:1730:10:[m[K [01;35m[Kwarning: [m[Kunused variable ‘[01m[KBeforecompensation[m[K’ [[01;35m[K-Wunused-variable[m[K]
[19.381s]  1730 |   double [01;35m[KBeforecompensation[m[K = FA + dAngle * i;
[19.382s]       |          [01;35m[K^~~~~~~~~~~~~~~~~~[m[K
[19.382s] [01m[K/home/konyun/hclidar_ros2_driver/src/base/hclidar.cpp:1732:10:[m[K [01;35m[Kwarning: [m[Kunused variable ‘[01m[KAftercompensation[m[K’ [[01;35m[K-Wunused-variable[m[K]
[19.382s]  1732 |   double [01;35m[KAftercompensation[m[K = angle_cur;
[19.383s]       |          [01;35m[K^~~~~~~~~~~~~~~~~[m[K
[19.384s] [01m[K/home/konyun/hclidar_ros2_driver/src/base/hclidar.cpp:1704:82:[m[K [01;35m[Kwarning: [m[Kunused parameter ‘[01m[KiIndex[m[K’ [[01;35m[K-Wunused-parameter[m[K]
[19.385s]  1704 | bool HCLidar::parserRangeEX(LstPointCloud &resultRange, const char * chBuff, [01;35m[Kint iIndex[m[K, int in_numData, int iPointSize)
[19.385s]       |                                                                              [01;35m[K~~~~^~~~~~[m[K
[19.395s] [01m[K/home/konyun/hclidar_ros2_driver/src/base/hclidar.cpp:[m[K In member function ‘[01m[Kbool HCLidar::checkDataCal(std::vector<unsigned char>&, int)[m[K’:
[19.396s] [01m[K/home/konyun/hclidar_ros2_driver/src/base/hclidar.cpp:1870:20:[m[K [01;35m[Kwarning: [m[Kcomparison of integer expressions of different signedness: ‘[01m[Kint[m[K’ and ‘[01m[Kstd::vector<int>::size_type[m[K’ {aka ‘[01m[Klong unsigned int[m[K’} [[01;35m[K-Wsign-compare[m[K]
[19.396s]  1870 |  for (int i = 0; [01;35m[Ki < temp.size()[m[K; i++)
[19.397s]       |                  [01;35m[K~~^~~~~~~~~~~~~[m[K
[19.397s] [01m[K/home/konyun/hclidar_ros2_driver/src/base/hclidar.cpp:1876:20:[m[K [01;35m[Kwarning: [m[Kcomparison of integer expressions of different signedness: ‘[01m[Kint[m[K’ and ‘[01m[Kstd::vector<int>::size_type[m[K’ {aka ‘[01m[Klong unsigned int[m[K’} [[01;35m[K-Wsign-compare[m[K]
[19.398s]  1876 |  for (int i = 0; [01;35m[Ki < temp.size()[m[K; i++)
[19.398s]       |                  [01;35m[K~~^~~~~~~~~~~~~[m[K
[19.408s] [01m[K/home/konyun/hclidar_ros2_driver/src/base/hclidar.cpp:[m[K In member function ‘[01m[Kvoid HCLidar::checkInvalidLowSpeed(UINT16)[m[K’:
[19.408s] [01m[K/home/konyun/hclidar_ros2_driver/src/base/hclidar.cpp:2021:52:[m[K [01;35m[Kwarning: [m[Kcomparison of integer expressions of different signedness: ‘[01m[KUINT64[m[K’ {aka ‘[01m[Klong long unsigned int[m[K’} and ‘[01m[Kint[m[K’ [[01;35m[K-Wsign-compare[m[K]
[19.408s]  2021 |             if ([01;35m[K(endTime - m_u64StartTimeLowSpeed) >= m_sSDKPara.iSpeedContinueMS*1000[m[K)
[19.408s]       |                 [01;35m[K~~~~~~~~~~~~~~~~~~~~~~~~~~~~~~~~~~~^~~~~~~~~~~~~~~~~~~~~~~~~~~~~~~~~~~[m[K
[19.409s] [01m[K/home/konyun/hclidar_ros2_driver/src/base/hclidar.cpp:[m[K In member function ‘[01m[Kvoid HCLidar::checkInvalidHighSpeed(UINT16)[m[K’:
[19.409s] [01m[K/home/konyun/hclidar_ros2_driver/src/base/hclidar.cpp:2047:53:[m[K [01;35m[Kwarning: [m[Kcomparison of integer expressions of different signedness: ‘[01m[Klong long unsigned int[m[K’ and ‘[01m[Kint[m[K’ [[01;35m[K-Wsign-compare[m[K]
[19.409s]  2047 |             if ([01;35m[K(endTime - m_u64StartTimeHighSpeed) >= m_sSDKPara.iSpeedContinueMS*1000[m[K)
[19.410s]       |                 [01;35m[K~~~~~~~~~~~~~~~~~~~~~~~~~~~~~~~~~~~~^~~~~~~~~~~~~~~~~~~~~~~~~~~~~~~~~~~[m[K
[19.410s] [01m[K/home/konyun/hclidar_ros2_driver/src/base/hclidar.cpp:[m[K In member function ‘[01m[Kvoid HCLidar::checkSharkBlocked()[m[K’:
[19.410s] [01m[K/home/konyun/hclidar_ros2_driver/src/base/hclidar.cpp:2121:20:[m[K [01;35m[Kwarning: [m[Kcomparison of integer expressions of different signedness: ‘[01m[KUINT64[m[K’ {aka ‘[01m[Klong long unsigned int[m[K’} and ‘[01m[Kint[m[K’ [[01;35m[K-Wsign-compare[m[K]
[19.410s]  2121 |         if([01;35m[Ku64Temp >= (m_sSDKPara.iBlockContinueMS+2000)*1000[m[K) //3.5+2S
[19.411s]       |            [01;35m[K~~~~~~~~^~~~~~~~~~~~~~~~~~~~~~~~~~~~~~~~~~~~~~~~~~[m[K
[19.418s] [01m[K/home/konyun/hclidar_ros2_driver/src/base/hclidar.cpp:2126:25:[m[K [01;35m[Kwarning: [m[Kcomparison of integer expressions of different signedness: ‘[01m[KUINT64[m[K’ {aka ‘[01m[Klong long unsigned int[m[K’} and ‘[01m[Kint[m[K’ [[01;35m[K-Wsign-compare[m[K]
[19.419s]  2126 |         else if([01;35m[Ku64Temp >= m_sSDKPara.iBlockContinueMS*1000[m[K && u64Temp < (m_sSDKPara.iBlockContinueMS+2000)*1000)//3.5 - 4.5s
[19.419s]       |                 [01;35m[K~~~~~~~~^~~~~~~~~~~~~~~~~~~~~~~~~~~~~~~~~~~[m[K
[19.420s] [01m[K/home/konyun/hclidar_ros2_driver/src/base/hclidar.cpp:2126:72:[m[K [01;35m[Kwarning: [m[Kcomparison of integer expressions of different signedness: ‘[01m[KUINT64[m[K’ {aka ‘[01m[Klong long unsigned int[m[K’} and ‘[01m[Kint[m[K’ [[01;35m[K-Wsign-compare[m[K]
[19.421s]  2126 |         else if(u64Temp >= m_sSDKPara.iBlockContinueMS*1000 && [01;35m[Ku64Temp < (m_sSDKPara.iBlockContinueMS+2000)*1000[m[K)//3.5 - 4.5s
[19.421s]       |                                                                [01;35m[K~~~~~~~~^~~~~~~~~~~~~~~~~~~~~~~~~~~~~~~~~~~~~~~~~[m[K
[19.421s] [01m[K/home/konyun/hclidar_ros2_driver/src/base/hclidar.cpp:[m[K In member function ‘[01m[Kvoid HCLidar::checkSharkInvalidPoints(tsPointCloud&)[m[K’:
[19.422s] [01m[K/home/konyun/hclidar_ros2_driver/src/base/hclidar.cpp:2171:57:[m[K [01;35m[Kwarning: [m[Kcomparison of integer expressions of different signedness: ‘[01m[Klong long unsigned int[m[K’ and ‘[01m[Kint[m[K’ [[01;35m[K-Wsign-compare[m[K]
[19.423s]  2171 |             if ([01;35m[K(endTime - m_u64StartTimeInvalidPoints) >= m_sSDKPara.iCoverContinueMS*1000[m[K)
[19.423s]       |                 [01;35m[K~~~~~~~~~~~~~~~~~~~~~~~~~~~~~~~~~~~~~~~~^~~~~~~~~~~~~~~~~~~~~~~~~~~~~~~~~~~[m[K
[19.428s] [01m[K/home/konyun/hclidar_ros2_driver/src/base/hclidar.cpp:[m[K In member function ‘[01m[Kvoid HCLidar::grabScanDataWithLoop(std::__cxx11::list<tsNodeInfo>&, tsNodeInfo*, size_t)[m[K’:
[19.428s] [01m[K/home/konyun/hclidar_ros2_driver/src/base/hclidar.cpp:2255:100:[m[K [01;35m[Kwarning: [m[Kunused parameter ‘[01m[KbuffLen[m[K’ [[01;35m[K-Wunused-parameter[m[K]
[19.429s]  2255 | void HCLidar::grabScanDataWithLoop(std::list<tsNodeInfo>& nodeList, tsNodeInfo* nodebuffer, [01;35m[Ksize_t buffLen[m[K)
[19.430s]       |                                                                                             [01;35m[K~~~~~~~^~~~~~~[m[K
[19.440s] [01m[K/home/konyun/hclidar_ros2_driver/src/base/hclidar.cpp:[m[K In member function ‘[01m[Kvoid HCLidar::grabScanData(std::__cxx11::list<tsNodeInfo>&)[m[K’:
[19.441s] [01m[K/home/konyun/hclidar_ros2_driver/src/base/hclidar.cpp:2406:23:[m[K [01;35m[Kwarning: [m[Kcomparison of integer expressions of different signedness: ‘[01m[Kint[m[K’ and ‘[01m[Ksize_t[m[K’ {aka ‘[01m[Klong unsigned int[m[K’} [[01;35m[K-Wsign-compare[m[K]
[19.441s]  2406 |     for (int i = 0; [01;35m[Ki < count[m[K; ++i)
[19.441s]       |                     [01;35m[K~~^~~~~~~[m[K
[19.444s] [01m[K/home/konyun/hclidar_ros2_driver/src/base/hclidar.cpp:[m[K In member function ‘[01m[Kvoid HCLidar::convertDistQ2(LstPointCloud&)[m[K’:
[19.445s] [01m[K/home/konyun/hclidar_ros2_driver/src/base/hclidar.cpp:2422:22:[m[K [01;35m[Kwarning: [m[Kunused variable ‘[01m[Kdist[m[K’ [[01;35m[K-Wunused-variable[m[K]
[19.445s]  2422 |         unsigned int [01;35m[Kdist[m[K = sInfo.u16Dist;
[19.446s]       |                      [01;35m[K^~~~[m[K
[19.448s] [01m[K/home/konyun/hclidar_ros2_driver/src/base/hclidar.cpp:[m[K In member function ‘[01m[Kvoid HCLidar::pushDataWithNoLoopMode(tsNodeInfo&)[m[K’:
[19.448s] [01m[K/home/konyun/hclidar_ros2_driver/src/base/hclidar.cpp:2493:28:[m[K [01;35m[Kwarning: [m[Kcomparison of integer expressions of different signedness: ‘[01m[Kstd::__cxx11::list<tsNodeInfo>::size_type[m[K’ {aka ‘[01m[Klong unsigned int[m[K’} and ‘[01m[Kint[m[K’ [[01;35m[K-Wsign-compare[m[K]
[19.449s]  2493 |     if ([01;35m[Km_sNodeList.size() >= m_sSDKPara.iPollBuffSize[m[K)
[19.449s]       |         [01;35m[K~~~~~~~~~~~~~~~~~~~^~~~~~~~~~~~~~~~~~~~~~~~~~~[m[K
[19.452s] [01m[K/home/konyun/hclidar_ros2_driver/src/base/hclidar.cpp:[m[K In member function ‘[01m[Kvoid HCLidar::pollModePointCloud()[m[K’:
[19.452s] [01m[K/home/konyun/hclidar_ros2_driver/src/base/hclidar.cpp:2568:25:[m[K [01;35m[Kwarning: [m[Kcomparison of integer expressions of different signedness: ‘[01m[Kstd::vector<std::vector<tsPointCloud> >::size_type[m[K’ {aka ‘[01m[Klong unsigned int[m[K’} and ‘[01m[Kint[m[K’ [[01;35m[K-Wsign-compare[m[K]
[19.453s]  2568 |    if ([01;35m[Km_Circles.size() > m_sSDKPara.iCirclesBuffSize[m[K)
[19.453s]       |        [01;35m[K~~~~~~~~~~~~~~~~~^~~~~~~~~~~~~~~~~~~~~~~~~~~~~[m[K
[19.454s] [01m[K/home/konyun/hclidar_ros2_driver/src/base/hclidar.cpp:2576:29:[m[K [01;35m[Kwarning: [m[Kcomparison of integer expressions of different signedness: ‘[01m[Kstd::vector<tsPointCloud>::size_type[m[K’ {aka ‘[01m[Klong unsigned int[m[K’} and ‘[01m[Kint[m[K’ [[01;35m[K-Wsign-compare[m[K]
[19.454s]  2576 |    if ([01;35m[Km_resultRange.size() > m_sSDKPara.iPollBuffSize[m[K)
[19.454s]       |        [01;35m[K~~~~~~~~~~~~~~~~~~~~~^~~~~~~~~~~~~~~~~~~~~~~~~~[m[K
[19.455s] [01m[K/home/konyun/hclidar_ros2_driver/src/base/hclidar.cpp:[m[K In member function ‘[01m[Kvoid HCLidar::callBackFunPointCloud()[m[K’:
[19.456s] [01m[K/home/konyun/hclidar_ros2_driver/src/base/hclidar.cpp:2594:26:[m[K [01;35m[Kwarning: [m[Kcomparison of integer expressions of different signedness: ‘[01m[Kstd::__cxx11::list<tsNodeInfo>::size_type[m[K’ {aka ‘[01m[Klong unsigned int[m[K’} and ‘[01m[Kint[m[K’ [[01;35m[K-Wsign-compare[m[K]
[19.457s]  2594 |   if ([01;35m[Km_sNodeList.size() >= m_sSDKPara.iCallbackBuffSize[m[K)
[19.457s]       |       [01;35m[K~~~~~~~~~~~~~~~~~~~^~~~~~~~~~~~~~~~~~~~~~~~~~~~~~~[m[K
[19.467s] [01m[K/home/konyun/hclidar_ros2_driver/src/base/hclidar.cpp:2627:29:[m[K [01;35m[Kwarning: [m[Kcomparison of integer expressions of different signedness: ‘[01m[Kstd::vector<tsPointCloud>::size_type[m[K’ {aka ‘[01m[Klong unsigned int[m[K’} and ‘[01m[Kint[m[K’ [[01;35m[K-Wsign-compare[m[K]
[19.467s]  2627 |    if ([01;35m[Km_resultRange.size() >= m_sSDKPara.iCallbackBuffSize[m[K)
[19.468s]       |        [01;35m[K~~~~~~~~~~~~~~~~~~~~~^~~~~~~~~~~~~~~~~~~~~~~~~~~~~~~[m[K
[19.480s] [01m[K/home/konyun/hclidar_ros2_driver/src/base/hclidar.cpp:[m[K In member function ‘[01m[Kbool HCLidar::getErrorCode(int, int)[m[K’:
[19.481s] [01m[K/home/konyun/hclidar_ros2_driver/src/base/hclidar.cpp:2704:14:[m[K [01;35m[Kwarning: [m[Kcomparison of integer expressions of different signedness: ‘[01m[KUINT64[m[K’ {aka ‘[01m[Klong long unsigned int[m[K’} and ‘[01m[Kint[m[K’ [[01;35m[K-Wsign-compare[m[K]
[19.481s]  2704 |   if ([01;35m[Ku64Int <= iMs*1000[m[K)
[19.481s]       |       [01;35m[K~~~~~~~^~~~~~~~~~~[m[K
[19.492s] [01m[K/home/konyun/hclidar_ros2_driver/src/base/hclidar.cpp:[m[K In member function ‘[01m[Kbool HCLidar::rockCheckLDSInfo(UINT8*, unLidarInfo&)[m[K’:
[19.493s] [01m[K/home/konyun/hclidar_ros2_driver/src/base/hclidar.cpp:2728:18:[m[K [01;35m[Kwarning: [m[Kcomparison of integer expressions of different signedness: ‘[01m[Kint[m[K’ and ‘[01m[Klong unsigned int[m[K’ [[01;35m[K-Wsign-compare[m[K]
[19.493s]  2728 |  if ([01;35m[Kdecode_size < sizeof(unLidarInfo)[m[K)
[19.493s]       |      [01;35m[K~~~~~~~~~~~~^~~~~~~~~~~~~~~~~~~~~[m[K
[19.494s] [01m[K/home/konyun/hclidar_ros2_driver/src/base/hclidar.cpp:2721:6:[m[K [01;35m[Kwarning: [m[Kunused variable ‘[01m[Ksize[m[K’ [[01;35m[K-Wunused-variable[m[K]
[19.494s]  2721 |  int [01;35m[Ksize[m[K = 0;
[19.494s]       |      [01;35m[K^~~~[m[K
[19.495s] [01m[K/home/konyun/hclidar_ros2_driver/src/base/hclidar.cpp:[m[K In member function ‘[01m[Kvoid HCLidar::rockDecodeLDSInfoPacket(UINT8*, UINT8*, int&)[m[K’:
[19.495s] [01m[K/home/konyun/hclidar_ros2_driver/src/base/hclidar.cpp:2750:20:[m[K [01;35m[Kwarning: [m[Kcomparison of integer expressions of different signedness: ‘[01m[Kint[m[K’ and ‘[01m[Klong unsigned int[m[K’ [[01;35m[K-Wsign-compare[m[K]
[19.496s]  2750 |  for (int i = 0; i < RCV_SIZE; i++)
[19.496s] [01m[K/home/konyun/hclidar_ros2_driver/src/base/hclidar.cpp:2754:10:[m[K [01;35m[Kwarning: [m[Kcomparison of integer expressions of different signedness: ‘[01m[Kint[m[K’ and ‘[01m[Klong unsigned int[m[K’ [[01;35m[K-Wsign-compare[m[K]
[19.497s]  2754 |    if ([01;35m[Ki < RCV_SIZE - 1[m[K)
[19.498s]       |        [01;35m[K~~^~~~~~~~~~~~~~[m[K
[19.498s] [01m[K/home/konyun/hclidar_ros2_driver/src/base/hclidar.cpp:[m[K In member function ‘[01m[Kbool HCLidar::rockCheckCRC(unLidarInfo)[m[K’:
[19.504s] [01m[K/home/konyun/hclidar_ros2_driver/src/base/hclidar.cpp:2770:20:[m[K [01;35m[Kwarning: [m[Kcomparison of integer expressions of different signedness: ‘[01m[Kint[m[K’ and ‘[01m[Klong unsigned int[m[K’ [[01;35m[K-Wsign-compare[m[K]
[19.504s]  2770 |  for (int i = 0; [01;35m[Ki < (sizeof(unLidarInfo) / sizeof(UINT16) - 1)[m[K; i++)
[19.504s]       |                  [01;35m[K~~^~~~~~~~~~~~~~~~~~~~~~~~~~~~~~~~~~~~~~~~~~~~[m[K
[19.505s] [01m[K/home/konyun/hclidar_ros2_driver/src/base/hclidar.cpp:[m[K In member function ‘[01m[Kvoid HCLidar::checkChangeSpeed()[m[K’:
[19.505s] [01m[K/home/konyun/hclidar_ros2_driver/src/base/hclidar.cpp:2804:14:[m[K [01;35m[Kwarning: [m[Kcomparison of integer expressions of different signedness: ‘[01m[KUINT64[m[K’ {aka ‘[01m[Klong long unsigned int[m[K’} and ‘[01m[Kint[m[K’ [[01;35m[K-Wsign-compare[m[K]
[19.505s]  2804 |  if ([01;35m[Ku64Temp >= (m_sSDKPara.iChangeSpeedMS ) * 1000[m[K) //2.5S
[19.505s]       |      [01;35m[K~~~~~~~~^~~~~~~~~~~~~~~~~~~~~~~~~~~~~~~~~~~~~~[m[K
[21.248s] [01m[K/home/konyun/hclidar_ros2_driver/src/base/HC_serial.cpp:[m[K In function ‘[01m[Kvoid signal_handler_IO(int)[m[K’:
[21.249s] [01m[K/home/konyun/hclidar_ros2_driver/src/base/HC_serial.cpp:39:28:[m[K [01;35m[Kwarning: [m[Kunused parameter ‘[01m[Kstatus[m[K’ [[01;35m[K-Wunused-parameter[m[K]
[21.249s]    39 | void signal_handler_IO([01;35m[Kint status[m[K)
[21.250s]       |                        [01;35m[K~~~~^~~~~~[m[K
[21.459s] In file included from [01m[K/home/konyun/hclidar_ros2_driver/src/base/HcSDK.cpp:2[m[K:
[21.459s] [01m[K/home/konyun/hclidar_ros2_driver/src/base/HcSDK.h:77:2:[m[K [01;35m[Kwarning: [m[Kextra ‘[01m[K;[m[K’ [[01;35m[K-Wpedantic[m[K]
[21.460s]    77 | }[01;35m[K;[m[K
[21.460s]       |  [01;35m[K^[m[K
[21.992s] [01m[K/home/konyun/hclidar_ros2_driver/src/base/HcSDK.cpp:154:2:[m[K [01;35m[Kwarning: [m[Kextra ‘[01m[K;[m[K’ [[01;35m[K-Wpedantic[m[K]
[21.993s]   154 | }[01;35m[K;[m[K
[21.993s]       |  [01;35m[K^[m[K
[22.179s] In file included from [01m[K/home/konyun/hclidar_ros2_driver/src/base/hclidar.h:5[m[K,
[22.179s]                  from [01m[K/home/konyun/hclidar_ros2_driver/src/base/HcSDK.cpp:5[m[K:
[22.179s] [01m[K/home/konyun/hclidar_ros2_driver/src/base/hchead.h:395:15:[m[K [01;35m[Kwarning: [m[K‘[01m[Kchar* print_curr_time()[m[K’ defined but not used [[01;35m[K-Wunused-function[m[K]
[22.180s]   395 | static char*  [01;35m[Kprint_curr_time[m[K()
[22.180s]       |               [01;35m[K^~~~~~~~~~~~~~~[m[K
[23.423s] [ 77%] [32m[1mLinking CXX static library liblidar.a[0m
[23.753s] [ 77%] Built target lidar
[23.803s] [35m[1mScanning dependencies of target hclidar_driver_ros2_node[0m
[23.988s] [ 88%] [32mBuilding CXX object CMakeFiles/hclidar_driver_ros2_node.dir/src/hclidar_driver_ros2_node.cpp.o[0m
[30.108s] In file included from [01m[K/home/konyun/hclidar_ros2_driver/src/hclidar_driver_ros2_node.cpp:34[m[K:
[30.108s] [01m[K/home/konyun/hclidar_ros2_driver/src/base/HcSDK.h:77:2:[m[K [01;35m[Kwarning: [m[Kextra ‘[01m[K;[m[K’ [[01;35m[K-Wpedantic[m[K]
[30.109s]    77 | }[01;35m[K;[m[K
[30.109s]       |  [01;35m[K^[m[K
[30.110s] [01m[K/home/konyun/hclidar_ros2_driver/src/hclidar_driver_ros2_node.cpp:[m[K In function ‘[01m[Kvoid sdkCallBackFunErrorCode(int)[m[K’:
[30.110s] [01m[K/home/konyun/hclidar_ros2_driver/src/hclidar_driver_ros2_node.cpp:46:9:[m[K [01;35m[Kwarning: [m[Kformat not a string literal and no format arguments [[01;35m[K-Wformat-security[m[K]
[30.110s]    46 |  printf([01;35m[Kbuff[m[K);
[30.111s]       |         [01;35m[K^~~~[m[K
[30.111s] [01m[K/home/konyun/hclidar_ros2_driver/src/hclidar_driver_ros2_node.cpp:[m[K In function ‘[01m[Kvoid sdkCallBackFunSecondInfo(tsSDKStatistic)[m[K’:
[30.111s] [01m[K/home/konyun/hclidar_ros2_driver/src/hclidar_driver_ros2_node.cpp:65:9:[m[K [01;35m[Kwarning: [m[Kformat not a string literal and no format arguments [[01;35m[K-Wformat-security[m[K]
[30.111s]    65 |  printf([01;35m[Kbuff[m[K);
[30.111s]       |         [01;35m[K^~~~[m[K
[30.118s] [01m[K/home/konyun/hclidar_ros2_driver/src/hclidar_driver_ros2_node.cpp:[m[K In function ‘[01m[Kvoid sdkCallBackFunPointCloud(LstPointCloud)[m[K’:
[30.118s] [01m[K/home/konyun/hclidar_ros2_driver/src/hclidar_driver_ros2_node.cpp:79:38:[m[K [01;35m[Kwarning: [m[Kformat ‘[01m[K%d[m[K’ expects argument of type ‘[01m[Kint[m[K’, but argument 3 has type ‘[01m[Kstd::vector<tsPointCloud>::size_type[m[K’ {aka ‘[01m[Klong unsigned int[m[K’} [[01;35m[K-Wformat=[m[K]
[30.118s]    79 |  sprintf(buff, "---------------Size=[01;35m[K%d[m[K\n", [32m[KlstG.size()[m[K);
[30.119s]       |                                     [01;35m[K~^[m[K     [32m[K~~~~~~~~~~~[m[K
[30.119s]       |                                      [01;35m[K|[m[K              [32m[K|[m[K
[30.119s]       |                                      [01;35m[Kint[m[K            [32m[Kstd::vector<tsPointCloud>::size_type {aka long unsigned int}[m[K
[30.119s]       |                                     [32m[K%ld[m[K
[30.120s] [01m[K/home/konyun/hclidar_ros2_driver/src/hclidar_driver_ros2_node.cpp:80:9:[m[K [01;35m[Kwarning: [m[Kformat not a string literal and no format arguments [[01;35m[K-Wformat-security[m[K]
[30.120s]    80 |  printf([01;35m[Kbuff[m[K);
[30.120s]       |         [01;35m[K^~~~[m[K
[30.131s] [01m[K/home/konyun/hclidar_ros2_driver/src/hclidar_driver_ros2_node.cpp:[m[K In function ‘[01m[Kvoid sdkCallBackFunDistQ2(LstNodeDistQ2)[m[K’:
[30.132s] [01m[K/home/konyun/hclidar_ros2_driver/src/hclidar_driver_ros2_node.cpp:106:14:[m[K [01;35m[Kwarning: [m[Kvariable ‘[01m[KsInfo[m[K’ set but not used [[01;35m[K-Wunused-but-set-variable[m[K]
[30.132s]   106 |     for(auto [01;35m[KsInfo[m[K : lstG)
[30.133s]       |              [01;35m[K^~~~~[m[K
[30.216s] [01m[K/home/konyun/hclidar_ros2_driver/src/hclidar_driver_ros2_node.cpp:[m[K In function ‘[01m[Kint main(int, char**)[m[K’:
[30.217s] [01m[K/home/konyun/hclidar_ros2_driver/src/hclidar_driver_ros2_node.cpp:282:40:[m[K [01;35m[Kwarning: [m[Kcomparison of integer expressions of different signedness: ‘[01m[Kint[m[K’ and ‘[01m[Kstd::vector<tsPointCloud>::size_type[m[K’ {aka ‘[01m[Klong unsigned int[m[K’} [[01;35m[K-Wsign-compare[m[K]
[30.218s]   282 |                         for(int i=0; [01;35m[Ki < lstG.size()[m[K; i++)
[30.218s]       |                                      [01;35m[K~~^~~~~~~~~~~~~[m[K
[30.218s] [01m[K/home/konyun/hclidar_ros2_driver/src/hclidar_driver_ros2_node.cpp:298:51:[m[K [01;35m[Kwarning: [m[Kcomparison of integer expressions of different signedness: ‘[01m[Kint[m[K’ and ‘[01m[Kstd::vector<tsPointCloud>::size_type[m[K’ {aka ‘[01m[Klong unsigned int[m[K’} [[01;35m[K-Wsign-compare[m[K]
[30.219s]   298 |                             if(index >=0 && [01;35m[Kindex < lstG.size()[m[K)
[30.220s]       |                                             [01;35m[K~~~~~~^~~~~~~~~~~~~[m[K
[36.990s] [100%] [32m[1mLinking CXX executable hclidar_driver_ros2_node[0m
[38.520s] [100%] Built target hclidar_driver_ros2_node
[38.565s] Invoked command in '/home/konyun/hclidar_ros2_driver/build/hclidar_driver_ros2' returned '0': CMAKE_PREFIX_PATH=/opt/ros/foxy /usr/bin/cmake --build /home/konyun/hclidar_ros2_driver/build/hclidar_driver_ros2 -- -j4 -l4
[38.703s] Invoking command in '/home/konyun/hclidar_ros2_driver/build/hclidar_driver_ros2': CMAKE_PREFIX_PATH=/opt/ros/foxy /usr/bin/cmake --install /home/konyun/hclidar_ros2_driver/build/hclidar_driver_ros2
[38.741s] -- Install configuration: ""
[38.742s] -- Installing: /home/konyun/hclidar_ros2_driver/install/hclidar_driver_ros2/lib/hclidar_driver_ros2/hclidar_driver_ros2_node
[38.761s] -- Set runtime path of "/home/konyun/hclidar_ros2_driver/install/hclidar_driver_ros2/lib/hclidar_driver_ros2/hclidar_driver_ros2_node" to ""
[38.762s] -- Installing: /home/konyun/hclidar_ros2_driver/install/hclidar_driver_ros2/share/hclidar_driver_ros2/launch
[38.763s] -- Installing: /home/konyun/hclidar_ros2_driver/install/hclidar_driver_ros2/share/hclidar_driver_ros2/launch/hclidar_launch.py
[38.860s] -- Installing: /home/konyun/hclidar_ros2_driver/install/hclidar_driver_ros2/share/hclidar_driver_ros2/launch/hclidar_launch_view.py
[38.872s] -- Installing: /home/konyun/hclidar_ros2_driver/install/hclidar_driver_ros2/share/hclidar_driver_ros2/launch/hclidar.py
[38.885s] -- Installing: /home/konyun/hclidar_ros2_driver/install/hclidar_driver_ros2/share/hclidar_driver_ros2/params
[38.886s] -- Installing: /home/konyun/hclidar_ros2_driver/install/hclidar_driver_ros2/share/hclidar_driver_ros2/params/hclidar.yaml
[38.901s] -- Installing: /home/konyun/hclidar_ros2_driver/install/hclidar_driver_ros2/share/ament_index/resource_index/package_run_dependencies/hclidar_driver_ros2
[38.901s] -- Installing: /home/konyun/hclidar_ros2_driver/install/hclidar_driver_ros2/share/ament_index/resource_index/parent_prefix_path/hclidar_driver_ros2
[38.902s] -- Installing: /home/konyun/hclidar_ros2_driver/install/hclidar_driver_ros2/share/hclidar_driver_ros2/environment/ament_prefix_path.sh
[38.903s] -- Installing: /home/konyun/hclidar_ros2_driver/install/hclidar_driver_ros2/share/hclidar_driver_ros2/environment/ament_prefix_path.dsv
[38.904s] -- Installing: /home/konyun/hclidar_ros2_driver/install/hclidar_driver_ros2/share/hclidar_driver_ros2/environment/path.sh
[38.905s] -- Installing: /home/konyun/hclidar_ros2_driver/install/hclidar_driver_ros2/share/hclidar_driver_ros2/environment/path.dsv
[38.907s] -- Installing: /home/konyun/hclidar_ros2_driver/install/hclidar_driver_ros2/share/hclidar_driver_ros2/local_setup.bash
[38.909s] -- Installing: /home/konyun/hclidar_ros2_driver/install/hclidar_driver_ros2/share/hclidar_driver_ros2/local_setup.sh
[38.910s] -- Installing: /home/konyun/hclidar_ros2_driver/install/hclidar_driver_ros2/share/hclidar_driver_ros2/local_setup.zsh
[38.911s] -- Installing: /home/konyun/hclidar_ros2_driver/install/hclidar_driver_ros2/share/hclidar_driver_ros2/local_setup.dsv
[38.911s] -- Installing: /home/konyun/hclidar_ros2_driver/install/hclidar_driver_ros2/share/hclidar_driver_ros2/package.dsv
[38.911s] -- Installing: /home/konyun/hclidar_ros2_driver/install/hclidar_driver_ros2/share/ament_index/resource_index/packages/hclidar_driver_ros2
[38.911s] -- Installing: /home/konyun/hclidar_ros2_driver/install/hclidar_driver_ros2/share/hclidar_driver_ros2/cmake/hclidar_driver_ros2Config.cmake
[38.912s] -- Installing: /home/konyun/hclidar_ros2_driver/install/hclidar_driver_ros2/share/hclidar_driver_ros2/cmake/hclidar_driver_ros2Config-version.cmake
[38.913s] -- Installing: /home/konyun/hclidar_ros2_driver/install/hclidar_driver_ros2/share/hclidar_driver_ros2/package.xml
[38.924s] Invoked command in '/home/konyun/hclidar_ros2_driver/build/hclidar_driver_ros2' returned '0': CMAKE_PREFIX_PATH=/opt/ros/foxy /usr/bin/cmake --install /home/konyun/hclidar_ros2_driver/build/hclidar_driver_ros2
