[0.040s] Invoking command in '/home/konyun/hclidar_ros2_driver/build/hclidar_ros2_driver': CMAKE_PREFIX_PATH=${CMAKE_PREFIX_PATH}:/opt/ros/foxy /usr/bin/cmake --build /home/konyun/hclidar_ros2_driver/build/hclidar_ros2_driver -- -j4 -l4
[0.163s] [ 63%] Built target lidar
[0.174s] [ 81%] Built target hclidar_ros2_driver_client
[0.189s] [35m[1mScanning dependencies of target hclidar_ros2_driver_node[0m
[0.278s] [ 90%] [32mBuilding CXX object CMakeFiles/hclidar_ros2_driver_node.dir/src/hclidar_ros2_driver_node.cpp.o[0m
[3.209s] In file included from [01m[K/home/konyun/hclidar_ros2_driver/src/hclidar_ros2_driver_node.cpp:34[m[K:
[3.210s] [01m[K/home/konyun/hclidar_ros2_driver/src/base/HcSDK.h:77:2:[m[K [01;35m[Kwarning: [m[Kextra ‘[01m[K;[m[K’ [[01;35m[K-Wpedantic[m[K]
[3.211s]    77 | }[01;35m[K;[m[K
[3.211s]       |  [01;35m[K^[m[K
[3.211s] [01m[K/home/konyun/hclidar_ros2_driver/src/hclidar_ros2_driver_node.cpp:[m[K In function ‘[01m[Kvoid sdkCallBackFunErrorCode(int)[m[K’:
[3.212s] [01m[K/home/konyun/hclidar_ros2_driver/src/hclidar_ros2_driver_node.cpp:46:9:[m[K [01;35m[Kwarning: [m[Kformat not a string literal and no format arguments [[01;35m[K-Wformat-security[m[K]
[3.212s]    46 |  printf([01;35m[Kbuff[m[K);
[3.213s]       |         [01;35m[K^~~~[m[K
[3.214s] [01m[K/home/konyun/hclidar_ros2_driver/src/hclidar_ros2_driver_node.cpp:[m[K In function ‘[01m[Kvoid sdkCallBackFunSecondInfo(tsSDKStatistic)[m[K’:
[3.214s] [01m[K/home/konyun/hclidar_ros2_driver/src/hclidar_ros2_driver_node.cpp:65:9:[m[K [01;35m[Kwarning: [m[Kformat not a string literal and no format arguments [[01;35m[K-Wformat-security[m[K]
[3.214s]    65 |  printf([01;35m[Kbuff[m[K);
[3.215s]       |         [01;35m[K^~~~[m[K
[3.215s] [01m[K/home/konyun/hclidar_ros2_driver/src/hclidar_ros2_driver_node.cpp:[m[K In function ‘[01m[Kvoid sdkCallBackFunPointCloud(LstPointCloud)[m[K’:
[3.215s] [01m[K/home/konyun/hclidar_ros2_driver/src/hclidar_ros2_driver_node.cpp:79:38:[m[K [01;35m[Kwarning: [m[Kformat ‘[01m[K%d[m[K’ expects argument of type ‘[01m[Kint[m[K’, but argument 3 has type ‘[01m[Kstd::vector<tsPointCloud>::size_type[m[K’ {aka ‘[01m[Klong unsigned int[m[K’} [[01;35m[K-Wformat=[m[K]
[3.215s]    79 |  sprintf(buff, "---------------Size=[01;35m[K%d[m[K\n", [32m[KlstG.size()[m[K);
[3.215s]       |                                     [01;35m[K~^[m[K     [32m[K~~~~~~~~~~~[m[K
[3.216s]       |                                      [01;35m[K|[m[K              [32m[K|[m[K
[3.216s]       |                                      [01;35m[Kint[m[K            [32m[Kstd::vector<tsPointCloud>::size_type {aka long unsigned int}[m[K
[3.216s]       |                                     [32m[K%ld[m[K
[3.216s] [01m[K/home/konyun/hclidar_ros2_driver/src/hclidar_ros2_driver_node.cpp:80:9:[m[K [01;35m[Kwarning: [m[Kformat not a string literal and no format arguments [[01;35m[K-Wformat-security[m[K]
[3.216s]    80 |  printf([01;35m[Kbuff[m[K);
[3.216s]       |         [01;35m[K^~~~[m[K
[3.224s] [01m[K/home/konyun/hclidar_ros2_driver/src/hclidar_ros2_driver_node.cpp:[m[K In function ‘[01m[Kvoid sdkCallBackFunDistQ2(LstNodeDistQ2)[m[K’:
[3.225s] [01m[K/home/konyun/hclidar_ros2_driver/src/hclidar_ros2_driver_node.cpp:106:14:[m[K [01;35m[Kwarning: [m[Kvariable ‘[01m[KsInfo[m[K’ set but not used [[01;35m[K-Wunused-but-set-variable[m[K]
[3.225s]   106 |     for(auto [01;35m[KsInfo[m[K : lstG)
[3.225s]       |              [01;35m[K^~~~~[m[K
[3.277s] [01m[K/home/konyun/hclidar_ros2_driver/src/hclidar_ros2_driver_node.cpp:[m[K In function ‘[01m[Kint main(int, char**)[m[K’:
[3.278s] [01m[K/home/konyun/hclidar_ros2_driver/src/hclidar_ros2_driver_node.cpp:280:40:[m[K [01;35m[Kwarning: [m[Kcomparison of integer expressions of different signedness: ‘[01m[Kint[m[K’ and ‘[01m[Kstd::vector<tsPointCloud>::size_type[m[K’ {aka ‘[01m[Klong unsigned int[m[K’} [[01;35m[K-Wsign-compare[m[K]
[3.278s]   280 |                         for(int i=0; [01;35m[Ki < lstG.size()[m[K; i++)
[3.278s]       |                                      [01;35m[K~~^~~~~~~~~~~~~[m[K
[3.279s] [01m[K/home/konyun/hclidar_ros2_driver/src/hclidar_ros2_driver_node.cpp:292:51:[m[K [01;35m[Kwarning: [m[Kcomparison of integer expressions of different signedness: ‘[01m[Kint[m[K’ and ‘[01m[Kstd::vector<tsPointCloud>::size_type[m[K’ {aka ‘[01m[Klong unsigned int[m[K’} [[01;35m[K-Wsign-compare[m[K]
[3.279s]   292 |                             if(index >=0 && [01;35m[Kindex < lstG.size()[m[K)
[3.279s]       |                                             [01;35m[K~~~~~~^~~~~~~~~~~~~[m[K
[8.112s] [100%] [32m[1mLinking CXX executable hclidar_ros2_driver_node[0m
[8.517s] [100%] Built target hclidar_ros2_driver_node
[8.548s] Invoked command in '/home/konyun/hclidar_ros2_driver/build/hclidar_ros2_driver' returned '0': CMAKE_PREFIX_PATH=${CMAKE_PREFIX_PATH}:/opt/ros/foxy /usr/bin/cmake --build /home/konyun/hclidar_ros2_driver/build/hclidar_ros2_driver -- -j4 -l4
[8.663s] Invoking command in '/home/konyun/hclidar_ros2_driver/build/hclidar_ros2_driver': CMAKE_PREFIX_PATH=${CMAKE_PREFIX_PATH}:/opt/ros/foxy /usr/bin/cmake --install /home/konyun/hclidar_ros2_driver/build/hclidar_ros2_driver
[8.679s] -- Install configuration: ""
[8.681s] -- Execute custom install script
[8.683s] -- Up-to-date symlink: /home/konyun/hclidar_ros2_driver/install/hclidar_ros2_driver/lib/hclidar_ros2_driver/hclidar_ros2_driver_node
[8.687s] -- Up-to-date symlink: /home/konyun/hclidar_ros2_driver/install/hclidar_ros2_driver/lib/hclidar_ros2_driver/hclidar_ros2_driver_client
[8.689s] -- Up-to-date symlink: /home/konyun/hclidar_ros2_driver/install/hclidar_ros2_driver/share/hclidar_ros2_driver/launch/hclidar.py
[8.690s] -- Up-to-date symlink: /home/konyun/hclidar_ros2_driver/install/hclidar_ros2_driver/share/hclidar_ros2_driver/launch/hclidar_launch.py
[8.691s] -- Up-to-date symlink: /home/konyun/hclidar_ros2_driver/install/hclidar_ros2_driver/share/hclidar_ros2_driver/launch/hclidar_launch_view.py
[8.692s] -- Up-to-date symlink: /home/konyun/hclidar_ros2_driver/install/hclidar_ros2_driver/share/hclidar_ros2_driver/params/hclidar.yaml
[8.695s] -- Up-to-date symlink: /home/konyun/hclidar_ros2_driver/install/hclidar_ros2_driver/share/ament_index/resource_index/package_run_dependencies/hclidar_ros2_driver
[8.695s] -- Up-to-date symlink: /home/konyun/hclidar_ros2_driver/install/hclidar_ros2_driver/share/ament_index/resource_index/parent_prefix_path/hclidar_ros2_driver
[8.696s] -- Up-to-date symlink: /home/konyun/hclidar_ros2_driver/install/hclidar_ros2_driver/share/hclidar_ros2_driver/environment/ament_prefix_path.sh
[8.697s] -- Up-to-date symlink: /home/konyun/hclidar_ros2_driver/install/hclidar_ros2_driver/share/hclidar_ros2_driver/environment/ament_prefix_path.dsv
[8.698s] -- Up-to-date symlink: /home/konyun/hclidar_ros2_driver/install/hclidar_ros2_driver/share/hclidar_ros2_driver/environment/path.sh
[8.699s] -- Up-to-date symlink: /home/konyun/hclidar_ros2_driver/install/hclidar_ros2_driver/share/hclidar_ros2_driver/environment/path.dsv
[8.701s] -- Up-to-date symlink: /home/konyun/hclidar_ros2_driver/install/hclidar_ros2_driver/share/hclidar_ros2_driver/local_setup.bash
[8.703s] -- Up-to-date symlink: /home/konyun/hclidar_ros2_driver/install/hclidar_ros2_driver/share/hclidar_ros2_driver/local_setup.sh
[8.704s] -- Up-to-date symlink: /home/konyun/hclidar_ros2_driver/install/hclidar_ros2_driver/share/hclidar_ros2_driver/local_setup.zsh
[8.705s] -- Up-to-date symlink: /home/konyun/hclidar_ros2_driver/install/hclidar_ros2_driver/share/hclidar_ros2_driver/local_setup.dsv
[8.706s] -- Symlinking: /home/konyun/hclidar_ros2_driver/install/hclidar_ros2_driver/share/hclidar_ros2_driver/package.dsv
[8.737s] -- Up-to-date symlink: /home/konyun/hclidar_ros2_driver/install/hclidar_ros2_driver/share/ament_index/resource_index/packages/hclidar_ros2_driver
[8.738s] -- Up-to-date symlink: /home/konyun/hclidar_ros2_driver/install/hclidar_ros2_driver/share/hclidar_ros2_driver/cmake/hclidar_ros2_driverConfig.cmake
[8.739s] -- Up-to-date symlink: /home/konyun/hclidar_ros2_driver/install/hclidar_ros2_driver/share/hclidar_ros2_driver/cmake/hclidar_ros2_driverConfig-version.cmake
[8.741s] -- Up-to-date symlink: /home/konyun/hclidar_ros2_driver/install/hclidar_ros2_driver/share/hclidar_ros2_driver/package.xml
[8.748s] Invoked command in '/home/konyun/hclidar_ros2_driver/build/hclidar_ros2_driver' returned '0': CMAKE_PREFIX_PATH=${CMAKE_PREFIX_PATH}:/opt/ros/foxy /usr/bin/cmake --install /home/konyun/hclidar_ros2_driver/build/hclidar_ros2_driver
