[0.432s] DEBUG:colcon:Command line arguments: ['/usr/bin/colcon', 'build', '--symlink-install']
[0.432s] DEBUG:colcon:Parsed command line arguments: Namespace(allow_overriding=[], ament_cmake_args=None, base_paths=['.'], build_base='build', catkin_cmake_args=None, catkin_skip_building_tests=False, cmake_args=None, cmake_clean_cache=False, cmake_clean_first=False, cmake_force_configure=False, cmake_target=None, cmake_target_skip_unavailable=False, continue_on_error=False, event_handlers=None, executor='parallel', ignore_user_meta=False, install_base='install', log_base=None, log_level=None, main=<bound method BuildVerb.main of <colcon_core.verb.build.BuildVerb object at 0x7f32a1175550>>, merge_install=False, metas=['./colcon.meta'], packages_above=None, packages_above_and_dependencies=None, packages_above_depth=None, packages_end=None, packages_ignore=None, packages_ignore_regex=None, packages_select=None, packages_select_build_failed=False, packages_select_by_dep=None, packages_select_regex=None, packages_select_test_failures=False, packages_skip=None, packages_skip_build_finished=False, packages_skip_by_dep=None, packages_skip_regex=None, packages_skip_test_passed=False, packages_skip_up_to=None, packages_start=None, packages_up_to=None, packages_up_to_regex=None, parallel_workers=4, paths=None, symlink_install=True, test_result_base=None, verb_extension=<colcon_core.verb.build.BuildVerb object at 0x7f32a1175550>, verb_name='build', verb_parser=<colcon_defaults.argument_parser.defaults.DefaultArgumentsDecorator object at 0x7f32a1175a90>)
[0.474s] Level 1:colcon.colcon_core.package_discovery:discover_packages(colcon_meta) check parameters
[0.475s] Level 1:colcon.colcon_core.package_discovery:discover_packages(recursive) check parameters
[0.475s] Level 1:colcon.colcon_core.package_discovery:discover_packages(ignore) check parameters
[0.476s] Level 1:colcon.colcon_core.package_discovery:discover_packages(path) check parameters
[0.476s] Level 1:colcon.colcon_core.package_discovery:discover_packages(colcon_meta) discover
[0.476s] Level 1:colcon.colcon_core.package_discovery:discover_packages(recursive) discover
[0.476s] INFO:colcon.colcon_core.package_discovery:Crawling recursively for packages in '/home/konyun/hclidar_ros2_driver'
[0.477s] Level 1:colcon.colcon_core.package_identification:_identify(.) by extensions ['ignore', 'ignore_ament_install']
[0.477s] Level 1:colcon.colcon_core.package_identification:_identify(.) by extension 'ignore'
[0.478s] Level 1:colcon.colcon_core.package_identification:_identify(.) by extension 'ignore_ament_install'
[0.479s] Level 1:colcon.colcon_core.package_identification:_identify(.) by extensions ['colcon_pkg']
[0.480s] Level 1:colcon.colcon_core.package_identification:_identify(.) by extension 'colcon_pkg'
[0.480s] Level 1:colcon.colcon_core.package_identification:_identify(.) by extensions ['colcon_meta']
[0.480s] Level 1:colcon.colcon_core.package_identification:_identify(.) by extension 'colcon_meta'
[0.480s] Level 1:colcon.colcon_core.package_identification:_identify(.) by extensions ['ros']
[0.480s] Level 1:colcon.colcon_core.package_identification:_identify(.) by extension 'ros'
[0.517s] DEBUG:colcon.colcon_core.package_identification:Package '.' with type 'ros.ament_cmake' and name 'hclidar_ros2_driver'
[0.517s] Level 1:colcon.colcon_core.package_discovery:discover_packages(recursive) using defaults
[0.517s] Level 1:colcon.colcon_core.package_discovery:discover_packages(ignore) discover
[0.517s] Level 1:colcon.colcon_core.package_discovery:discover_packages(ignore) using defaults
[0.517s] Level 1:colcon.colcon_core.package_discovery:discover_packages(path) discover
[0.517s] Level 1:colcon.colcon_core.package_discovery:discover_packages(path) using defaults
[0.572s] Level 1:colcon.colcon_core.package_discovery:discover_packages(prefix_path) check parameters
[0.572s] Level 1:colcon.colcon_core.package_discovery:discover_packages(prefix_path) discover
[0.578s] DEBUG:colcon.colcon_installed_package_information.package_discovery:Found 1 installed packages in /home/konyun/hclidar_ros2_driver/install
[0.581s] DEBUG:colcon.colcon_installed_package_information.package_discovery:Found 256 installed packages in /opt/ros/foxy
[0.585s] Level 1:colcon.colcon_core.package_discovery:discover_packages(prefix_path) using defaults
[0.778s] Level 5:colcon.colcon_core.verb:set package 'hclidar_ros2_driver' build argument 'cmake_args' from command line to 'None'
[0.779s] Level 5:colcon.colcon_core.verb:set package 'hclidar_ros2_driver' build argument 'cmake_target' from command line to 'None'
[0.779s] Level 5:colcon.colcon_core.verb:set package 'hclidar_ros2_driver' build argument 'cmake_target_skip_unavailable' from command line to 'False'
[0.779s] Level 5:colcon.colcon_core.verb:set package 'hclidar_ros2_driver' build argument 'cmake_clean_cache' from command line to 'False'
[0.779s] Level 5:colcon.colcon_core.verb:set package 'hclidar_ros2_driver' build argument 'cmake_clean_first' from command line to 'False'
[0.779s] Level 5:colcon.colcon_core.verb:set package 'hclidar_ros2_driver' build argument 'cmake_force_configure' from command line to 'False'
[0.779s] Level 5:colcon.colcon_core.verb:set package 'hclidar_ros2_driver' build argument 'ament_cmake_args' from command line to 'None'
[0.779s] Level 5:colcon.colcon_core.verb:set package 'hclidar_ros2_driver' build argument 'catkin_cmake_args' from command line to 'None'
[0.779s] Level 5:colcon.colcon_core.verb:set package 'hclidar_ros2_driver' build argument 'catkin_skip_building_tests' from command line to 'False'
[0.779s] DEBUG:colcon.colcon_core.verb:Building package 'hclidar_ros2_driver' with the following arguments: {'ament_cmake_args': None, 'build_base': '/home/konyun/hclidar_ros2_driver/build/hclidar_ros2_driver', 'catkin_cmake_args': None, 'catkin_skip_building_tests': False, 'cmake_args': None, 'cmake_clean_cache': False, 'cmake_clean_first': False, 'cmake_force_configure': False, 'cmake_target': None, 'cmake_target_skip_unavailable': False, 'install_base': '/home/konyun/hclidar_ros2_driver/install/hclidar_ros2_driver', 'merge_install': False, 'path': '/home/konyun/hclidar_ros2_driver', 'symlink_install': True, 'test_result_base': None}
[0.780s] INFO:colcon.colcon_core.executor:Executing jobs using 'parallel' executor
[0.793s] DEBUG:colcon.colcon_parallel_executor.executor.parallel:run_until_complete
[0.794s] INFO:colcon.colcon_ros.task.ament_cmake.build:Building ROS package in '/home/konyun/hclidar_ros2_driver' with build type 'ament_cmake'
[0.794s] INFO:colcon.colcon_cmake.task.cmake.build:Building CMake package in '/home/konyun/hclidar_ros2_driver'
[0.802s] INFO:colcon.colcon_core.plugin_system:Skipping extension 'colcon_core.shell.bat': Not used on non-Windows systems
[0.803s] INFO:colcon.colcon_core.shell:Skip shell extension 'powershell' for command environment: Not usable outside of PowerShell
[0.803s] DEBUG:colcon.colcon_core.shell:Skip shell extension 'dsv' for command environment
[0.831s] DEBUG:colcon.colcon_core.event_handler.log_command:Invoking command in '/home/konyun/hclidar_ros2_driver/build/hclidar_ros2_driver': CMAKE_PREFIX_PATH=${CMAKE_PREFIX_PATH}:/opt/ros/foxy /usr/bin/cmake --build /home/konyun/hclidar_ros2_driver/build/hclidar_ros2_driver -- -j4 -l4
[1.198s] DEBUG:colcon.colcon_core.event_handler.log_command:Invoked command in '/home/konyun/hclidar_ros2_driver/build/hclidar_ros2_driver' returned '0': CMAKE_PREFIX_PATH=${CMAKE_PREFIX_PATH}:/opt/ros/foxy /usr/bin/cmake --build /home/konyun/hclidar_ros2_driver/build/hclidar_ros2_driver -- -j4 -l4
[1.412s] DEBUG:colcon.colcon_core.event_handler.log_command:Invoking command in '/home/konyun/hclidar_ros2_driver/build/hclidar_ros2_driver': CMAKE_PREFIX_PATH=${CMAKE_PREFIX_PATH}:/opt/ros/foxy /usr/bin/cmake --install /home/konyun/hclidar_ros2_driver/build/hclidar_ros2_driver
[1.462s] Level 1:colcon.colcon_core.environment:create_environment_scripts_only(hclidar_ros2_driver)
[1.464s] DEBUG:colcon.colcon_core.event_handler.log_command:Invoked command in '/home/konyun/hclidar_ros2_driver/build/hclidar_ros2_driver' returned '0': CMAKE_PREFIX_PATH=${CMAKE_PREFIX_PATH}:/opt/ros/foxy /usr/bin/cmake --install /home/konyun/hclidar_ros2_driver/build/hclidar_ros2_driver
[1.484s] Level 1:colcon.colcon_core.environment:checking '/home/konyun/hclidar_ros2_driver/install/hclidar_ros2_driver' for CMake module files
[1.485s] Level 1:colcon.colcon_core.environment:checking '/home/konyun/hclidar_ros2_driver/install/hclidar_ros2_driver' for CMake config files
[1.486s] Level 1:colcon.colcon_core.shell:create_environment_hook('hclidar_ros2_driver', 'cmake_prefix_path')
[1.488s] INFO:colcon.colcon_core.shell:Creating environment hook '/home/konyun/hclidar_ros2_driver/install/hclidar_ros2_driver/share/hclidar_ros2_driver/hook/cmake_prefix_path.ps1'
[1.491s] INFO:colcon.colcon_core.shell:Creating environment descriptor '/home/konyun/hclidar_ros2_driver/install/hclidar_ros2_driver/share/hclidar_ros2_driver/hook/cmake_prefix_path.dsv'
[1.497s] INFO:colcon.colcon_core.shell:Creating environment hook '/home/konyun/hclidar_ros2_driver/install/hclidar_ros2_driver/share/hclidar_ros2_driver/hook/cmake_prefix_path.sh'
[1.503s] Level 1:colcon.colcon_core.environment:checking '/home/konyun/hclidar_ros2_driver/install/hclidar_ros2_driver/lib'
[1.504s] Level 1:colcon.colcon_core.environment:checking '/home/konyun/hclidar_ros2_driver/install/hclidar_ros2_driver/bin'
[1.504s] Level 1:colcon.colcon_core.environment:checking '/home/konyun/hclidar_ros2_driver/install/hclidar_ros2_driver/lib/pkgconfig/hclidar_ros2_driver.pc'
[1.505s] Level 1:colcon.colcon_core.environment:checking '/home/konyun/hclidar_ros2_driver/install/hclidar_ros2_driver/lib/python3.8/site-packages'
[1.505s] Level 1:colcon.colcon_core.environment:checking '/home/konyun/hclidar_ros2_driver/install/hclidar_ros2_driver/bin'
[1.508s] INFO:colcon.colcon_core.shell:Creating package script '/home/konyun/hclidar_ros2_driver/install/hclidar_ros2_driver/share/hclidar_ros2_driver/package.ps1'
[1.515s] INFO:colcon.colcon_core.shell:Creating package descriptor '/home/konyun/hclidar_ros2_driver/install/hclidar_ros2_driver/share/hclidar_ros2_driver/package.dsv'
[1.517s] INFO:colcon.colcon_core.shell:Creating package script '/home/konyun/hclidar_ros2_driver/install/hclidar_ros2_driver/share/hclidar_ros2_driver/package.sh'
[1.520s] INFO:colcon.colcon_core.shell:Creating package script '/home/konyun/hclidar_ros2_driver/install/hclidar_ros2_driver/share/hclidar_ros2_driver/package.bash'
[1.523s] INFO:colcon.colcon_core.shell:Creating package script '/home/konyun/hclidar_ros2_driver/install/hclidar_ros2_driver/share/hclidar_ros2_driver/package.zsh'
[1.526s] Level 1:colcon.colcon_core.environment:create_file_with_runtime_dependencies(/home/konyun/hclidar_ros2_driver/install/hclidar_ros2_driver/share/colcon-core/packages/hclidar_ros2_driver)
[1.632s] Level 1:colcon.colcon_core.environment:create_environment_scripts_only(hclidar_ros2_driver)
[1.637s] Level 1:colcon.colcon_core.environment:checking '/home/konyun/hclidar_ros2_driver/install/hclidar_ros2_driver' for CMake module files
[1.639s] Level 1:colcon.colcon_core.environment:checking '/home/konyun/hclidar_ros2_driver/install/hclidar_ros2_driver' for CMake config files
[1.641s] Level 1:colcon.colcon_core.shell:create_environment_hook('hclidar_ros2_driver', 'cmake_prefix_path')
[1.646s] INFO:colcon.colcon_core.shell:Creating environment hook '/home/konyun/hclidar_ros2_driver/install/hclidar_ros2_driver/share/hclidar_ros2_driver/hook/cmake_prefix_path.ps1'
[1.649s] INFO:colcon.colcon_core.shell:Creating environment descriptor '/home/konyun/hclidar_ros2_driver/install/hclidar_ros2_driver/share/hclidar_ros2_driver/hook/cmake_prefix_path.dsv'
[1.651s] INFO:colcon.colcon_core.shell:Creating environment hook '/home/konyun/hclidar_ros2_driver/install/hclidar_ros2_driver/share/hclidar_ros2_driver/hook/cmake_prefix_path.sh'
[1.652s] Level 1:colcon.colcon_core.environment:checking '/home/konyun/hclidar_ros2_driver/install/hclidar_ros2_driver/lib'
[1.653s] Level 1:colcon.colcon_core.environment:checking '/home/konyun/hclidar_ros2_driver/install/hclidar_ros2_driver/bin'
[1.653s] Level 1:colcon.colcon_core.environment:checking '/home/konyun/hclidar_ros2_driver/install/hclidar_ros2_driver/lib/pkgconfig/hclidar_ros2_driver.pc'
[1.653s] Level 1:colcon.colcon_core.environment:checking '/home/konyun/hclidar_ros2_driver/install/hclidar_ros2_driver/lib/python3.8/site-packages'
[1.654s] Level 1:colcon.colcon_core.environment:checking '/home/konyun/hclidar_ros2_driver/install/hclidar_ros2_driver/bin'
[1.658s] INFO:colcon.colcon_core.shell:Creating package script '/home/konyun/hclidar_ros2_driver/install/hclidar_ros2_driver/share/hclidar_ros2_driver/package.ps1'
[1.660s] INFO:colcon.colcon_core.shell:Creating package descriptor '/home/konyun/hclidar_ros2_driver/install/hclidar_ros2_driver/share/hclidar_ros2_driver/package.dsv'
[1.662s] INFO:colcon.colcon_core.shell:Creating package script '/home/konyun/hclidar_ros2_driver/install/hclidar_ros2_driver/share/hclidar_ros2_driver/package.sh'
[1.663s] INFO:colcon.colcon_core.shell:Creating package script '/home/konyun/hclidar_ros2_driver/install/hclidar_ros2_driver/share/hclidar_ros2_driver/package.bash'
[1.665s] INFO:colcon.colcon_core.shell:Creating package script '/home/konyun/hclidar_ros2_driver/install/hclidar_ros2_driver/share/hclidar_ros2_driver/package.zsh'
[1.666s] Level 1:colcon.colcon_core.environment:create_file_with_runtime_dependencies(/home/konyun/hclidar_ros2_driver/install/hclidar_ros2_driver/share/colcon-core/packages/hclidar_ros2_driver)
[1.667s] DEBUG:colcon.colcon_parallel_executor.executor.parallel:closing loop
[1.668s] DEBUG:colcon.colcon_parallel_executor.executor.parallel:loop closed
[1.668s] DEBUG:colcon.colcon_parallel_executor.executor.parallel:run_until_complete finished with '0'
[1.669s] DEBUG:colcon.colcon_core.event_reactor:joining thread
[1.708s] INFO:colcon.colcon_core.plugin_system:Skipping extension 'colcon_notification.desktop_notification.terminal_notifier': Not used on non-Darwin systems
[1.708s] INFO:colcon.colcon_core.plugin_system:Skipping extension 'colcon_notification.desktop_notification.win32': Not used on non-Windows systems
[1.708s] INFO:colcon.colcon_notification.desktop_notification:Sending desktop notification using 'notify2'
[1.766s] DEBUG:colcon.colcon_core.event_reactor:joined thread
[1.771s] INFO:colcon.colcon_core.shell:Creating prefix script '/home/konyun/hclidar_ros2_driver/install/local_setup.ps1'
[1.775s] INFO:colcon.colcon_core.shell:Creating prefix util module '/home/konyun/hclidar_ros2_driver/install/_local_setup_util_ps1.py'
[1.781s] INFO:colcon.colcon_core.shell:Creating prefix chain script '/home/konyun/hclidar_ros2_driver/install/setup.ps1'
[1.786s] INFO:colcon.colcon_core.shell:Creating prefix script '/home/konyun/hclidar_ros2_driver/install/local_setup.sh'
[1.787s] INFO:colcon.colcon_core.shell:Creating prefix util module '/home/konyun/hclidar_ros2_driver/install/_local_setup_util_sh.py'
[1.788s] INFO:colcon.colcon_core.shell:Creating prefix chain script '/home/konyun/hclidar_ros2_driver/install/setup.sh'
[1.794s] INFO:colcon.colcon_core.shell:Creating prefix script '/home/konyun/hclidar_ros2_driver/install/local_setup.bash'
[1.796s] INFO:colcon.colcon_core.shell:Creating prefix chain script '/home/konyun/hclidar_ros2_driver/install/setup.bash'
[1.801s] INFO:colcon.colcon_core.shell:Creating prefix script '/home/konyun/hclidar_ros2_driver/install/local_setup.zsh'
[1.804s] INFO:colcon.colcon_core.shell:Creating prefix chain script '/home/konyun/hclidar_ros2_driver/install/setup.zsh'
