-- The C compiler identification is GNU 9.4.0
-- The CXX compiler identification is GNU 9.4.0
-- Check for working C compiler: /usr/bin/cc
-- Check for working C compiler: /usr/bin/cc -- works
-- Detecting C compiler ABI info
-- Detecting C compiler ABI info - done
-- Detecting C compile features
-- Detecting C compile features - done
-- Check for working CXX compiler: /usr/bin/c++
-- Check for working CXX compiler: /usr/bin/c++ -- works
-- Detecting CXX compiler ABI info
-- Detecting CXX compiler ABI info - done
-- Detecting CXX compile features
-- Detecting CXX compile features - done
-- Found ament_cmake: 0.9.9 (/opt/ros/foxy/share/ament_cmake/cmake)
-- Found PythonInterp: /usr/bin/python3 (found suitable version "3.8.10", minimum required is "3") 
-- Using PYTHON_EXECUTABLE: /usr/bin/python3
-- Override CMake install command with custom implementation using symlinks instead of copying resources
-- Found rclcpp: 2.4.1 (/opt/ros/foxy/share/rclcpp/cmake)
-- Using all available rosidl_typesupport_c: rosidl_typesupport_fastrtps_c;rosidl_typesupport_introspection_c
-- Found rosidl_adapter: 1.2.1 (/opt/ros/foxy/share/rosidl_adapter/cmake)
-- Found OpenSSL: /usr/lib/x86_64-linux-gnu/libcrypto.so (found version "1.1.1f")  
-- Found FastRTPS: /opt/ros/foxy/include  
-- Using all available rosidl_typesupport_cpp: rosidl_typesupport_fastrtps_cpp;rosidl_typesupport_introspection_cpp
-- Found rmw_implementation_cmake: 1.0.3 (/opt/ros/foxy/share/rmw_implementation_cmake/cmake)
-- Using RMW implementation 'rmw_fastrtps_cpp' as default
-- Looking for pthread.h
-- Looking for pthread.h - found
-- Performing Test CMAKE_HAVE_LIBC_PTHREAD
-- Performing Test CMAKE_HAVE_LIBC_PTHREAD - Failed
-- Looking for pthread_create in pthreads
-- Looking for pthread_create in pthreads - not found
-- Looking for pthread_create in pthread
-- Looking for pthread_create in pthread - found
-- Found Threads: TRUE  
-- Found sensor_msgs: 2.0.5 (/opt/ros/foxy/share/sensor_msgs/cmake)
-- Found visualization_msgs: 2.0.5 (/opt/ros/foxy/share/visualization_msgs/cmake)
-- Found std_srvs: 2.0.5 (/opt/ros/foxy/share/std_srvs/cmake)
-- Found ament_lint_auto: 0.9.6 (/opt/ros/foxy/share/ament_lint_auto/cmake)
-- Added test 'copyright' to check source files copyright and LICENSE
-- Added test 'cppcheck' to perform static code analysis on C / C++ code
-- Configured cppcheck include dirs: /home/konyun/hclidar_ros2_driver/src
-- Configured cppcheck exclude dirs and/or files: 
-- Added test 'cpplint' to check C / C++ code against the Google style
-- Configured cpplint exclude dirs and/or files: 
-- Added test 'flake8' to check Python code syntax and style conventions
-- Added test 'lint_cmake' to check CMake code style
-- Added test 'pep257' to check Python code against some of the style conventions in PEP 257
-- Added test 'uncrustify' to check C / C++ code style
-- Configured uncrustify additional arguments: 
-- Added test 'xmllint' to check XML markup files
-- Configuring done
-- Generating done
-- Build files have been written to: /home/konyun/hclidar_ros2_driver/build/hclidar_driver_ros2
[35m[1mScanning dependencies of target lidar[0m
[ 11%] [32mBuilding CXX object src/base/CMakeFiles/lidar.dir/lidar.cpp.o[0m
[ 22%] [32mBuilding CXX object src/base/CMakeFiles/lidar.dir/hchead.cpp.o[0m
[ 33%] [32mBuilding CXX object src/base/CMakeFiles/lidar.dir/hclidar.cpp.o[0m
[ 44%] [32mBuilding CXX object src/base/CMakeFiles/lidar.dir/ReadParsePackage.cpp.o[0m
[ 55%] [32mBuilding CXX object src/base/CMakeFiles/lidar.dir/HC_serial.cpp.o[0m
[ 66%] [32mBuilding CXX object src/base/CMakeFiles/lidar.dir/HcSDK.cpp.o[0m
[ 77%] [32m[1mLinking CXX static library liblidar.a[0m
[ 77%] Built target lidar
[35m[1mScanning dependencies of target hclidar_driver_ros2_node[0m
[ 88%] [32mBuilding CXX object CMakeFiles/hclidar_driver_ros2_node.dir/src/hclidar_driver_ros2_node.cpp.o[0m
[100%] [32m[1mLinking CXX executable hclidar_driver_ros2_node[0m
[100%] Built target hclidar_driver_ros2_node
-- Install configuration: ""
-- Execute custom install script
-- Symlinking: /home/konyun/hclidar_ros2_driver/install/hclidar_driver_ros2/lib/hclidar_driver_ros2/hclidar_driver_ros2_node
-- Symlinking: /home/konyun/hclidar_ros2_driver/install/hclidar_driver_ros2/share/hclidar_driver_ros2/launch/hclidar.py
-- Symlinking: /home/konyun/hclidar_ros2_driver/install/hclidar_driver_ros2/share/hclidar_driver_ros2/launch/hclidar_launch.py
-- Symlinking: /home/konyun/hclidar_ros2_driver/install/hclidar_driver_ros2/share/hclidar_driver_ros2/launch/hclidar_launch_rviz.py
-- Symlinking: /home/konyun/hclidar_ros2_driver/install/hclidar_driver_ros2/share/hclidar_driver_ros2/params/hclidar.yaml
-- Symlinking: /home/konyun/hclidar_ros2_driver/install/hclidar_driver_ros2/share/ament_index/resource_index/package_run_dependencies/hclidar_driver_ros2
-- Symlinking: /home/konyun/hclidar_ros2_driver/install/hclidar_driver_ros2/share/ament_index/resource_index/parent_prefix_path/hclidar_driver_ros2
-- Symlinking: /home/konyun/hclidar_ros2_driver/install/hclidar_driver_ros2/share/hclidar_driver_ros2/environment/ament_prefix_path.sh
-- Symlinking: /home/konyun/hclidar_ros2_driver/install/hclidar_driver_ros2/share/hclidar_driver_ros2/environment/ament_prefix_path.dsv
-- Symlinking: /home/konyun/hclidar_ros2_driver/install/hclidar_driver_ros2/share/hclidar_driver_ros2/environment/path.sh
-- Symlinking: /home/konyun/hclidar_ros2_driver/install/hclidar_driver_ros2/share/hclidar_driver_ros2/environment/path.dsv
-- Symlinking: /home/konyun/hclidar_ros2_driver/install/hclidar_driver_ros2/share/hclidar_driver_ros2/local_setup.bash
-- Symlinking: /home/konyun/hclidar_ros2_driver/install/hclidar_driver_ros2/share/hclidar_driver_ros2/local_setup.sh
-- Symlinking: /home/konyun/hclidar_ros2_driver/install/hclidar_driver_ros2/share/hclidar_driver_ros2/local_setup.zsh
-- Symlinking: /home/konyun/hclidar_ros2_driver/install/hclidar_driver_ros2/share/hclidar_driver_ros2/local_setup.dsv
-- Symlinking: /home/konyun/hclidar_ros2_driver/install/hclidar_driver_ros2/share/hclidar_driver_ros2/package.dsv
-- Symlinking: /home/konyun/hclidar_ros2_driver/install/hclidar_driver_ros2/share/ament_index/resource_index/packages/hclidar_driver_ros2
-- Symlinking: /home/konyun/hclidar_ros2_driver/install/hclidar_driver_ros2/share/hclidar_driver_ros2/cmake/hclidar_driver_ros2Config.cmake
-- Symlinking: /home/konyun/hclidar_ros2_driver/install/hclidar_driver_ros2/share/hclidar_driver_ros2/cmake/hclidar_driver_ros2Config-version.cmake
-- Symlinking: /home/konyun/hclidar_ros2_driver/install/hclidar_driver_ros2/share/hclidar_driver_ros2/package.xml
