[0.048s] Invoking command in '/home/konyun/hclidar_ros2_driver/build/hclidar_ros2_driver': CMAKE_PREFIX_PATH=/opt/ros/foxy /usr/bin/cmake /home/konyun/hclidar_ros2_driver -DAMENT_CMAKE_SYMLINK_INSTALL=1 -DCMAKE_INSTALL_PREFIX=/home/konyun/hclidar_ros2_driver/install/hclidar_ros2_driver
[0.088s] -- Found ament_cmake: 0.9.9 (/opt/ros/foxy/share/ament_cmake/cmake)
[0.150s] -- Using PYTHON_EXECUTABLE: /usr/bin/python3
[0.483s] -- Override CMake install command with custom implementation using symlinks instead of copying resources
[0.603s] -- Found rclcpp: 2.4.1 (/opt/ros/foxy/share/rclcpp/cmake)
[0.690s] -- Using all available rosidl_typesupport_c: rosidl_typesupport_fastrtps_c;rosidl_typesupport_introspection_c
[0.698s] -- Found rosidl_adapter: 1.2.1 (/opt/ros/foxy/share/rosidl_adapter/cmake)
[0.976s] -- Using all available rosidl_typesupport_cpp: rosidl_typesupport_fastrtps_cpp;rosidl_typesupport_introspection_cpp
[1.054s] -- Found rmw_implementation_cmake: 1.0.3 (/opt/ros/foxy/share/rmw_implementation_cmake/cmake)
[1.056s] -- Using RMW implementation 'rmw_fastrtps_cpp' as default
[1.308s] -- Found sensor_msgs: 2.0.5 (/opt/ros/foxy/share/sensor_msgs/cmake)
[1.487s] -- Found visualization_msgs: 2.0.5 (/opt/ros/foxy/share/visualization_msgs/cmake)
[1.592s] -- Found std_srvs: 2.0.5 (/opt/ros/foxy/share/std_srvs/cmake)
[1.618s] -- Found ament_lint_auto: 0.9.6 (/opt/ros/foxy/share/ament_lint_auto/cmake)
[1.730s] -- Added test 'copyright' to check source files copyright and LICENSE
[1.763s] -- Added test 'cppcheck' to perform static code analysis on C / C++ code
[1.765s] -- Configured cppcheck include dirs: /home/konyun/hclidar_ros2_driver/src
[1.765s] -- Configured cppcheck exclude dirs and/or files: 
[1.808s] -- Added test 'cpplint' to check C / C++ code against the Google style
[1.808s] -- Configured cpplint exclude dirs and/or files: 
[1.814s] -- Added test 'flake8' to check Python code syntax and style conventions
[1.822s] -- Added test 'lint_cmake' to check CMake code style
[1.828s] -- Added test 'pep257' to check Python code against some of the style conventions in PEP 257
[1.856s] -- Added test 'uncrustify' to check C / C++ code style
[1.856s] -- Configured uncrustify additional arguments: 
[1.860s] -- Added test 'xmllint' to check XML markup files
[1.867s] -- Configuring done
[1.904s] -- Generating done
[1.910s] -- Build files have been written to: /home/konyun/hclidar_ros2_driver/build/hclidar_ros2_driver
[1.922s] Invoked command in '/home/konyun/hclidar_ros2_driver/build/hclidar_ros2_driver' returned '0': CMAKE_PREFIX_PATH=/opt/ros/foxy /usr/bin/cmake /home/konyun/hclidar_ros2_driver -DAMENT_CMAKE_SYMLINK_INSTALL=1 -DCMAKE_INSTALL_PREFIX=/home/konyun/hclidar_ros2_driver/install/hclidar_ros2_driver
[1.927s] Invoking command in '/home/konyun/hclidar_ros2_driver/build/hclidar_ros2_driver': CMAKE_PREFIX_PATH=/opt/ros/foxy /usr/bin/cmake --build /home/konyun/hclidar_ros2_driver/build/hclidar_ros2_driver -- -j4 -l4
[2.056s] [ 63%] Built target lidar
[2.072s] [ 72%] [32m[1mLinking CXX executable hclidar_ros2_driver_client[0m
[2.144s] [ 81%] [32m[1mLinking CXX executable hclidar_ros2_driver_node[0m
[2.701s] [ 90%] Built target hclidar_ros2_driver_node
[2.745s] [100%] Built target hclidar_ros2_driver_client
[2.776s] Invoked command in '/home/konyun/hclidar_ros2_driver/build/hclidar_ros2_driver' returned '0': CMAKE_PREFIX_PATH=/opt/ros/foxy /usr/bin/cmake --build /home/konyun/hclidar_ros2_driver/build/hclidar_ros2_driver -- -j4 -l4
[2.898s] Invoking command in '/home/konyun/hclidar_ros2_driver/build/hclidar_ros2_driver': CMAKE_PREFIX_PATH=/opt/ros/foxy /usr/bin/cmake --install /home/konyun/hclidar_ros2_driver/build/hclidar_ros2_driver
[2.933s] -- Install configuration: ""
[2.934s] -- Execute custom install script
[2.935s] -- Symlinking: /home/konyun/hclidar_ros2_driver/install/hclidar_ros2_driver/lib/hclidar_ros2_driver/hclidar_ros2_driver_node
[2.959s] -- Symlinking: /home/konyun/hclidar_ros2_driver/install/hclidar_ros2_driver/lib/hclidar_ros2_driver/hclidar_ros2_driver_client
[2.991s] -- Symlinking: /home/konyun/hclidar_ros2_driver/install/hclidar_ros2_driver/share/hclidar_ros2_driver/launch/hclidar.py
[3.023s] -- Symlinking: /home/konyun/hclidar_ros2_driver/install/hclidar_ros2_driver/share/hclidar_ros2_driver/launch/hclidar_launch.py
[3.057s] -- Symlinking: /home/konyun/hclidar_ros2_driver/install/hclidar_ros2_driver/share/hclidar_ros2_driver/launch/hclidar_launch_view.py
[3.084s] -- Symlinking: /home/konyun/hclidar_ros2_driver/install/hclidar_ros2_driver/share/hclidar_ros2_driver/params/hclidar.yaml
[3.117s] CMake Error at ament_cmake_symlink_install/ament_cmake_symlink_install.cmake:100 (message):
[3.119s]   ament_cmake_symlink_install_directory() can't find
[3.121s]   '/home/konyun/hclidar_ros2_driver/startup'
[3.124s] Call Stack (most recent call first):
[3.134s]   ament_cmake_symlink_install/ament_cmake_symlink_install.cmake:317 (ament_cmake_symlink_install_directory)
[3.139s]   cmake_install.cmake:41 (include)
[3.144s] 
[3.145s] 
[3.147s] Invoked command in '/home/konyun/hclidar_ros2_driver/build/hclidar_ros2_driver' returned '1': CMAKE_PREFIX_PATH=/opt/ros/foxy /usr/bin/cmake --install /home/konyun/hclidar_ros2_driver/build/hclidar_ros2_driver
