[0.040s] Invoking command in '/home/konyun/hclidar_ros2_driver/build/hclidar_ros2_driver': CMAKE_PREFIX_PATH=/opt/ros/foxy /usr/bin/cmake /home/konyun/hclidar_ros2_driver -DCMAKE_INSTALL_PREFIX=/home/konyun/hclidar_ros2_driver/install/hclidar_ros2_driver
[2.011s] -- The C compiler identification is GNU 9.4.0
[3.663s] -- The CXX compiler identification is GNU 9.4.0
[3.723s] -- Check for working C compiler: /usr/bin/cc
[3.849s] -- Check for working C compiler: /usr/bin/cc -- works
[3.863s] -- Detecting C compiler ABI info
[4.116s] -- Detecting C compiler ABI info - done
[4.154s] -- Detecting C compile features
[4.174s] -- Detecting C compile features - done
[4.180s] -- Check for working CXX compiler: /usr/bin/c++
[4.417s] -- Check for working CXX compiler: /usr/bin/c++ -- works
[4.422s] -- Detecting CXX compiler ABI info
[4.739s] -- Detecting CXX compiler ABI info - done
[4.785s] -- Detecting CXX compile features
[4.792s] -- Detecting CXX compile features - done
[4.797s] -- Found ament_cmake: 0.9.9 (/opt/ros/foxy/share/ament_cmake/cmake)
[4.875s] -- Found PythonInterp: /usr/bin/python3 (found suitable version "3.8.10", minimum required is "3") 
[4.876s] -- Using PYTHON_EXECUTABLE: /usr/bin/python3
[5.607s] -- Found rclcpp: 2.4.1 (/opt/ros/foxy/share/rclcpp/cmake)
[5.792s] -- Using all available rosidl_typesupport_c: rosidl_typesupport_fastrtps_c;rosidl_typesupport_introspection_c
[5.839s] -- Found rosidl_adapter: 1.2.1 (/opt/ros/foxy/share/rosidl_adapter/cmake)
[6.693s] -- Found OpenSSL: /usr/lib/x86_64-linux-gnu/libcrypto.so (found version "1.1.1f")  
[6.762s] -- Found FastRTPS: /opt/ros/foxy/include  
[6.964s] -- Using all available rosidl_typesupport_cpp: rosidl_typesupport_fastrtps_cpp;rosidl_typesupport_introspection_cpp
[7.071s] -- Found rmw_implementation_cmake: 1.0.3 (/opt/ros/foxy/share/rmw_implementation_cmake/cmake)
[7.075s] -- Using RMW implementation 'rmw_fastrtps_cpp' as default
[7.094s] -- Looking for pthread.h
[7.451s] -- Looking for pthread.h - found
[7.452s] -- Performing Test CMAKE_HAVE_LIBC_PTHREAD
[7.691s] -- Performing Test CMAKE_HAVE_LIBC_PTHREAD - Failed
[7.691s] -- Looking for pthread_create in pthreads
[7.970s] -- Looking for pthread_create in pthreads - not found
[7.971s] -- Looking for pthread_create in pthread
[8.222s] -- Looking for pthread_create in pthread - found
[8.225s] -- Found Threads: TRUE  
[8.641s] -- Found sensor_msgs: 2.0.5 (/opt/ros/foxy/share/sensor_msgs/cmake)
[8.968s] -- Found visualization_msgs: 2.0.5 (/opt/ros/foxy/share/visualization_msgs/cmake)
[9.145s] -- Found std_srvs: 2.0.5 (/opt/ros/foxy/share/std_srvs/cmake)
[9.203s] -- Found ament_lint_auto: 0.9.6 (/opt/ros/foxy/share/ament_lint_auto/cmake)
[9.420s] -- Added test 'copyright' to check source files copyright and LICENSE
[9.457s] -- Added test 'cppcheck' to perform static code analysis on C / C++ code
[9.458s] -- Configured cppcheck include dirs: /home/konyun/hclidar_ros2_driver/src
[9.458s] -- Configured cppcheck exclude dirs and/or files: 
[9.498s] -- Added test 'cpplint' to check C / C++ code against the Google style
[9.500s] -- Configured cpplint exclude dirs and/or files: 
[9.505s] -- Added test 'flake8' to check Python code syntax and style conventions
[9.515s] -- Added test 'lint_cmake' to check CMake code style
[9.518s] -- Added test 'pep257' to check Python code against some of the style conventions in PEP 257
[9.548s] -- Added test 'uncrustify' to check C / C++ code style
[9.549s] -- Configured uncrustify additional arguments: 
[9.553s] -- Added test 'xmllint' to check XML markup files
[9.565s] -- Configuring done
[9.602s] -- Generating done
[9.606s] -- Build files have been written to: /home/konyun/hclidar_ros2_driver/build/hclidar_ros2_driver
[9.619s] Invoked command in '/home/konyun/hclidar_ros2_driver/build/hclidar_ros2_driver' returned '0': CMAKE_PREFIX_PATH=/opt/ros/foxy /usr/bin/cmake /home/konyun/hclidar_ros2_driver -DCMAKE_INSTALL_PREFIX=/home/konyun/hclidar_ros2_driver/install/hclidar_ros2_driver
[9.628s] Invoking command in '/home/konyun/hclidar_ros2_driver/build/hclidar_ros2_driver': CMAKE_PREFIX_PATH=/opt/ros/foxy /usr/bin/cmake --build /home/konyun/hclidar_ros2_driver/build/hclidar_ros2_driver -- -j4 -l4
[9.729s] [35m[1mScanning dependencies of target hclidar_ros2_driver_client[0m
[9.749s] [35m[1mScanning dependencies of target lidar[0m
[10.044s] [  9%] [32mBuilding CXX object src/base/CMakeFiles/lidar.dir/hclidar.cpp.o[0m
[10.051s] [ 18%] [32mBuilding CXX object src/base/CMakeFiles/lidar.dir/hchead.cpp.o[0m
[10.053s] [ 27%] [32mBuilding CXX object src/base/CMakeFiles/lidar.dir/lidar.cpp.o[0m
[11.159s] [ 36%] [32mBuilding CXX object CMakeFiles/hclidar_ros2_driver_client.dir/src/hclidar_ros2_driver_client.cpp.o[0m
[12.145s] [01m[K/home/konyun/hclidar_ros2_driver/src/base/hchead.cpp:[m[K In static member function ‘[01m[Kstatic void HCHead::eraseBuff(std::vector<unsigned char>&, int)[m[K’:
[12.146s] [01m[K/home/konyun/hclidar_ros2_driver/src/base/hchead.cpp:43:18:[m[K [01;35m[Kwarning: [m[Kcomparison of integer expressions of different signedness: ‘[01m[Kstd::vector<unsigned char>::size_type[m[K’ {aka ‘[01m[Klong unsigned int[m[K’} and ‘[01m[Kint[m[K’ [[01;35m[K-Wsign-compare[m[K]
[12.147s]    43 |  if ([01;35m[KlstG.size() >= iLen[m[K)
[12.147s]       |      [01;35m[K~~~~~~~~~~~~^~~~~~~[m[K
[12.148s] [01m[K/home/konyun/hclidar_ros2_driver/src/base/hchead.cpp:[m[K In static member function ‘[01m[Kstatic void HCHead::eraseRangeData(LstPointCloud&, int)[m[K’:
[12.148s] [01m[K/home/konyun/hclidar_ros2_driver/src/base/hchead.cpp:57:18:[m[K [01;35m[Kwarning: [m[Kcomparison of integer expressions of different signedness: ‘[01m[Kstd::vector<tsPointCloud>::size_type[m[K’ {aka ‘[01m[Klong unsigned int[m[K’} and ‘[01m[Kint[m[K’ [[01;35m[K-Wsign-compare[m[K]
[12.149s]    57 |  if ([01;35m[KlstG.size() >= iLen[m[K)
[12.149s]       |      [01;35m[K~~~~~~~~~~~~^~~~~~~[m[K
[12.470s] In file included from [01m[K/home/konyun/hclidar_ros2_driver/src/base/hchead.cpp:1[m[K:
[12.470s] [01m[K/home/konyun/hclidar_ros2_driver/src/base/hchead.h:[m[K At global scope:
[12.470s] [01m[K/home/konyun/hclidar_ros2_driver/src/base/hchead.h:395:15:[m[K [01;35m[Kwarning: [m[K‘[01m[Kchar* print_curr_time()[m[K’ defined but not used [[01;35m[K-Wunused-function[m[K]
[12.470s]   395 | static char*  [01;35m[Kprint_curr_time[m[K()
[12.471s]       |               [01;35m[K^~~~~~~~~~~~~~~[m[K
[12.681s] [01m[K/home/konyun/hclidar_ros2_driver/src/base/lidar.cpp:[m[K In member function ‘[01m[Kvoid Dev::CacheScanData()[m[K’:
[12.681s] [01m[K/home/konyun/hclidar_ros2_driver/src/base/lidar.cpp:101:6:[m[K [01;35m[Kwarning: [m[Kunused variable ‘[01m[KsameAngleCount[m[K’ [[01;35m[K-Wunused-variable[m[K]
[12.683s]   101 |  int [01;35m[KsameAngleCount[m[K;
[12.683s]       |      [01;35m[K^~~~~~~~~~~~~~[m[K
[12.684s] [01m[K/home/konyun/hclidar_ros2_driver/src/base/lidar.cpp:[m[K In member function ‘[01m[Kvoid Dev::GrabScanDataWithLoop(std::__cxx11::list<node_info>&, node_info*, size_t)[m[K’:
[12.684s] [01m[K/home/konyun/hclidar_ros2_driver/src/base/lidar.cpp:194:94:[m[K [01;35m[Kwarning: [m[Kunused parameter ‘[01m[KbuffLen[m[K’ [[01;35m[K-Wunused-parameter[m[K]
[12.684s]   194 | void Dev::GrabScanDataWithLoop(std::list<node_info>& nodeList, node_info* nodebuffer, [01;35m[Ksize_t buffLen[m[K)
[12.685s]       |                                                                                       [01;35m[K~~~~~~~^~~~~~~[m[K
[12.687s] [01m[K/home/konyun/hclidar_ros2_driver/src/base/lidar.cpp:[m[K In member function ‘[01m[Kvoid Dev::GrabScanData(std::__cxx11::list<node_info>&)[m[K’:
[12.687s] [01m[K/home/konyun/hclidar_ros2_driver/src/base/lidar.cpp:338:23:[m[K [01;35m[Kwarning: [m[Kcomparison of integer expressions of different signedness: ‘[01m[Kint[m[K’ and ‘[01m[Ksize_t[m[K’ {aka ‘[01m[Klong unsigned int[m[K’} [[01;35m[K-Wsign-compare[m[K]
[12.687s]   338 |     for (int i = 0; [01;35m[Ki < count[m[K; ++i)
[12.687s]       |                     [01;35m[K~~^~~~~~~[m[K
[12.688s] [01m[K/home/konyun/hclidar_ros2_driver/src/base/lidar.cpp:[m[K In member function ‘[01m[Kvoid Dev::GetScanData(node_info*, size_t, size_t&, bool)[m[K’:
[12.688s] [01m[K/home/konyun/hclidar_ros2_driver/src/base/lidar.cpp:357:23:[m[K [01;35m[Kwarning: [m[Kcomparison of integer expressions of different signedness: ‘[01m[Kint[m[K’ and ‘[01m[Ksize_t[m[K’ {aka ‘[01m[Klong unsigned int[m[K’} [[01;35m[K-Wsign-compare[m[K]
[12.689s]   357 |     for (int i = 0; [01;35m[Ki < count[m[K; ++i)
[12.689s]       |                     [01;35m[K~~^~~~~~~[m[K
[12.971s] [01m[K/home/konyun/hclidar_ros2_driver/src/base/hclidar.cpp:[m[K In member function ‘[01m[Kvoid HCLidar::readData()[m[K’:
[12.971s] [01m[K/home/konyun/hclidar_ros2_driver/src/base/hclidar.cpp:742:42:[m[K [01;35m[Kwarning: [m[Kcomparison of integer expressions of different signedness: ‘[01m[KUINT64[m[K’ {aka ‘[01m[Klong long unsigned int[m[K’} and ‘[01m[Kint[m[K’ [[01;35m[K-Wsign-compare[m[K]
[12.971s]   742 |     if ([01;35m[K(endTime - m_u64StartTimeNoData) >= m_sSDKPara.iNoDataMS * 1000[m[K)
[12.971s]       |         [01;35m[K~~~~~~~~~~~~~~~~~~~~~~~~~~~~~~~~~^~~~~~~~~~~~~~~~~~~~~~~~~~~~~~[m[K
[12.977s] [01m[K/home/konyun/hclidar_ros2_driver/src/base/hclidar.cpp:[m[K In member function ‘[01m[Kvoid HCLidar::threadParse()[m[K’:
[12.978s] [01m[K/home/konyun/hclidar_ros2_driver/src/base/hclidar.cpp:833:15:[m[K [01;35m[Kwarning: [m[Kcomparison of integer expressions of different signedness: ‘[01m[KUINT64[m[K’ {aka ‘[01m[Klong long unsigned int[m[K’} and ‘[01m[Kint[m[K’ [[01;35m[K-Wsign-compare[m[K]
[12.978s]   833 |    if ([01;35m[Ku64Int >= m_iWaitIDTimeMs[m[K)
[12.978s]       |        [01;35m[K~~~~~~~^~~~~~~~~~~~~~~~~~[m[K
[12.982s] [01m[K/home/konyun/hclidar_ros2_driver/src/base/hclidar.cpp:[m[K In member function ‘[01m[Kbool HCLidar::processData()[m[K’:
[12.982s] [01m[K/home/konyun/hclidar_ros2_driver/src/base/hclidar.cpp:998:5:[m[K [01;35m[Kwarning: [m[Kthis ‘[01m[Kif[m[K’ clause does not guard... [[01;35m[K-Wmisleading-indentation[m[K]
[12.983s]   998 |     [01;35m[Kif[m[K(m_lstBuff.size()<=2)
[12.984s]       |     [01;35m[K^~[m[K
[12.984s] [01m[K/home/konyun/hclidar_ros2_driver/src/base/hclidar.cpp:1001:2:[m[K [01;36m[Knote: [m[K...this statement, but the latter is misleadingly indented as if it were guarded by the ‘[01m[Kif[m[K’
[12.984s]  1001 |  [01;36m[Kif[m[K (m_sStatistic.iErrorCountContinue >= NUMBER_CONTINUE_ERROR_PACKET)
[12.985s]       |  [01;36m[K^~[m[K
[12.986s] [01m[K/home/konyun/hclidar_ros2_driver/src/base/hclidar.cpp:1014:18:[m[K [01;35m[Kwarning: [m[Kcomparison of integer expressions of different signedness: ‘[01m[Kint[m[K’ and ‘[01m[Kstd::vector<unsigned char>::size_type[m[K’ {aka ‘[01m[Klong unsigned int[m[K’} [[01;35m[K-Wsign-compare[m[K]
[12.986s]  1014 |     for(int i=0;[01;35m[Ki<m_lstBuff.size()-1[m[K;i++)
[12.986s]       |                 [01;35m[K~^~~~~~~~~~~~~~~~~~~[m[K
[12.991s] [01m[K/home/konyun/hclidar_ros2_driver/src/base/hclidar.cpp:[m[K In member function ‘[01m[Kbool HCLidar::getDevID(std::vector<unsigned char>&)[m[K’:
[12.992s] [01m[K/home/konyun/hclidar_ros2_driver/src/base/hclidar.cpp:1169:22:[m[K [01;35m[Kwarning: [m[Kcomparison of integer expressions of different signedness: ‘[01m[Kstd::vector<unsigned char>::size_type[m[K’ {aka ‘[01m[Klong unsigned int[m[K’} and ‘[01m[Kint[m[K’ [[01;35m[K-Wsign-compare[m[K]
[12.992s]  1169 |   if ([01;35m[KlstBuff.size() < iLen[m[K)
[12.992s]       |       [01;35m[K~~~~~~~~~~~~~~~^~~~~~[m[K
[12.994s] [01m[K/home/konyun/hclidar_ros2_driver/src/base/hclidar.cpp:1210:13:[m[K [01;35m[Kwarning: [m[Kformat not a string literal and no format arguments [[01;35m[K-Wformat-security[m[K]
[12.994s]  1210 |    LOG_INFO([01;35m[KchTemp[m[K);
[12.994s]       |             [01;35m[K^~~~~~[m[K
[12.995s] [01m[K/home/konyun/hclidar_ros2_driver/src/base/hclidar.cpp:1232:27:[m[K [01;35m[Kwarning: [m[Kcomparison of integer expressions of different signedness: ‘[01m[Kstd::vector<unsigned char>::size_type[m[K’ {aka ‘[01m[Klong unsigned int[m[K’} and ‘[01m[Kint[m[K’ [[01;35m[K-Wsign-compare[m[K]
[12.996s]  1232 |         if([01;35m[KlstBuff.size() < iLen[m[K)
[12.996s]       |            [01;35m[K~~~~~~~~~~~~~~~^~~~~~[m[K
[12.998s] [01m[K/home/konyun/hclidar_ros2_driver/src/base/hclidar.cpp:1282:27:[m[K [01;35m[Kwarning: [m[Kcomparison of integer expressions of different signedness: ‘[01m[Kstd::vector<unsigned char>::size_type[m[K’ {aka ‘[01m[Klong unsigned int[m[K’} and ‘[01m[Kint[m[K’ [[01;35m[K-Wsign-compare[m[K]
[12.999s]  1282 |         if([01;35m[KlstBuff.size() < iLen[m[K)
[12.999s]       |            [01;35m[K~~~~~~~~~~~~~~~^~~~~~[m[K
[13.000s] [01m[K/home/konyun/hclidar_ros2_driver/src/base/hclidar.cpp:[m[K In member function ‘[01m[Kbool HCLidar::calStartInfo(char*, int)[m[K’:
[13.000s] [01m[K/home/konyun/hclidar_ros2_driver/src/base/hclidar.cpp:1324:24:[m[K [01;35m[Kwarning: [m[Kcomparison of integer expressions of different signedness: ‘[01m[KUINT[m[K’ {aka ‘[01m[Kunsigned int[m[K’} and ‘[01m[Kint[m[K’ [[01;35m[K-Wsign-compare[m[K]
[13.000s]  1324 |     for (UINT i = 0; [01;35m[Ki < iLen[m[K; i++)
[13.000s]       |                      [01;35m[K~~^~~~~~[m[K
[13.014s] [01m[K/home/konyun/hclidar_ros2_driver/src/base/hclidar.cpp:[m[K In member function ‘[01m[Kbool HCLidar::getStartInfo(std::vector<unsigned char>&)[m[K’:
[13.015s] [01m[K/home/konyun/hclidar_ros2_driver/src/base/hclidar.cpp:1429:18:[m[K [01;35m[Kwarning: [m[Kcomparison of integer expressions of different signedness: ‘[01m[Kint[m[K’ and ‘[01m[Kstd::vector<unsigned char>::size_type[m[K’ {aka ‘[01m[Klong unsigned int[m[K’} [[01;35m[K-Wsign-compare[m[K]
[13.015s]  1429 |  int iMin = [01;35m[KiLen < lstBuff.size()[m[K ? iLen : lstBuff.size();
[13.015s]       |             [01;35m[K~~~~~^~~~~~~~~~~~~~~~[m[K
[13.029s] [01m[K/home/konyun/hclidar_ros2_driver/src/base/hclidar.cpp:[m[K In member function ‘[01m[Kbool HCLidar::calMCUFrame(char*, int)[m[K’:
[13.030s] [01m[K/home/konyun/hclidar_ros2_driver/src/base/hclidar.cpp:1559:24:[m[K [01;35m[Kwarning: [m[Kcomparison of integer expressions of different signedness: ‘[01m[KUINT[m[K’ {aka ‘[01m[Kunsigned int[m[K’} and ‘[01m[Kint[m[K’ [[01;35m[K-Wsign-compare[m[K]
[13.031s]  1559 |     for (UINT i = 0; [01;35m[Ki < iLen-1[m[K; i++)
[13.031s]       |                      [01;35m[K~~^~~~~~~~[m[K
[13.033s] [01m[K/home/konyun/hclidar_ros2_driver/src/base/hclidar.cpp:[m[K In member function ‘[01m[Kbool HCLidar::getMCUCmd(std::vector<unsigned char>&)[m[K’:
[13.034s] [01m[K/home/konyun/hclidar_ros2_driver/src/base/hclidar.cpp:1575:17:[m[K [01;35m[Kwarning: [m[Kcomparison of integer expressions of different signedness: ‘[01m[Kint[m[K’ and ‘[01m[Kstd::vector<unsigned char>::size_type[m[K’ {aka ‘[01m[Klong unsigned int[m[K’} [[01;35m[K-Wsign-compare[m[K]
[13.034s]  1575 |     if([01;35m[KiPackLen <= lstBuff.size()[m[K)//have a good packet
[13.034s]       |        [01;35m[K~~~~~~~~~^~~~~~~~~~~~~~~~~[m[K
[13.036s] [01m[K/home/konyun/hclidar_ros2_driver/src/base/hclidar.cpp:[m[K In member function ‘[01m[Kbool HCLidar::getPointCloud(std::vector<unsigned char>&)[m[K’:
[13.037s] [01m[K/home/konyun/hclidar_ros2_driver/src/base/hclidar.cpp:1617:18:[m[K [01;35m[Kwarning: [m[Kcomparison of integer expressions of different signedness: ‘[01m[Kint[m[K’ and ‘[01m[Kstd::vector<unsigned char>::size_type[m[K’ {aka ‘[01m[Klong unsigned int[m[K’} [[01;35m[K-Wsign-compare[m[K]
[13.038s]  1617 |  int iMin = [01;35m[KiLen < lstBuff.size()[m[K ? iLen : lstBuff.size();
[13.038s]       |             [01;35m[K~~~~~^~~~~~~~~~~~~~~~[m[K
[13.040s] [01m[K/home/konyun/hclidar_ros2_driver/src/base/hclidar.cpp:1618:21:[m[K [01;35m[Kwarning: [m[Kcomparison of integer expressions of different signedness: ‘[01m[Kstd::vector<unsigned char>::size_type[m[K’ {aka ‘[01m[Klong unsigned int[m[K’} and ‘[01m[Kint[m[K’ [[01;35m[K-Wsign-compare[m[K]
[13.041s]  1618 |  if ([01;35m[KlstBuff.size() < iLen[m[K)
[13.041s]       |      [01;35m[K~~~~~~~~~~~~~~~^~~~~~[m[K
[13.044s] [01m[K/home/konyun/hclidar_ros2_driver/src/base/hclidar.cpp:1653:15:[m[K [01;35m[Kwarning: [m[Kcomparison of integer expressions of different signedness: ‘[01m[Kint[m[K’ and ‘[01m[Kstd::vector<unsigned char>::size_type[m[K’ {aka ‘[01m[Klong unsigned int[m[K’} [[01;35m[K-Wsign-compare[m[K]
[13.045s]  1653 |  if ([01;35m[KiPackLen <= lstBuff.size()[m[K)//have a good packet
[13.045s]       |      [01;35m[K~~~~~~~~~^~~~~~~~~~~~~~~~~[m[K
[13.049s] [01m[K/home/konyun/hclidar_ros2_driver/src/base/hclidar.cpp:[m[K In member function ‘[01m[Kbool HCLidar::parserRangeEX(LstPointCloud&, const char*, int, int, int)[m[K’:
[13.049s] [01m[K/home/konyun/hclidar_ros2_driver/src/base/hclidar.cpp:1730:10:[m[K [01;35m[Kwarning: [m[Kunused variable ‘[01m[KBeforecompensation[m[K’ [[01;35m[K-Wunused-variable[m[K]
[13.049s]  1730 |   double [01;35m[KBeforecompensation[m[K = FA + dAngle * i;
[13.049s]       |          [01;35m[K^~~~~~~~~~~~~~~~~~[m[K
[13.049s] [01m[K/home/konyun/hclidar_ros2_driver/src/base/hclidar.cpp:1732:10:[m[K [01;35m[Kwarning: [m[Kunused variable ‘[01m[KAftercompensation[m[K’ [[01;35m[K-Wunused-variable[m[K]
[13.050s]  1732 |   double [01;35m[KAftercompensation[m[K = angle_cur;
[13.050s]       |          [01;35m[K^~~~~~~~~~~~~~~~~[m[K
[13.051s] [01m[K/home/konyun/hclidar_ros2_driver/src/base/hclidar.cpp:1704:82:[m[K [01;35m[Kwarning: [m[Kunused parameter ‘[01m[KiIndex[m[K’ [[01;35m[K-Wunused-parameter[m[K]
[13.051s]  1704 | bool HCLidar::parserRangeEX(LstPointCloud &resultRange, const char * chBuff, [01;35m[Kint iIndex[m[K, int in_numData, int iPointSize)
[13.051s]       |                                                                              [01;35m[K~~~~^~~~~~[m[K
[13.057s] [01m[K/home/konyun/hclidar_ros2_driver/src/base/hclidar.cpp:[m[K In member function ‘[01m[Kbool HCLidar::checkDataCal(std::vector<unsigned char>&, int)[m[K’:
[13.057s] [01m[K/home/konyun/hclidar_ros2_driver/src/base/hclidar.cpp:1870:20:[m[K [01;35m[Kwarning: [m[Kcomparison of integer expressions of different signedness: ‘[01m[Kint[m[K’ and ‘[01m[Kstd::vector<int>::size_type[m[K’ {aka ‘[01m[Klong unsigned int[m[K’} [[01;35m[K-Wsign-compare[m[K]
[13.058s]  1870 |  for (int i = 0; [01;35m[Ki < temp.size()[m[K; i++)
[13.058s]       |                  [01;35m[K~~^~~~~~~~~~~~~[m[K
[13.058s] [01m[K/home/konyun/hclidar_ros2_driver/src/base/hclidar.cpp:1876:20:[m[K [01;35m[Kwarning: [m[Kcomparison of integer expressions of different signedness: ‘[01m[Kint[m[K’ and ‘[01m[Kstd::vector<int>::size_type[m[K’ {aka ‘[01m[Klong unsigned int[m[K’} [[01;35m[K-Wsign-compare[m[K]
[13.058s]  1876 |  for (int i = 0; [01;35m[Ki < temp.size()[m[K; i++)
[13.058s]       |                  [01;35m[K~~^~~~~~~~~~~~~[m[K
[13.066s] [01m[K/home/konyun/hclidar_ros2_driver/src/base/hclidar.cpp:[m[K In member function ‘[01m[Kvoid HCLidar::checkInvalidLowSpeed(UINT16)[m[K’:
[13.066s] [01m[K/home/konyun/hclidar_ros2_driver/src/base/hclidar.cpp:2021:52:[m[K [01;35m[Kwarning: [m[Kcomparison of integer expressions of different signedness: ‘[01m[KUINT64[m[K’ {aka ‘[01m[Klong long unsigned int[m[K’} and ‘[01m[Kint[m[K’ [[01;35m[K-Wsign-compare[m[K]
[13.067s]  2021 |             if ([01;35m[K(endTime - m_u64StartTimeLowSpeed) >= m_sSDKPara.iSpeedContinueMS*1000[m[K)
[13.067s]       |                 [01;35m[K~~~~~~~~~~~~~~~~~~~~~~~~~~~~~~~~~~~^~~~~~~~~~~~~~~~~~~~~~~~~~~~~~~~~~~[m[K
[13.068s] [01m[K/home/konyun/hclidar_ros2_driver/src/base/hclidar.cpp:[m[K In member function ‘[01m[Kvoid HCLidar::checkInvalidHighSpeed(UINT16)[m[K’:
[13.069s] [01m[K/home/konyun/hclidar_ros2_driver/src/base/hclidar.cpp:2047:53:[m[K [01;35m[Kwarning: [m[Kcomparison of integer expressions of different signedness: ‘[01m[Klong long unsigned int[m[K’ and ‘[01m[Kint[m[K’ [[01;35m[K-Wsign-compare[m[K]
[13.069s]  2047 |             if ([01;35m[K(endTime - m_u64StartTimeHighSpeed) >= m_sSDKPara.iSpeedContinueMS*1000[m[K)
[13.069s]       |                 [01;35m[K~~~~~~~~~~~~~~~~~~~~~~~~~~~~~~~~~~~~^~~~~~~~~~~~~~~~~~~~~~~~~~~~~~~~~~~[m[K
[13.071s] [01m[K/home/konyun/hclidar_ros2_driver/src/base/hclidar.cpp:[m[K In member function ‘[01m[Kvoid HCLidar::checkSharkBlocked()[m[K’:
[13.072s] [01m[K/home/konyun/hclidar_ros2_driver/src/base/hclidar.cpp:2121:20:[m[K [01;35m[Kwarning: [m[Kcomparison of integer expressions of different signedness: ‘[01m[KUINT64[m[K’ {aka ‘[01m[Klong long unsigned int[m[K’} and ‘[01m[Kint[m[K’ [[01;35m[K-Wsign-compare[m[K]
[13.072s]  2121 |         if([01;35m[Ku64Temp >= (m_sSDKPara.iBlockContinueMS+2000)*1000[m[K) //3.5+2S
[13.073s]       |            [01;35m[K~~~~~~~~^~~~~~~~~~~~~~~~~~~~~~~~~~~~~~~~~~~~~~~~~~[m[K
[13.073s] [01m[K/home/konyun/hclidar_ros2_driver/src/base/hclidar.cpp:2126:25:[m[K [01;35m[Kwarning: [m[Kcomparison of integer expressions of different signedness: ‘[01m[KUINT64[m[K’ {aka ‘[01m[Klong long unsigned int[m[K’} and ‘[01m[Kint[m[K’ [[01;35m[K-Wsign-compare[m[K]
[13.073s]  2126 |         else if([01;35m[Ku64Temp >= m_sSDKPara.iBlockContinueMS*1000[m[K && u64Temp < (m_sSDKPara.iBlockContinueMS+2000)*1000)//3.5 - 4.5s
[13.073s]       |                 [01;35m[K~~~~~~~~^~~~~~~~~~~~~~~~~~~~~~~~~~~~~~~~~~~[m[K
[13.074s] [01m[K/home/konyun/hclidar_ros2_driver/src/base/hclidar.cpp:2126:72:[m[K [01;35m[Kwarning: [m[Kcomparison of integer expressions of different signedness: ‘[01m[KUINT64[m[K’ {aka ‘[01m[Klong long unsigned int[m[K’} and ‘[01m[Kint[m[K’ [[01;35m[K-Wsign-compare[m[K]
[13.074s]  2126 |         else if(u64Temp >= m_sSDKPara.iBlockContinueMS*1000 && [01;35m[Ku64Temp < (m_sSDKPara.iBlockContinueMS+2000)*1000[m[K)//3.5 - 4.5s
[13.074s]       |                                                                [01;35m[K~~~~~~~~^~~~~~~~~~~~~~~~~~~~~~~~~~~~~~~~~~~~~~~~~[m[K
[13.076s] [01m[K/home/konyun/hclidar_ros2_driver/src/base/hclidar.cpp:[m[K In member function ‘[01m[Kvoid HCLidar::checkSharkInvalidPoints(tsPointCloud&)[m[K’:
[13.076s] [01m[K/home/konyun/hclidar_ros2_driver/src/base/hclidar.cpp:2171:57:[m[K [01;35m[Kwarning: [m[Kcomparison of integer expressions of different signedness: ‘[01m[Klong long unsigned int[m[K’ and ‘[01m[Kint[m[K’ [[01;35m[K-Wsign-compare[m[K]
[13.076s]  2171 |             if ([01;35m[K(endTime - m_u64StartTimeInvalidPoints) >= m_sSDKPara.iCoverContinueMS*1000[m[K)
[13.077s]       |                 [01;35m[K~~~~~~~~~~~~~~~~~~~~~~~~~~~~~~~~~~~~~~~~^~~~~~~~~~~~~~~~~~~~~~~~~~~~~~~~~~~[m[K
[13.079s] [01m[K/home/konyun/hclidar_ros2_driver/src/base/hclidar.cpp:[m[K In member function ‘[01m[Kvoid HCLidar::grabScanDataWithLoop(std::__cxx11::list<tsNodeInfo>&, tsNodeInfo*, size_t)[m[K’:
[13.080s] [01m[K/home/konyun/hclidar_ros2_driver/src/base/hclidar.cpp:2255:100:[m[K [01;35m[Kwarning: [m[Kunused parameter ‘[01m[KbuffLen[m[K’ [[01;35m[K-Wunused-parameter[m[K]
[13.080s]  2255 | void HCLidar::grabScanDataWithLoop(std::list<tsNodeInfo>& nodeList, tsNodeInfo* nodebuffer, [01;35m[Ksize_t buffLen[m[K)
[13.080s]       |                                                                                             [01;35m[K~~~~~~~^~~~~~~[m[K
[13.084s] [01m[K/home/konyun/hclidar_ros2_driver/src/base/hclidar.cpp:[m[K In member function ‘[01m[Kvoid HCLidar::grabScanData(std::__cxx11::list<tsNodeInfo>&)[m[K’:
[13.084s] [01m[K/home/konyun/hclidar_ros2_driver/src/base/hclidar.cpp:2406:23:[m[K [01;35m[Kwarning: [m[Kcomparison of integer expressions of different signedness: ‘[01m[Kint[m[K’ and ‘[01m[Ksize_t[m[K’ {aka ‘[01m[Klong unsigned int[m[K’} [[01;35m[K-Wsign-compare[m[K]
[13.084s]  2406 |     for (int i = 0; [01;35m[Ki < count[m[K; ++i)
[13.084s]       |                     [01;35m[K~~^~~~~~~[m[K
[13.087s] [01m[K/home/konyun/hclidar_ros2_driver/src/base/hclidar.cpp:[m[K In member function ‘[01m[Kvoid HCLidar::convertDistQ2(LstPointCloud&)[m[K’:
[13.087s] [01m[K/home/konyun/hclidar_ros2_driver/src/base/hclidar.cpp:2422:22:[m[K [01;35m[Kwarning: [m[Kunused variable ‘[01m[Kdist[m[K’ [[01;35m[K-Wunused-variable[m[K]
[13.087s]  2422 |         unsigned int [01;35m[Kdist[m[K = sInfo.u16Dist;
[13.087s]       |                      [01;35m[K^~~~[m[K
[13.088s] [01m[K/home/konyun/hclidar_ros2_driver/src/base/hclidar.cpp:[m[K In member function ‘[01m[Kvoid HCLidar::pushDataWithNoLoopMode(tsNodeInfo&)[m[K’:
[13.089s] [01m[K/home/konyun/hclidar_ros2_driver/src/base/hclidar.cpp:2493:28:[m[K [01;35m[Kwarning: [m[Kcomparison of integer expressions of different signedness: ‘[01m[Kstd::__cxx11::list<tsNodeInfo>::size_type[m[K’ {aka ‘[01m[Klong unsigned int[m[K’} and ‘[01m[Kint[m[K’ [[01;35m[K-Wsign-compare[m[K]
[13.089s]  2493 |     if ([01;35m[Km_sNodeList.size() >= m_sSDKPara.iPollBuffSize[m[K)
[13.089s]       |         [01;35m[K~~~~~~~~~~~~~~~~~~~^~~~~~~~~~~~~~~~~~~~~~~~~~~[m[K
[13.092s] [01m[K/home/konyun/hclidar_ros2_driver/src/base/hclidar.cpp:[m[K In member function ‘[01m[Kvoid HCLidar::pollModePointCloud()[m[K’:
[13.092s] [01m[K/home/konyun/hclidar_ros2_driver/src/base/hclidar.cpp:2568:25:[m[K [01;35m[Kwarning: [m[Kcomparison of integer expressions of different signedness: ‘[01m[Kstd::vector<std::vector<tsPointCloud> >::size_type[m[K’ {aka ‘[01m[Klong unsigned int[m[K’} and ‘[01m[Kint[m[K’ [[01;35m[K-Wsign-compare[m[K]
[13.092s]  2568 |    if ([01;35m[Km_Circles.size() > m_sSDKPara.iCirclesBuffSize[m[K)
[13.092s]       |        [01;35m[K~~~~~~~~~~~~~~~~~^~~~~~~~~~~~~~~~~~~~~~~~~~~~~[m[K
[13.092s] [01m[K/home/konyun/hclidar_ros2_driver/src/base/hclidar.cpp:2576:29:[m[K [01;35m[Kwarning: [m[Kcomparison of integer expressions of different signedness: ‘[01m[Kstd::vector<tsPointCloud>::size_type[m[K’ {aka ‘[01m[Klong unsigned int[m[K’} and ‘[01m[Kint[m[K’ [[01;35m[K-Wsign-compare[m[K]
[13.092s]  2576 |    if ([01;35m[Km_resultRange.size() > m_sSDKPara.iPollBuffSize[m[K)
[13.092s]       |        [01;35m[K~~~~~~~~~~~~~~~~~~~~~^~~~~~~~~~~~~~~~~~~~~~~~~~[m[K
[13.093s] [01m[K/home/konyun/hclidar_ros2_driver/src/base/hclidar.cpp:[m[K In member function ‘[01m[Kvoid HCLidar::callBackFunPointCloud()[m[K’:
[13.093s] [01m[K/home/konyun/hclidar_ros2_driver/src/base/hclidar.cpp:2594:26:[m[K [01;35m[Kwarning: [m[Kcomparison of integer expressions of different signedness: ‘[01m[Kstd::__cxx11::list<tsNodeInfo>::size_type[m[K’ {aka ‘[01m[Klong unsigned int[m[K’} and ‘[01m[Kint[m[K’ [[01;35m[K-Wsign-compare[m[K]
[13.094s]  2594 |   if ([01;35m[Km_sNodeList.size() >= m_sSDKPara.iCallbackBuffSize[m[K)
[13.094s]       |       [01;35m[K~~~~~~~~~~~~~~~~~~~^~~~~~~~~~~~~~~~~~~~~~~~~~~~~~~[m[K
[13.095s] [01m[K/home/konyun/hclidar_ros2_driver/src/base/hclidar.cpp:2627:29:[m[K [01;35m[Kwarning: [m[Kcomparison of integer expressions of different signedness: ‘[01m[Kstd::vector<tsPointCloud>::size_type[m[K’ {aka ‘[01m[Klong unsigned int[m[K’} and ‘[01m[Kint[m[K’ [[01;35m[K-Wsign-compare[m[K]
[13.096s]  2627 |    if ([01;35m[Km_resultRange.size() >= m_sSDKPara.iCallbackBuffSize[m[K)
[13.096s]       |        [01;35m[K~~~~~~~~~~~~~~~~~~~~~^~~~~~~~~~~~~~~~~~~~~~~~~~~~~~~[m[K
[13.102s] [01m[K/home/konyun/hclidar_ros2_driver/src/base/hclidar.cpp:[m[K In member function ‘[01m[Kbool HCLidar::getErrorCode(int, int)[m[K’:
[13.102s] [01m[K/home/konyun/hclidar_ros2_driver/src/base/hclidar.cpp:2704:14:[m[K [01;35m[Kwarning: [m[Kcomparison of integer expressions of different signedness: ‘[01m[KUINT64[m[K’ {aka ‘[01m[Klong long unsigned int[m[K’} and ‘[01m[Kint[m[K’ [[01;35m[K-Wsign-compare[m[K]
[13.102s]  2704 |   if ([01;35m[Ku64Int <= iMs*1000[m[K)
[13.102s]       |       [01;35m[K~~~~~~~^~~~~~~~~~~[m[K
[13.103s] [01m[K/home/konyun/hclidar_ros2_driver/src/base/hclidar.cpp:[m[K In member function ‘[01m[Kbool HCLidar::rockCheckLDSInfo(UINT8*, unLidarInfo&)[m[K’:
[13.104s] [01m[K/home/konyun/hclidar_ros2_driver/src/base/hclidar.cpp:2728:18:[m[K [01;35m[Kwarning: [m[Kcomparison of integer expressions of different signedness: ‘[01m[Kint[m[K’ and ‘[01m[Klong unsigned int[m[K’ [[01;35m[K-Wsign-compare[m[K]
[13.104s]  2728 |  if ([01;35m[Kdecode_size < sizeof(unLidarInfo)[m[K)
[13.104s]       |      [01;35m[K~~~~~~~~~~~~^~~~~~~~~~~~~~~~~~~~~[m[K
[13.105s] [01m[K/home/konyun/hclidar_ros2_driver/src/base/hclidar.cpp:2721:6:[m[K [01;35m[Kwarning: [m[Kunused variable ‘[01m[Ksize[m[K’ [[01;35m[K-Wunused-variable[m[K]
[13.105s]  2721 |  int [01;35m[Ksize[m[K = 0;
[13.105s]       |      [01;35m[K^~~~[m[K
[13.107s] [01m[K/home/konyun/hclidar_ros2_driver/src/base/hclidar.cpp:[m[K In member function ‘[01m[Kvoid HCLidar::rockDecodeLDSInfoPacket(UINT8*, UINT8*, int&)[m[K’:
[13.107s] [01m[K/home/konyun/hclidar_ros2_driver/src/base/hclidar.cpp:2750:20:[m[K [01;35m[Kwarning: [m[Kcomparison of integer expressions of different signedness: ‘[01m[Kint[m[K’ and ‘[01m[Klong unsigned int[m[K’ [[01;35m[K-Wsign-compare[m[K]
[13.107s]  2750 |  for (int i = 0; i < RCV_SIZE; i++)
[13.107s] [01m[K/home/konyun/hclidar_ros2_driver/src/base/hclidar.cpp:2754:10:[m[K [01;35m[Kwarning: [m[Kcomparison of integer expressions of different signedness: ‘[01m[Kint[m[K’ and ‘[01m[Klong unsigned int[m[K’ [[01;35m[K-Wsign-compare[m[K]
[13.108s]  2754 |    if ([01;35m[Ki < RCV_SIZE - 1[m[K)
[13.108s]       |        [01;35m[K~~^~~~~~~~~~~~~~[m[K
[13.110s] [01m[K/home/konyun/hclidar_ros2_driver/src/base/hclidar.cpp:[m[K In member function ‘[01m[Kbool HCLidar::rockCheckCRC(unLidarInfo)[m[K’:
[13.110s] [01m[K/home/konyun/hclidar_ros2_driver/src/base/hclidar.cpp:2770:20:[m[K [01;35m[Kwarning: [m[Kcomparison of integer expressions of different signedness: ‘[01m[Kint[m[K’ and ‘[01m[Klong unsigned int[m[K’ [[01;35m[K-Wsign-compare[m[K]
[13.110s]  2770 |  for (int i = 0; [01;35m[Ki < (sizeof(unLidarInfo) / sizeof(UINT16) - 1)[m[K; i++)
[13.111s]       |                  [01;35m[K~~^~~~~~~~~~~~~~~~~~~~~~~~~~~~~~~~~~~~~~~~~~~~[m[K
[13.111s] [01m[K/home/konyun/hclidar_ros2_driver/src/base/hclidar.cpp:[m[K In member function ‘[01m[Kvoid HCLidar::checkChangeSpeed()[m[K’:
[13.112s] [01m[K/home/konyun/hclidar_ros2_driver/src/base/hclidar.cpp:2804:14:[m[K [01;35m[Kwarning: [m[Kcomparison of integer expressions of different signedness: ‘[01m[KUINT64[m[K’ {aka ‘[01m[Klong long unsigned int[m[K’} and ‘[01m[Kint[m[K’ [[01;35m[K-Wsign-compare[m[K]
[13.112s]  2804 |  if ([01;35m[Ku64Temp >= (m_sSDKPara.iChangeSpeedMS ) * 1000[m[K) //2.5S
[13.112s]       |      [01;35m[K~~~~~~~~^~~~~~~~~~~~~~~~~~~~~~~~~~~~~~~~~~~~~~[m[K
[13.136s] [ 45%] [32mBuilding CXX object src/base/CMakeFiles/lidar.dir/HC_serial.cpp.o[0m
[13.140s] [ 54%] [32mBuilding CXX object src/base/CMakeFiles/lidar.dir/ReadParsePackage.cpp.o[0m
[14.126s] [01m[K/home/konyun/hclidar_ros2_driver/src/base/ReadParsePackage.cpp:[m[K In member function ‘[01m[Kint ReadParsePackage::ReadDataSerial(unsigned int)[m[K’:
[14.128s] [01m[K/home/konyun/hclidar_ros2_driver/src/base/ReadParsePackage.cpp:52:9:[m[K [01;35m[Kwarning: [m[Kvariable ‘[01m[KnumDataByte[m[K’ set but not used [[01;35m[K-Wunused-but-set-variable[m[K]
[14.129s]    52 |     int [01;35m[KnumDataByte[m[K;
[14.129s]       |         [01;35m[K^~~~~~~~~~~[m[K
[14.444s] [ 63%] [32mBuilding CXX object src/base/CMakeFiles/lidar.dir/HcSDK.cpp.o[0m
[14.606s] [01m[K/home/konyun/hclidar_ros2_driver/src/base/HC_serial.cpp:[m[K In function ‘[01m[Kvoid signal_handler_IO(int)[m[K’:
[14.606s] [01m[K/home/konyun/hclidar_ros2_driver/src/base/HC_serial.cpp:39:28:[m[K [01;35m[Kwarning: [m[Kunused parameter ‘[01m[Kstatus[m[K’ [[01;35m[K-Wunused-parameter[m[K]
[14.606s]    39 | void signal_handler_IO([01;35m[Kint status[m[K)
[14.607s]       |                        [01;35m[K~~~~^~~~~~[m[K
[15.266s] In file included from [01m[K/home/konyun/hclidar_ros2_driver/src/base/HcSDK.cpp:2[m[K:
[15.266s] [01m[K/home/konyun/hclidar_ros2_driver/src/base/HcSDK.h:77:2:[m[K [01;35m[Kwarning: [m[Kextra ‘[01m[K;[m[K’ [[01;35m[K-Wpedantic[m[K]
[15.266s]    77 | }[01;35m[K;[m[K
[15.266s]       |  [01;35m[K^[m[K
[15.490s] [01m[K/home/konyun/hclidar_ros2_driver/src/base/HcSDK.cpp:154:2:[m[K [01;35m[Kwarning: [m[Kextra ‘[01m[K;[m[K’ [[01;35m[K-Wpedantic[m[K]
[15.490s]   154 | }[01;35m[K;[m[K
[15.491s]       |  [01;35m[K^[m[K
[15.611s] In file included from [01m[K/home/konyun/hclidar_ros2_driver/src/base/hclidar.h:5[m[K,
[15.611s]                  from [01m[K/home/konyun/hclidar_ros2_driver/src/base/HcSDK.cpp:5[m[K:
[15.611s] [01m[K/home/konyun/hclidar_ros2_driver/src/base/hchead.h:395:15:[m[K [01;35m[Kwarning: [m[K‘[01m[Kchar* print_curr_time()[m[K’ defined but not used [[01;35m[K-Wunused-function[m[K]
[15.611s]   395 | static char*  [01;35m[Kprint_curr_time[m[K()
[15.612s]       |               [01;35m[K^~~~~~~~~~~~~~~[m[K
[15.773s] [ 72%] [32m[1mLinking CXX static library liblidar.a[0m
[16.015s] [ 72%] Built target lidar
[16.052s] [35m[1mScanning dependencies of target hclidar_ros2_driver_node[0m
[16.249s] [ 81%] [32mBuilding CXX object CMakeFiles/hclidar_ros2_driver_node.dir/src/hclidar_ros2_driver_node.cpp.o[0m
[20.280s] In file included from [01m[K/home/konyun/hclidar_ros2_driver/src/hclidar_ros2_driver_node.cpp:34[m[K:
[20.280s] [01m[K/home/konyun/hclidar_ros2_driver/src/base/HcSDK.h:77:2:[m[K [01;35m[Kwarning: [m[Kextra ‘[01m[K;[m[K’ [[01;35m[K-Wpedantic[m[K]
[20.280s]    77 | }[01;35m[K;[m[K
[20.280s]       |  [01;35m[K^[m[K
[20.280s] [01m[K/home/konyun/hclidar_ros2_driver/src/hclidar_ros2_driver_node.cpp:[m[K In function ‘[01m[Kvoid sdkCallBackFunErrorCode(int)[m[K’:
[20.281s] [01m[K/home/konyun/hclidar_ros2_driver/src/hclidar_ros2_driver_node.cpp:46:9:[m[K [01;35m[Kwarning: [m[Kformat not a string literal and no format arguments [[01;35m[K-Wformat-security[m[K]
[20.281s]    46 |  printf([01;35m[Kbuff[m[K);
[20.281s]       |         [01;35m[K^~~~[m[K
[20.286s] [01m[K/home/konyun/hclidar_ros2_driver/src/hclidar_ros2_driver_node.cpp:[m[K In function ‘[01m[Kvoid sdkCallBackFunSecondInfo(tsSDKStatistic)[m[K’:
[20.286s] [01m[K/home/konyun/hclidar_ros2_driver/src/hclidar_ros2_driver_node.cpp:65:9:[m[K [01;35m[Kwarning: [m[Kformat not a string literal and no format arguments [[01;35m[K-Wformat-security[m[K]
[20.287s]    65 |  printf([01;35m[Kbuff[m[K);
[20.287s]       |         [01;35m[K^~~~[m[K
[20.298s] [01m[K/home/konyun/hclidar_ros2_driver/src/hclidar_ros2_driver_node.cpp:[m[K In function ‘[01m[Kvoid sdkCallBackFunPointCloud(LstPointCloud)[m[K’:
[20.299s] [01m[K/home/konyun/hclidar_ros2_driver/src/hclidar_ros2_driver_node.cpp:79:38:[m[K [01;35m[Kwarning: [m[Kformat ‘[01m[K%d[m[K’ expects argument of type ‘[01m[Kint[m[K’, but argument 3 has type ‘[01m[Kstd::vector<tsPointCloud>::size_type[m[K’ {aka ‘[01m[Klong unsigned int[m[K’} [[01;35m[K-Wformat=[m[K]
[20.299s]    79 |  sprintf(buff, "---------------Size=[01;35m[K%d[m[K\n", [32m[KlstG.size()[m[K);
[20.300s]       |                                     [01;35m[K~^[m[K     [32m[K~~~~~~~~~~~[m[K
[20.300s]       |                                      [01;35m[K|[m[K              [32m[K|[m[K
[20.300s]       |                                      [01;35m[Kint[m[K            [32m[Kstd::vector<tsPointCloud>::size_type {aka long unsigned int}[m[K
[20.300s]       |                                     [32m[K%ld[m[K
[20.300s] [01m[K/home/konyun/hclidar_ros2_driver/src/hclidar_ros2_driver_node.cpp:80:9:[m[K [01;35m[Kwarning: [m[Kformat not a string literal and no format arguments [[01;35m[K-Wformat-security[m[K]
[20.300s]    80 |  printf([01;35m[Kbuff[m[K);
[20.300s]       |         [01;35m[K^~~~[m[K
[20.310s] [01m[K/home/konyun/hclidar_ros2_driver/src/hclidar_ros2_driver_node.cpp:[m[K In function ‘[01m[Kvoid sdkCallBackFunDistQ2(LstNodeDistQ2)[m[K’:
[20.310s] [01m[K/home/konyun/hclidar_ros2_driver/src/hclidar_ros2_driver_node.cpp:106:14:[m[K [01;35m[Kwarning: [m[Kvariable ‘[01m[KsInfo[m[K’ set but not used [[01;35m[K-Wunused-but-set-variable[m[K]
[20.310s]   106 |     for(auto [01;35m[KsInfo[m[K : lstG)
[20.311s]       |              [01;35m[K^~~~~[m[K
[20.406s] [01m[K/home/konyun/hclidar_ros2_driver/src/hclidar_ros2_driver_node.cpp:[m[K In function ‘[01m[Kint main(int, char**)[m[K’:
[20.407s] [01m[K/home/konyun/hclidar_ros2_driver/src/hclidar_ros2_driver_node.cpp:279:40:[m[K [01;35m[Kwarning: [m[Kcomparison of integer expressions of different signedness: ‘[01m[Kint[m[K’ and ‘[01m[Kstd::vector<tsPointCloud>::size_type[m[K’ {aka ‘[01m[Klong unsigned int[m[K’} [[01;35m[K-Wsign-compare[m[K]
[20.407s]   279 |                         for(int i=0; [01;35m[Ki < lstG.size()[m[K; i++)
[20.407s]       |                                      [01;35m[K~~^~~~~~~~~~~~~[m[K
[20.407s] [01m[K/home/konyun/hclidar_ros2_driver/src/hclidar_ros2_driver_node.cpp:291:51:[m[K [01;35m[Kwarning: [m[Kcomparison of integer expressions of different signedness: ‘[01m[Kint[m[K’ and ‘[01m[Kstd::vector<tsPointCloud>::size_type[m[K’ {aka ‘[01m[Klong unsigned int[m[K’} [[01;35m[K-Wsign-compare[m[K]
[20.408s]   291 |                             if(index >=0 && [01;35m[Kindex < lstG.size()[m[K)
[20.408s]       |                                             [01;35m[K~~~~~~^~~~~~~~~~~~~[m[K
[25.116s] [ 90%] [32m[1mLinking CXX executable hclidar_ros2_driver_client[0m
[25.116s] [100%] [32m[1mLinking CXX executable hclidar_ros2_driver_node[0m
[26.883s] [100%] Built target hclidar_ros2_driver_node
[26.962s] [100%] Built target hclidar_ros2_driver_client
[27.005s] Invoked command in '/home/konyun/hclidar_ros2_driver/build/hclidar_ros2_driver' returned '0': CMAKE_PREFIX_PATH=/opt/ros/foxy /usr/bin/cmake --build /home/konyun/hclidar_ros2_driver/build/hclidar_ros2_driver -- -j4 -l4
[27.157s] Invoking command in '/home/konyun/hclidar_ros2_driver/build/hclidar_ros2_driver': CMAKE_PREFIX_PATH=/opt/ros/foxy /usr/bin/cmake --install /home/konyun/hclidar_ros2_driver/build/hclidar_ros2_driver
[27.195s] -- Install configuration: ""
[27.210s] -- Installing: /home/konyun/hclidar_ros2_driver/install/hclidar_ros2_driver/lib/hclidar_ros2_driver/hclidar_ros2_driver_node
[27.217s] -- Set runtime path of "/home/konyun/hclidar_ros2_driver/install/hclidar_ros2_driver/lib/hclidar_ros2_driver/hclidar_ros2_driver_node" to ""
[27.219s] -- Installing: /home/konyun/hclidar_ros2_driver/install/hclidar_ros2_driver/lib/hclidar_ros2_driver/hclidar_ros2_driver_client
[27.225s] -- Set runtime path of "/home/konyun/hclidar_ros2_driver/install/hclidar_ros2_driver/lib/hclidar_ros2_driver/hclidar_ros2_driver_client" to ""
[27.226s] -- Installing: /home/konyun/hclidar_ros2_driver/install/hclidar_ros2_driver/share/hclidar_ros2_driver/launch
[27.227s] -- Installing: /home/konyun/hclidar_ros2_driver/install/hclidar_ros2_driver/share/hclidar_ros2_driver/launch/hclidar_launch.py
[27.249s] -- Installing: /home/konyun/hclidar_ros2_driver/install/hclidar_ros2_driver/share/hclidar_ros2_driver/launch/hclidar_launch_view.py
[27.262s] -- Installing: /home/konyun/hclidar_ros2_driver/install/hclidar_ros2_driver/share/hclidar_ros2_driver/launch/hclidar.py
[27.270s] -- Installing: /home/konyun/hclidar_ros2_driver/install/hclidar_ros2_driver/share/hclidar_ros2_driver/params
[27.270s] -- Installing: /home/konyun/hclidar_ros2_driver/install/hclidar_ros2_driver/share/hclidar_ros2_driver/params/hclidar.yaml
[27.275s] CMake Error at cmake_install.cmake:81 (file):
[27.275s]   file INSTALL cannot find "/home/konyun/hclidar_ros2_driver/startup": No
[27.275s]   such file or directory.
[27.275s] 
[27.275s] 
[27.278s] Invoked command in '/home/konyun/hclidar_ros2_driver/build/hclidar_ros2_driver' returned '1': CMAKE_PREFIX_PATH=/opt/ros/foxy /usr/bin/cmake --install /home/konyun/hclidar_ros2_driver/build/hclidar_ros2_driver
