[0.637s] DEBUG:colcon:Command line arguments: ['/usr/bin/colcon', 'build', '--symlink-install']
[0.637s] DEBUG:colcon:Parsed command line arguments: Namespace(allow_overriding=[], ament_cmake_args=None, base_paths=['.'], build_base='build', catkin_cmake_args=None, catkin_skip_building_tests=False, cmake_args=None, cmake_clean_cache=False, cmake_clean_first=False, cmake_force_configure=False, cmake_target=None, cmake_target_skip_unavailable=False, continue_on_error=False, event_handlers=None, executor='parallel', ignore_user_meta=False, install_base='install', log_base=None, log_level=None, main=<bound method BuildVerb.main of <colcon_core.verb.build.BuildVerb object at 0x7f7248ef65e0>>, merge_install=False, metas=['./colcon.meta'], packages_above=None, packages_above_and_dependencies=None, packages_above_depth=None, packages_end=None, packages_ignore=None, packages_ignore_regex=None, packages_select=None, packages_select_build_failed=False, packages_select_by_dep=None, packages_select_regex=None, packages_select_test_failures=False, packages_skip=None, packages_skip_build_finished=False, packages_skip_by_dep=None, packages_skip_regex=None, packages_skip_test_passed=False, packages_skip_up_to=None, packages_start=None, packages_up_to=None, packages_up_to_regex=None, parallel_workers=4, paths=None, symlink_install=True, test_result_base=None, verb_extension=<colcon_core.verb.build.BuildVerb object at 0x7f7248ef65e0>, verb_name='build', verb_parser=<colcon_defaults.argument_parser.defaults.DefaultArgumentsDecorator object at 0x7f7248ef6b20>)
[0.937s] Level 1:colcon.colcon_core.package_discovery:discover_packages(colcon_meta) check parameters
[0.937s] Level 1:colcon.colcon_core.package_discovery:discover_packages(recursive) check parameters
[0.937s] Level 1:colcon.colcon_core.package_discovery:discover_packages(ignore) check parameters
[0.937s] Level 1:colcon.colcon_core.package_discovery:discover_packages(path) check parameters
[0.937s] Level 1:colcon.colcon_core.package_discovery:discover_packages(colcon_meta) discover
[0.938s] Level 1:colcon.colcon_core.package_discovery:discover_packages(recursive) discover
[0.938s] INFO:colcon.colcon_core.package_discovery:Crawling recursively for packages in '/home/konyun/hclidar_ros2_driver'
[0.938s] Level 1:colcon.colcon_core.package_identification:_identify(.) by extensions ['ignore', 'ignore_ament_install']
[0.938s] Level 1:colcon.colcon_core.package_identification:_identify(.) by extension 'ignore'
[0.939s] Level 1:colcon.colcon_core.package_identification:_identify(.) by extension 'ignore_ament_install'
[0.939s] Level 1:colcon.colcon_core.package_identification:_identify(.) by extensions ['colcon_pkg']
[0.939s] Level 1:colcon.colcon_core.package_identification:_identify(.) by extension 'colcon_pkg'
[0.939s] Level 1:colcon.colcon_core.package_identification:_identify(.) by extensions ['colcon_meta']
[0.939s] Level 1:colcon.colcon_core.package_identification:_identify(.) by extension 'colcon_meta'
[0.939s] Level 1:colcon.colcon_core.package_identification:_identify(.) by extensions ['ros']
[0.939s] Level 1:colcon.colcon_core.package_identification:_identify(.) by extension 'ros'
[0.983s] DEBUG:colcon.colcon_core.package_identification:Package '.' with type 'ros.ament_cmake' and name 'hclidar_driver_ros2'
[0.983s] Level 1:colcon.colcon_core.package_discovery:discover_packages(recursive) using defaults
[0.983s] Level 1:colcon.colcon_core.package_discovery:discover_packages(ignore) discover
[0.983s] Level 1:colcon.colcon_core.package_discovery:discover_packages(ignore) using defaults
[0.983s] Level 1:colcon.colcon_core.package_discovery:discover_packages(path) discover
[0.983s] Level 1:colcon.colcon_core.package_discovery:discover_packages(path) using defaults
[1.115s] Level 1:colcon.colcon_core.package_discovery:discover_packages(prefix_path) check parameters
[1.116s] Level 1:colcon.colcon_core.package_discovery:discover_packages(prefix_path) discover
[1.133s] DEBUG:colcon.colcon_installed_package_information.package_discovery:Found 1 installed packages in /home/konyun/hclidar_ros2_driver/install
[1.142s] DEBUG:colcon.colcon_installed_package_information.package_discovery:Found 256 installed packages in /opt/ros/foxy
[1.147s] Level 1:colcon.colcon_core.package_discovery:discover_packages(prefix_path) using defaults
[1.820s] Level 5:colcon.colcon_core.verb:set package 'hclidar_driver_ros2' build argument 'cmake_args' from command line to 'None'
[1.820s] Level 5:colcon.colcon_core.verb:set package 'hclidar_driver_ros2' build argument 'cmake_target' from command line to 'None'
[1.820s] Level 5:colcon.colcon_core.verb:set package 'hclidar_driver_ros2' build argument 'cmake_target_skip_unavailable' from command line to 'False'
[1.820s] Level 5:colcon.colcon_core.verb:set package 'hclidar_driver_ros2' build argument 'cmake_clean_cache' from command line to 'False'
[1.820s] Level 5:colcon.colcon_core.verb:set package 'hclidar_driver_ros2' build argument 'cmake_clean_first' from command line to 'False'
[1.820s] Level 5:colcon.colcon_core.verb:set package 'hclidar_driver_ros2' build argument 'cmake_force_configure' from command line to 'False'
[1.820s] Level 5:colcon.colcon_core.verb:set package 'hclidar_driver_ros2' build argument 'ament_cmake_args' from command line to 'None'
[1.820s] Level 5:colcon.colcon_core.verb:set package 'hclidar_driver_ros2' build argument 'catkin_cmake_args' from command line to 'None'
[1.820s] Level 5:colcon.colcon_core.verb:set package 'hclidar_driver_ros2' build argument 'catkin_skip_building_tests' from command line to 'False'
[1.820s] DEBUG:colcon.colcon_core.verb:Building package 'hclidar_driver_ros2' with the following arguments: {'ament_cmake_args': None, 'build_base': '/home/konyun/hclidar_ros2_driver/build/hclidar_driver_ros2', 'catkin_cmake_args': None, 'catkin_skip_building_tests': False, 'cmake_args': None, 'cmake_clean_cache': False, 'cmake_clean_first': False, 'cmake_force_configure': False, 'cmake_target': None, 'cmake_target_skip_unavailable': False, 'install_base': '/home/konyun/hclidar_ros2_driver/install/hclidar_driver_ros2', 'merge_install': False, 'path': '/home/konyun/hclidar_ros2_driver', 'symlink_install': True, 'test_result_base': None}
[1.823s] INFO:colcon.colcon_core.executor:Executing jobs using 'parallel' executor
[1.839s] DEBUG:colcon.colcon_parallel_executor.executor.parallel:run_until_complete
[1.841s] INFO:colcon.colcon_ros.task.ament_cmake.build:Building ROS package in '/home/konyun/hclidar_ros2_driver' with build type 'ament_cmake'
[1.841s] INFO:colcon.colcon_cmake.task.cmake.build:Building CMake package in '/home/konyun/hclidar_ros2_driver'
[1.867s] INFO:colcon.colcon_core.plugin_system:Skipping extension 'colcon_core.shell.bat': Not used on non-Windows systems
[1.868s] INFO:colcon.colcon_core.shell:Skip shell extension 'powershell' for command environment: Not usable outside of PowerShell
[1.869s] DEBUG:colcon.colcon_core.shell:Skip shell extension 'dsv' for command environment
[1.957s] DEBUG:colcon.colcon_core.event_handler.log_command:Invoking command in '/home/konyun/hclidar_ros2_driver/build/hclidar_driver_ros2': CMAKE_PREFIX_PATH=${CMAKE_PREFIX_PATH}:/opt/ros/foxy /usr/bin/cmake --build /home/konyun/hclidar_ros2_driver/build/hclidar_driver_ros2 -- -j4 -l4
[2.267s] DEBUG:colcon.colcon_core.event_handler.log_command:Invoked command in '/home/konyun/hclidar_ros2_driver/build/hclidar_driver_ros2' returned '0': CMAKE_PREFIX_PATH=${CMAKE_PREFIX_PATH}:/opt/ros/foxy /usr/bin/cmake --build /home/konyun/hclidar_ros2_driver/build/hclidar_driver_ros2 -- -j4 -l4
[2.387s] DEBUG:colcon.colcon_core.event_handler.log_command:Invoking command in '/home/konyun/hclidar_ros2_driver/build/hclidar_driver_ros2': CMAKE_PREFIX_PATH=${CMAKE_PREFIX_PATH}:/opt/ros/foxy /usr/bin/cmake --install /home/konyun/hclidar_ros2_driver/build/hclidar_driver_ros2
[2.483s] Level 1:colcon.colcon_core.environment:create_environment_scripts_only(hclidar_driver_ros2)
[2.490s] DEBUG:colcon.colcon_core.event_handler.log_command:Invoked command in '/home/konyun/hclidar_ros2_driver/build/hclidar_driver_ros2' returned '0': CMAKE_PREFIX_PATH=${CMAKE_PREFIX_PATH}:/opt/ros/foxy /usr/bin/cmake --install /home/konyun/hclidar_ros2_driver/build/hclidar_driver_ros2
[2.503s] Level 1:colcon.colcon_core.environment:checking '/home/konyun/hclidar_ros2_driver/install/hclidar_driver_ros2' for CMake module files
[2.504s] Level 1:colcon.colcon_core.environment:checking '/home/konyun/hclidar_ros2_driver/install/hclidar_driver_ros2' for CMake config files
[2.505s] Level 1:colcon.colcon_core.shell:create_environment_hook('hclidar_driver_ros2', 'cmake_prefix_path')
[2.509s] INFO:colcon.colcon_core.shell:Creating environment hook '/home/konyun/hclidar_ros2_driver/install/hclidar_driver_ros2/share/hclidar_driver_ros2/hook/cmake_prefix_path.ps1'
[2.512s] INFO:colcon.colcon_core.shell:Creating environment descriptor '/home/konyun/hclidar_ros2_driver/install/hclidar_driver_ros2/share/hclidar_driver_ros2/hook/cmake_prefix_path.dsv'
[2.516s] INFO:colcon.colcon_core.shell:Creating environment hook '/home/konyun/hclidar_ros2_driver/install/hclidar_driver_ros2/share/hclidar_driver_ros2/hook/cmake_prefix_path.sh'
[2.520s] Level 1:colcon.colcon_core.environment:checking '/home/konyun/hclidar_ros2_driver/install/hclidar_driver_ros2/lib'
[2.521s] Level 1:colcon.colcon_core.environment:checking '/home/konyun/hclidar_ros2_driver/install/hclidar_driver_ros2/bin'
[2.521s] Level 1:colcon.colcon_core.environment:checking '/home/konyun/hclidar_ros2_driver/install/hclidar_driver_ros2/lib/pkgconfig/hclidar_driver_ros2.pc'
[2.522s] Level 1:colcon.colcon_core.environment:checking '/home/konyun/hclidar_ros2_driver/install/hclidar_driver_ros2/lib/python3.8/site-packages'
[2.523s] Level 1:colcon.colcon_core.environment:checking '/home/konyun/hclidar_ros2_driver/install/hclidar_driver_ros2/bin'
[2.528s] INFO:colcon.colcon_core.shell:Creating package script '/home/konyun/hclidar_ros2_driver/install/hclidar_driver_ros2/share/hclidar_driver_ros2/package.ps1'
[2.532s] INFO:colcon.colcon_core.shell:Creating package descriptor '/home/konyun/hclidar_ros2_driver/install/hclidar_driver_ros2/share/hclidar_driver_ros2/package.dsv'
[2.535s] INFO:colcon.colcon_core.shell:Creating package script '/home/konyun/hclidar_ros2_driver/install/hclidar_driver_ros2/share/hclidar_driver_ros2/package.sh'
[2.539s] INFO:colcon.colcon_core.shell:Creating package script '/home/konyun/hclidar_ros2_driver/install/hclidar_driver_ros2/share/hclidar_driver_ros2/package.bash'
[2.543s] INFO:colcon.colcon_core.shell:Creating package script '/home/konyun/hclidar_ros2_driver/install/hclidar_driver_ros2/share/hclidar_driver_ros2/package.zsh'
[2.549s] Level 1:colcon.colcon_core.environment:create_file_with_runtime_dependencies(/home/konyun/hclidar_ros2_driver/install/hclidar_driver_ros2/share/colcon-core/packages/hclidar_driver_ros2)
[2.659s] Level 1:colcon.colcon_core.environment:create_environment_scripts_only(hclidar_driver_ros2)
[2.665s] Level 1:colcon.colcon_core.environment:checking '/home/konyun/hclidar_ros2_driver/install/hclidar_driver_ros2' for CMake module files
[2.667s] Level 1:colcon.colcon_core.environment:checking '/home/konyun/hclidar_ros2_driver/install/hclidar_driver_ros2' for CMake config files
[2.669s] Level 1:colcon.colcon_core.shell:create_environment_hook('hclidar_driver_ros2', 'cmake_prefix_path')
[2.674s] INFO:colcon.colcon_core.shell:Creating environment hook '/home/konyun/hclidar_ros2_driver/install/hclidar_driver_ros2/share/hclidar_driver_ros2/hook/cmake_prefix_path.ps1'
[2.677s] INFO:colcon.colcon_core.shell:Creating environment descriptor '/home/konyun/hclidar_ros2_driver/install/hclidar_driver_ros2/share/hclidar_driver_ros2/hook/cmake_prefix_path.dsv'
[2.680s] INFO:colcon.colcon_core.shell:Creating environment hook '/home/konyun/hclidar_ros2_driver/install/hclidar_driver_ros2/share/hclidar_driver_ros2/hook/cmake_prefix_path.sh'
[2.684s] Level 1:colcon.colcon_core.environment:checking '/home/konyun/hclidar_ros2_driver/install/hclidar_driver_ros2/lib'
[2.684s] Level 1:colcon.colcon_core.environment:checking '/home/konyun/hclidar_ros2_driver/install/hclidar_driver_ros2/bin'
[2.684s] Level 1:colcon.colcon_core.environment:checking '/home/konyun/hclidar_ros2_driver/install/hclidar_driver_ros2/lib/pkgconfig/hclidar_driver_ros2.pc'
[2.685s] Level 1:colcon.colcon_core.environment:checking '/home/konyun/hclidar_ros2_driver/install/hclidar_driver_ros2/lib/python3.8/site-packages'
[2.685s] Level 1:colcon.colcon_core.environment:checking '/home/konyun/hclidar_ros2_driver/install/hclidar_driver_ros2/bin'
[2.689s] INFO:colcon.colcon_core.shell:Creating package script '/home/konyun/hclidar_ros2_driver/install/hclidar_driver_ros2/share/hclidar_driver_ros2/package.ps1'
[2.692s] INFO:colcon.colcon_core.shell:Creating package descriptor '/home/konyun/hclidar_ros2_driver/install/hclidar_driver_ros2/share/hclidar_driver_ros2/package.dsv'
[2.695s] INFO:colcon.colcon_core.shell:Creating package script '/home/konyun/hclidar_ros2_driver/install/hclidar_driver_ros2/share/hclidar_driver_ros2/package.sh'
[2.697s] INFO:colcon.colcon_core.shell:Creating package script '/home/konyun/hclidar_ros2_driver/install/hclidar_driver_ros2/share/hclidar_driver_ros2/package.bash'
[2.700s] INFO:colcon.colcon_core.shell:Creating package script '/home/konyun/hclidar_ros2_driver/install/hclidar_driver_ros2/share/hclidar_driver_ros2/package.zsh'
[2.703s] Level 1:colcon.colcon_core.environment:create_file_with_runtime_dependencies(/home/konyun/hclidar_ros2_driver/install/hclidar_driver_ros2/share/colcon-core/packages/hclidar_driver_ros2)
[2.706s] DEBUG:colcon.colcon_parallel_executor.executor.parallel:closing loop
[2.708s] DEBUG:colcon.colcon_parallel_executor.executor.parallel:loop closed
[2.709s] DEBUG:colcon.colcon_parallel_executor.executor.parallel:run_until_complete finished with '0'
[2.710s] DEBUG:colcon.colcon_core.event_reactor:joining thread
[2.743s] INFO:colcon.colcon_core.plugin_system:Skipping extension 'colcon_notification.desktop_notification.terminal_notifier': Not used on non-Darwin systems
[2.744s] INFO:colcon.colcon_core.plugin_system:Skipping extension 'colcon_notification.desktop_notification.win32': Not used on non-Windows systems
[2.744s] INFO:colcon.colcon_notification.desktop_notification:Sending desktop notification using 'notify2'
[2.843s] DEBUG:colcon.colcon_core.event_reactor:joined thread
[2.848s] INFO:colcon.colcon_core.shell:Creating prefix script '/home/konyun/hclidar_ros2_driver/install/local_setup.ps1'
[2.850s] INFO:colcon.colcon_core.shell:Creating prefix util module '/home/konyun/hclidar_ros2_driver/install/_local_setup_util_ps1.py'
[2.856s] INFO:colcon.colcon_core.shell:Creating prefix chain script '/home/konyun/hclidar_ros2_driver/install/setup.ps1'
[2.860s] INFO:colcon.colcon_core.shell:Creating prefix script '/home/konyun/hclidar_ros2_driver/install/local_setup.sh'
[2.863s] INFO:colcon.colcon_core.shell:Creating prefix util module '/home/konyun/hclidar_ros2_driver/install/_local_setup_util_sh.py'
[2.866s] INFO:colcon.colcon_core.shell:Creating prefix chain script '/home/konyun/hclidar_ros2_driver/install/setup.sh'
[2.871s] INFO:colcon.colcon_core.shell:Creating prefix script '/home/konyun/hclidar_ros2_driver/install/local_setup.bash'
[2.873s] INFO:colcon.colcon_core.shell:Creating prefix chain script '/home/konyun/hclidar_ros2_driver/install/setup.bash'
[2.877s] INFO:colcon.colcon_core.shell:Creating prefix script '/home/konyun/hclidar_ros2_driver/install/local_setup.zsh'
[2.879s] INFO:colcon.colcon_core.shell:Creating prefix chain script '/home/konyun/hclidar_ros2_driver/install/setup.zsh'
