[0.368s] DEBUG:colcon:Command line arguments: ['/usr/bin/colcon', 'build']
[0.368s] DEBUG:colcon:Parsed command line arguments: Namespace(allow_overriding=[], ament_cmake_args=None, base_paths=['.'], build_base='build', catkin_cmake_args=None, catkin_skip_building_tests=False, cmake_args=None, cmake_clean_cache=False, cmake_clean_first=False, cmake_force_configure=False, cmake_target=None, cmake_target_skip_unavailable=False, continue_on_error=False, event_handlers=None, executor='parallel', ignore_user_meta=False, install_base='install', log_base=None, log_level=None, main=<bound method BuildVerb.main of <colcon_core.verb.build.BuildVerb object at 0x7f3d4c44b580>>, merge_install=False, metas=['./colcon.meta'], packages_above=None, packages_above_and_dependencies=None, packages_above_depth=None, packages_end=None, packages_ignore=None, packages_ignore_regex=None, packages_select=None, packages_select_build_failed=False, packages_select_by_dep=None, packages_select_regex=None, packages_select_test_failures=False, packages_skip=None, packages_skip_build_finished=False, packages_skip_by_dep=None, packages_skip_regex=None, packages_skip_test_passed=False, packages_skip_up_to=None, packages_start=None, packages_up_to=None, packages_up_to_regex=None, parallel_workers=4, paths=None, symlink_install=False, test_result_base=None, verb_extension=<colcon_core.verb.build.BuildVerb object at 0x7f3d4c44b580>, verb_name='build', verb_parser=<colcon_defaults.argument_parser.defaults.DefaultArgumentsDecorator object at 0x7f3d4c44bac0>)
[0.453s] Level 1:colcon.colcon_core.package_discovery:discover_packages(colcon_meta) check parameters
[0.453s] Level 1:colcon.colcon_core.package_discovery:discover_packages(recursive) check parameters
[0.454s] Level 1:colcon.colcon_core.package_discovery:discover_packages(ignore) check parameters
[0.454s] Level 1:colcon.colcon_core.package_discovery:discover_packages(path) check parameters
[0.454s] Level 1:colcon.colcon_core.package_discovery:discover_packages(colcon_meta) discover
[0.455s] Level 1:colcon.colcon_core.package_discovery:discover_packages(recursive) discover
[0.455s] INFO:colcon.colcon_core.package_discovery:Crawling recursively for packages in '/home/konyun/hclidar_ros2_driver'
[0.455s] Level 1:colcon.colcon_core.package_identification:_identify(.) by extensions ['ignore', 'ignore_ament_install']
[0.456s] Level 1:colcon.colcon_core.package_identification:_identify(.) by extension 'ignore'
[0.456s] Level 1:colcon.colcon_core.package_identification:_identify(.) by extension 'ignore_ament_install'
[0.456s] Level 1:colcon.colcon_core.package_identification:_identify(.) by extensions ['colcon_pkg']
[0.457s] Level 1:colcon.colcon_core.package_identification:_identify(.) by extension 'colcon_pkg'
[0.457s] Level 1:colcon.colcon_core.package_identification:_identify(.) by extensions ['colcon_meta']
[0.457s] Level 1:colcon.colcon_core.package_identification:_identify(.) by extension 'colcon_meta'
[0.458s] Level 1:colcon.colcon_core.package_identification:_identify(.) by extensions ['ros']
[0.458s] Level 1:colcon.colcon_core.package_identification:_identify(.) by extension 'ros'
[0.483s] DEBUG:colcon.colcon_core.package_identification:Package '.' with type 'ros.ament_cmake' and name 'hclidar_ros2_driver'
[0.483s] Level 1:colcon.colcon_core.package_discovery:discover_packages(recursive) using defaults
[0.483s] Level 1:colcon.colcon_core.package_discovery:discover_packages(ignore) discover
[0.483s] Level 1:colcon.colcon_core.package_discovery:discover_packages(ignore) using defaults
[0.483s] Level 1:colcon.colcon_core.package_discovery:discover_packages(path) discover
[0.483s] Level 1:colcon.colcon_core.package_discovery:discover_packages(path) using defaults
[0.548s] Level 1:colcon.colcon_core.package_discovery:discover_packages(prefix_path) check parameters
[0.548s] Level 1:colcon.colcon_core.package_discovery:discover_packages(prefix_path) discover
[0.556s] DEBUG:colcon.colcon_installed_package_information.package_discovery:Found 256 installed packages in /opt/ros/foxy
[0.561s] Level 1:colcon.colcon_core.package_discovery:discover_packages(prefix_path) using defaults
[0.714s] Level 5:colcon.colcon_core.verb:set package 'hclidar_ros2_driver' build argument 'cmake_args' from command line to 'None'
[0.714s] Level 5:colcon.colcon_core.verb:set package 'hclidar_ros2_driver' build argument 'cmake_target' from command line to 'None'
[0.714s] Level 5:colcon.colcon_core.verb:set package 'hclidar_ros2_driver' build argument 'cmake_target_skip_unavailable' from command line to 'False'
[0.714s] Level 5:colcon.colcon_core.verb:set package 'hclidar_ros2_driver' build argument 'cmake_clean_cache' from command line to 'False'
[0.714s] Level 5:colcon.colcon_core.verb:set package 'hclidar_ros2_driver' build argument 'cmake_clean_first' from command line to 'False'
[0.714s] Level 5:colcon.colcon_core.verb:set package 'hclidar_ros2_driver' build argument 'cmake_force_configure' from command line to 'False'
[0.714s] Level 5:colcon.colcon_core.verb:set package 'hclidar_ros2_driver' build argument 'ament_cmake_args' from command line to 'None'
[0.714s] Level 5:colcon.colcon_core.verb:set package 'hclidar_ros2_driver' build argument 'catkin_cmake_args' from command line to 'None'
[0.715s] Level 5:colcon.colcon_core.verb:set package 'hclidar_ros2_driver' build argument 'catkin_skip_building_tests' from command line to 'False'
[0.715s] DEBUG:colcon.colcon_core.verb:Building package 'hclidar_ros2_driver' with the following arguments: {'ament_cmake_args': None, 'build_base': '/home/konyun/hclidar_ros2_driver/build/hclidar_ros2_driver', 'catkin_cmake_args': None, 'catkin_skip_building_tests': False, 'cmake_args': None, 'cmake_clean_cache': False, 'cmake_clean_first': False, 'cmake_force_configure': False, 'cmake_target': None, 'cmake_target_skip_unavailable': False, 'install_base': '/home/konyun/hclidar_ros2_driver/install/hclidar_ros2_driver', 'merge_install': False, 'path': '/home/konyun/hclidar_ros2_driver', 'symlink_install': False, 'test_result_base': None}
[0.716s] INFO:colcon.colcon_core.executor:Executing jobs using 'parallel' executor
[0.722s] DEBUG:colcon.colcon_parallel_executor.executor.parallel:run_until_complete
[0.723s] INFO:colcon.colcon_ros.task.ament_cmake.build:Building ROS package in '/home/konyun/hclidar_ros2_driver' with build type 'ament_cmake'
[0.723s] INFO:colcon.colcon_cmake.task.cmake.build:Building CMake package in '/home/konyun/hclidar_ros2_driver'
[0.733s] INFO:colcon.colcon_core.plugin_system:Skipping extension 'colcon_core.shell.bat': Not used on non-Windows systems
[0.734s] INFO:colcon.colcon_core.shell:Skip shell extension 'powershell' for command environment: Not usable outside of PowerShell
[0.734s] DEBUG:colcon.colcon_core.shell:Skip shell extension 'dsv' for command environment
[0.770s] DEBUG:colcon.colcon_core.event_handler.log_command:Invoking command in '/home/konyun/hclidar_ros2_driver/build/hclidar_ros2_driver': CMAKE_PREFIX_PATH=/opt/ros/foxy /usr/bin/cmake --build /home/konyun/hclidar_ros2_driver/build/hclidar_ros2_driver -- -j4 -l4
[9.644s] DEBUG:colcon.colcon_core.event_handler.log_command:Invoked command in '/home/konyun/hclidar_ros2_driver/build/hclidar_ros2_driver' returned '0': CMAKE_PREFIX_PATH=/opt/ros/foxy /usr/bin/cmake --build /home/konyun/hclidar_ros2_driver/build/hclidar_ros2_driver -- -j4 -l4
[9.744s] DEBUG:colcon.colcon_core.event_handler.log_command:Invoking command in '/home/konyun/hclidar_ros2_driver/build/hclidar_ros2_driver': CMAKE_PREFIX_PATH=/opt/ros/foxy /usr/bin/cmake --install /home/konyun/hclidar_ros2_driver/build/hclidar_ros2_driver
[9.812s] Level 1:colcon.colcon_core.environment:create_environment_scripts_only(hclidar_ros2_driver)
[9.818s] DEBUG:colcon.colcon_core.event_handler.log_command:Invoked command in '/home/konyun/hclidar_ros2_driver/build/hclidar_ros2_driver' returned '0': CMAKE_PREFIX_PATH=/opt/ros/foxy /usr/bin/cmake --install /home/konyun/hclidar_ros2_driver/build/hclidar_ros2_driver
[9.829s] Level 1:colcon.colcon_core.environment:checking '/home/konyun/hclidar_ros2_driver/install/hclidar_ros2_driver' for CMake module files
[9.831s] Level 1:colcon.colcon_core.environment:checking '/home/konyun/hclidar_ros2_driver/install/hclidar_ros2_driver' for CMake config files
[9.832s] Level 1:colcon.colcon_core.shell:create_environment_hook('hclidar_ros2_driver', 'cmake_prefix_path')
[9.834s] INFO:colcon.colcon_core.shell:Creating environment hook '/home/konyun/hclidar_ros2_driver/install/hclidar_ros2_driver/share/hclidar_ros2_driver/hook/cmake_prefix_path.ps1'
[9.836s] INFO:colcon.colcon_core.shell:Creating environment descriptor '/home/konyun/hclidar_ros2_driver/install/hclidar_ros2_driver/share/hclidar_ros2_driver/hook/cmake_prefix_path.dsv'
[9.837s] INFO:colcon.colcon_core.shell:Creating environment hook '/home/konyun/hclidar_ros2_driver/install/hclidar_ros2_driver/share/hclidar_ros2_driver/hook/cmake_prefix_path.sh'
[9.841s] Level 1:colcon.colcon_core.environment:checking '/home/konyun/hclidar_ros2_driver/install/hclidar_ros2_driver/lib'
[9.842s] Level 1:colcon.colcon_core.environment:checking '/home/konyun/hclidar_ros2_driver/install/hclidar_ros2_driver/bin'
[9.843s] Level 1:colcon.colcon_core.environment:checking '/home/konyun/hclidar_ros2_driver/install/hclidar_ros2_driver/lib/pkgconfig/hclidar_ros2_driver.pc'
[9.843s] Level 1:colcon.colcon_core.environment:checking '/home/konyun/hclidar_ros2_driver/install/hclidar_ros2_driver/lib/python3.8/site-packages'
[9.843s] Level 1:colcon.colcon_core.environment:checking '/home/konyun/hclidar_ros2_driver/install/hclidar_ros2_driver/bin'
[9.847s] INFO:colcon.colcon_core.shell:Creating package script '/home/konyun/hclidar_ros2_driver/install/hclidar_ros2_driver/share/hclidar_ros2_driver/package.ps1'
[9.850s] INFO:colcon.colcon_core.shell:Creating package descriptor '/home/konyun/hclidar_ros2_driver/install/hclidar_ros2_driver/share/hclidar_ros2_driver/package.dsv'
[9.852s] INFO:colcon.colcon_core.shell:Creating package script '/home/konyun/hclidar_ros2_driver/install/hclidar_ros2_driver/share/hclidar_ros2_driver/package.sh'
[9.856s] INFO:colcon.colcon_core.shell:Creating package script '/home/konyun/hclidar_ros2_driver/install/hclidar_ros2_driver/share/hclidar_ros2_driver/package.bash'
[9.857s] INFO:colcon.colcon_core.shell:Creating package script '/home/konyun/hclidar_ros2_driver/install/hclidar_ros2_driver/share/hclidar_ros2_driver/package.zsh'
[9.860s] Level 1:colcon.colcon_core.environment:create_file_with_runtime_dependencies(/home/konyun/hclidar_ros2_driver/install/hclidar_ros2_driver/share/colcon-core/packages/hclidar_ros2_driver)
[9.959s] Level 1:colcon.colcon_core.environment:create_environment_scripts_only(hclidar_ros2_driver)
[9.968s] Level 1:colcon.colcon_core.environment:checking '/home/konyun/hclidar_ros2_driver/install/hclidar_ros2_driver' for CMake module files
[9.970s] Level 1:colcon.colcon_core.environment:checking '/home/konyun/hclidar_ros2_driver/install/hclidar_ros2_driver' for CMake config files
[9.972s] Level 1:colcon.colcon_core.shell:create_environment_hook('hclidar_ros2_driver', 'cmake_prefix_path')
[9.978s] INFO:colcon.colcon_core.shell:Creating environment hook '/home/konyun/hclidar_ros2_driver/install/hclidar_ros2_driver/share/hclidar_ros2_driver/hook/cmake_prefix_path.ps1'
[9.981s] INFO:colcon.colcon_core.shell:Creating environment descriptor '/home/konyun/hclidar_ros2_driver/install/hclidar_ros2_driver/share/hclidar_ros2_driver/hook/cmake_prefix_path.dsv'
[9.985s] INFO:colcon.colcon_core.shell:Creating environment hook '/home/konyun/hclidar_ros2_driver/install/hclidar_ros2_driver/share/hclidar_ros2_driver/hook/cmake_prefix_path.sh'
[9.988s] Level 1:colcon.colcon_core.environment:checking '/home/konyun/hclidar_ros2_driver/install/hclidar_ros2_driver/lib'
[9.989s] Level 1:colcon.colcon_core.environment:checking '/home/konyun/hclidar_ros2_driver/install/hclidar_ros2_driver/bin'
[9.990s] Level 1:colcon.colcon_core.environment:checking '/home/konyun/hclidar_ros2_driver/install/hclidar_ros2_driver/lib/pkgconfig/hclidar_ros2_driver.pc'
[9.991s] Level 1:colcon.colcon_core.environment:checking '/home/konyun/hclidar_ros2_driver/install/hclidar_ros2_driver/lib/python3.8/site-packages'
[9.992s] Level 1:colcon.colcon_core.environment:checking '/home/konyun/hclidar_ros2_driver/install/hclidar_ros2_driver/bin'
[9.998s] INFO:colcon.colcon_core.shell:Creating package script '/home/konyun/hclidar_ros2_driver/install/hclidar_ros2_driver/share/hclidar_ros2_driver/package.ps1'
[10.007s] INFO:colcon.colcon_core.shell:Creating package descriptor '/home/konyun/hclidar_ros2_driver/install/hclidar_ros2_driver/share/hclidar_ros2_driver/package.dsv'
[10.010s] INFO:colcon.colcon_core.shell:Creating package script '/home/konyun/hclidar_ros2_driver/install/hclidar_ros2_driver/share/hclidar_ros2_driver/package.sh'
[10.012s] INFO:colcon.colcon_core.shell:Creating package script '/home/konyun/hclidar_ros2_driver/install/hclidar_ros2_driver/share/hclidar_ros2_driver/package.bash'
[10.014s] INFO:colcon.colcon_core.shell:Creating package script '/home/konyun/hclidar_ros2_driver/install/hclidar_ros2_driver/share/hclidar_ros2_driver/package.zsh'
[10.016s] Level 1:colcon.colcon_core.environment:create_file_with_runtime_dependencies(/home/konyun/hclidar_ros2_driver/install/hclidar_ros2_driver/share/colcon-core/packages/hclidar_ros2_driver)
[10.017s] DEBUG:colcon.colcon_parallel_executor.executor.parallel:closing loop
[10.019s] DEBUG:colcon.colcon_parallel_executor.executor.parallel:loop closed
[10.022s] DEBUG:colcon.colcon_parallel_executor.executor.parallel:run_until_complete finished with '0'
[10.022s] DEBUG:colcon.colcon_core.event_reactor:joining thread
[10.042s] INFO:colcon.colcon_core.plugin_system:Skipping extension 'colcon_notification.desktop_notification.terminal_notifier': Not used on non-Darwin systems
[10.042s] INFO:colcon.colcon_core.plugin_system:Skipping extension 'colcon_notification.desktop_notification.win32': Not used on non-Windows systems
[10.043s] INFO:colcon.colcon_notification.desktop_notification:Sending desktop notification using 'notify2'
[10.097s] DEBUG:colcon.colcon_core.event_reactor:joined thread
[10.105s] INFO:colcon.colcon_core.shell:Creating prefix script '/home/konyun/hclidar_ros2_driver/install/local_setup.ps1'
[10.110s] INFO:colcon.colcon_core.shell:Creating prefix util module '/home/konyun/hclidar_ros2_driver/install/_local_setup_util_ps1.py'
[10.116s] INFO:colcon.colcon_core.shell:Creating prefix chain script '/home/konyun/hclidar_ros2_driver/install/setup.ps1'
[10.120s] INFO:colcon.colcon_core.shell:Creating prefix script '/home/konyun/hclidar_ros2_driver/install/local_setup.sh'
[10.126s] INFO:colcon.colcon_core.shell:Creating prefix util module '/home/konyun/hclidar_ros2_driver/install/_local_setup_util_sh.py'
[10.130s] INFO:colcon.colcon_core.shell:Creating prefix chain script '/home/konyun/hclidar_ros2_driver/install/setup.sh'
[10.135s] INFO:colcon.colcon_core.shell:Creating prefix script '/home/konyun/hclidar_ros2_driver/install/local_setup.bash'
[10.137s] INFO:colcon.colcon_core.shell:Creating prefix chain script '/home/konyun/hclidar_ros2_driver/install/setup.bash'
[10.146s] INFO:colcon.colcon_core.shell:Creating prefix script '/home/konyun/hclidar_ros2_driver/install/local_setup.zsh'
[10.148s] INFO:colcon.colcon_core.shell:Creating prefix chain script '/home/konyun/hclidar_ros2_driver/install/setup.zsh'
