[0.047s] Invoking command in '/home/konyun/hclidar_ros2_driver/build/hclidar_driver_ros2': CMAKE_PREFIX_PATH=${CMAKE_PREFIX_PATH}:/opt/ros/foxy /usr/bin/cmake --build /home/konyun/hclidar_ros2_driver/build/hclidar_driver_ros2 -- -j4 -l4
[0.202s] [ 77%] Built target lidar
[0.299s] [100%] Built target hclidar_driver_ros2_node
[0.345s] Invoked command in '/home/konyun/hclidar_ros2_driver/build/hclidar_driver_ros2' returned '0': CMAKE_PREFIX_PATH=${CMAKE_PREFIX_PATH}:/opt/ros/foxy /usr/bin/cmake --build /home/konyun/hclidar_ros2_driver/build/hclidar_driver_ros2 -- -j4 -l4
[0.465s] Invoking command in '/home/konyun/hclidar_ros2_driver/build/hclidar_driver_ros2': CMAKE_PREFIX_PATH=${CMAKE_PREFIX_PATH}:/opt/ros/foxy /usr/bin/cmake --install /home/konyun/hclidar_ros2_driver/build/hclidar_driver_ros2
[0.487s] -- Install configuration: ""
[0.488s] -- Execute custom install script
[0.490s] -- Up-to-date symlink: /home/konyun/hclidar_ros2_driver/install/hclidar_driver_ros2/lib/hclidar_driver_ros2/hclidar_driver_ros2_node
[0.491s] -- Up-to-date symlink: /home/konyun/hclidar_ros2_driver/install/hclidar_driver_ros2/share/hclidar_driver_ros2/launch/hclidar.py
[0.492s] -- Up-to-date symlink: /home/konyun/hclidar_ros2_driver/install/hclidar_driver_ros2/share/hclidar_driver_ros2/launch/hclidar_launch.py
[0.492s] -- Symlinking: /home/konyun/hclidar_ros2_driver/install/hclidar_driver_ros2/share/hclidar_driver_ros2/launch/hclidar_launch_rviz.py
[0.520s] -- Up-to-date symlink: /home/konyun/hclidar_ros2_driver/install/hclidar_driver_ros2/share/hclidar_driver_ros2/params/hclidar.yaml
[0.521s] -- Up-to-date symlink: /home/konyun/hclidar_ros2_driver/install/hclidar_driver_ros2/share/ament_index/resource_index/package_run_dependencies/hclidar_driver_ros2
[0.522s] -- Up-to-date symlink: /home/konyun/hclidar_ros2_driver/install/hclidar_driver_ros2/share/ament_index/resource_index/parent_prefix_path/hclidar_driver_ros2
[0.522s] -- Up-to-date symlink: /home/konyun/hclidar_ros2_driver/install/hclidar_driver_ros2/share/hclidar_driver_ros2/environment/ament_prefix_path.sh
[0.523s] -- Up-to-date symlink: /home/konyun/hclidar_ros2_driver/install/hclidar_driver_ros2/share/hclidar_driver_ros2/environment/ament_prefix_path.dsv
[0.524s] -- Up-to-date symlink: /home/konyun/hclidar_ros2_driver/install/hclidar_driver_ros2/share/hclidar_driver_ros2/environment/path.sh
[0.524s] -- Up-to-date symlink: /home/konyun/hclidar_ros2_driver/install/hclidar_driver_ros2/share/hclidar_driver_ros2/environment/path.dsv
[0.525s] -- Up-to-date symlink: /home/konyun/hclidar_ros2_driver/install/hclidar_driver_ros2/share/hclidar_driver_ros2/local_setup.bash
[0.527s] -- Up-to-date symlink: /home/konyun/hclidar_ros2_driver/install/hclidar_driver_ros2/share/hclidar_driver_ros2/local_setup.sh
[0.528s] -- Up-to-date symlink: /home/konyun/hclidar_ros2_driver/install/hclidar_driver_ros2/share/hclidar_driver_ros2/local_setup.zsh
[0.528s] -- Up-to-date symlink: /home/konyun/hclidar_ros2_driver/install/hclidar_driver_ros2/share/hclidar_driver_ros2/local_setup.dsv
[0.528s] -- Symlinking: /home/konyun/hclidar_ros2_driver/install/hclidar_driver_ros2/share/hclidar_driver_ros2/package.dsv
[0.555s] -- Up-to-date symlink: /home/konyun/hclidar_ros2_driver/install/hclidar_driver_ros2/share/ament_index/resource_index/packages/hclidar_driver_ros2
[0.555s] -- Up-to-date symlink: /home/konyun/hclidar_ros2_driver/install/hclidar_driver_ros2/share/hclidar_driver_ros2/cmake/hclidar_driver_ros2Config.cmake
[0.556s] -- Up-to-date symlink: /home/konyun/hclidar_ros2_driver/install/hclidar_driver_ros2/share/hclidar_driver_ros2/cmake/hclidar_driver_ros2Config-version.cmake
[0.556s] -- Up-to-date symlink: /home/konyun/hclidar_ros2_driver/install/hclidar_driver_ros2/share/hclidar_driver_ros2/package.xml
[0.567s] Invoked command in '/home/konyun/hclidar_ros2_driver/build/hclidar_driver_ros2' returned '0': CMAKE_PREFIX_PATH=${CMAKE_PREFIX_PATH}:/opt/ros/foxy /usr/bin/cmake --install /home/konyun/hclidar_ros2_driver/build/hclidar_driver_ros2
